2014-01-22T12:27:00+01:00 WARNING mem(real/peak):33.03MB/32.63MB ===> MANUAL EXECUTION: Process '845' was started manually, not by CRON job...
2014-01-22T12:27:00+01:00 INFO mem(real/peak):33.03MB/32.65MB ===> Schedule '845' has been already processed or does not exists.
2014-01-22T12:27:06+01:00 WARNING mem(real/peak):32.77MB/32.48MB ===> MANUAL EXECUTION: Process '845' was started manually, not by CRON job...
2014-01-22T12:27:06+01:00 INFO mem(real/peak):32.77MB/32.50MB ===> ====================== BEGIN (schedule id = 845) ==================
2014-01-22T12:27:06+01:00 INFO mem(real/peak):33.03MB/32.57MB ===> Schedule '845' has been executed.
2014-01-22T12:27:06+01:00 INFO mem(real/peak):33.03MB/32.60MB ===> Report for schedule '845' was saved.
2014-01-22T12:27:06+01:00 INFO mem(real/peak):33.03MB/32.63MB ===> Processing connection 'rakutenTEST'...
2014-01-22T12:27:06+01:00 INFO mem(real/peak):33.03MB/32.63MB ===> Destination: shop
2014-01-22T12:27:06+01:00 INFO mem(real/peak):33.03MB/32.63MB ===> Source input passing to 'Gateway\Handler\Erp\Rakuten\XML\Reader\Products' input.
2014-01-22T12:27:24+01:00 WARNING mem(real/peak):32.77MB/32.48MB ===> MANUAL EXECUTION: Process '845' was started manually, not by CRON job...
2014-01-22T12:27:24+01:00 INFO mem(real/peak):32.77MB/32.50MB ===> Schedule '845' has been already processed or does not exists.
2014-01-22T12:27:29+01:00 WARNING mem(real/peak):32.77MB/32.48MB ===> MANUAL EXECUTION: Process '845' was started manually, not by CRON job...
2014-01-22T12:27:29+01:00 INFO mem(real/peak):33.03MB/32.50MB ===> ====================== BEGIN (schedule id = 845) ==================
2014-01-22T12:27:29+01:00 INFO mem(real/peak):33.03MB/32.57MB ===> Schedule '845' has been executed.
2014-01-22T12:27:29+01:00 INFO mem(real/peak):33.03MB/32.60MB ===> Report for schedule '845' was saved.
2014-01-22T12:27:29+01:00 INFO mem(real/peak):33.03MB/32.63MB ===> Processing connection 'rakutenTEST'...
2014-01-22T12:27:29+01:00 INFO mem(real/peak):33.03MB/32.63MB ===> Destination: shop
2014-01-22T12:27:29+01:00 INFO mem(real/peak):33.03MB/32.63MB ===> Source input passing to 'Gateway\Handler\Erp\Rakuten\XML\Reader\Products' input.
2014-01-22T12:27:50+01:00 WARNING mem(real/peak):32.77MB/32.48MB ===> MANUAL EXECUTION: Process '845' was started manually, not by CRON job...
2014-01-22T12:27:50+01:00 INFO mem(real/peak):33.03MB/32.50MB ===> Schedule '845' has been already processed or does not exists.
2014-01-22T12:27:55+01:00 WARNING mem(real/peak):32.77MB/32.48MB ===> MANUAL EXECUTION: Process '845' was started manually, not by CRON job...
2014-01-22T12:27:55+01:00 INFO mem(real/peak):33.03MB/32.50MB ===> ====================== BEGIN (schedule id = 845) ==================
2014-01-22T12:27:55+01:00 INFO mem(real/peak):33.03MB/32.57MB ===> Schedule '845' has been executed.
2014-01-22T12:27:55+01:00 INFO mem(real/peak):33.03MB/32.60MB ===> Report for schedule '845' was saved.
2014-01-22T12:27:55+01:00 INFO mem(real/peak):33.03MB/32.63MB ===> Processing connection 'rakutenTEST'...
2014-01-22T12:27:55+01:00 INFO mem(real/peak):33.03MB/32.63MB ===> Destination: shop
2014-01-22T12:27:55+01:00 INFO mem(real/peak):33.03MB/32.63MB ===> Source input passing to 'Gateway\Handler\Erp\Rakuten\XML\Reader\Products' input.
2014-01-22T12:32:21+01:00 WARNING mem(real/peak):32.77MB/32.49MB ===> MANUAL EXECUTION: Process '845' was started manually, not by CRON job...
2014-01-22T12:32:21+01:00 INFO mem(real/peak):33.03MB/32.50MB ===> Schedule '845' has been already processed or does not exists.
2014-01-22T12:32:26+01:00 WARNING mem(real/peak):32.77MB/32.49MB ===> MANUAL EXECUTION: Process '845' was started manually, not by CRON job...
2014-01-22T12:32:26+01:00 INFO mem(real/peak):33.03MB/32.51MB ===> ====================== BEGIN (schedule id = 845) ==================
2014-01-22T12:32:26+01:00 INFO mem(real/peak):33.03MB/32.57MB ===> Schedule '845' has been executed.
2014-01-22T12:32:26+01:00 INFO mem(real/peak):33.03MB/32.60MB ===> Report for schedule '845' was saved.
2014-01-22T12:32:26+01:00 INFO mem(real/peak):33.03MB/32.64MB ===> Processing connection 'rakutenTEST'...
2014-01-22T12:32:26+01:00 INFO mem(real/peak):33.03MB/32.64MB ===> Destination: shop
2014-01-22T12:32:26+01:00 INFO mem(real/peak):33.03MB/32.64MB ===> Source input passing to 'Gateway\Handler\Erp\Rakuten\XML\Reader\Products' input.
2014-01-22T12:38:33+01:00 WARNING mem(real/peak):32.77MB/32.49MB ===> MANUAL EXECUTION: Process '845' was started manually, not by CRON job...
2014-01-22T12:38:33+01:00 INFO mem(real/peak):33.03MB/32.51MB ===> Schedule '845' has been already processed or does not exists.
2014-01-22T12:38:43+01:00 WARNING mem(real/peak):32.77MB/32.49MB ===> MANUAL EXECUTION: Process '844' was started manually, not by CRON job...
2014-01-22T12:38:43+01:00 INFO mem(real/peak):33.03MB/32.51MB ===> ====================== BEGIN (schedule id = 844) ==================
2014-01-22T12:38:43+01:00 INFO mem(real/peak):33.03MB/32.52MB ===> Schedule '844' has been executed.
2014-01-22T12:38:43+01:00 INFO mem(real/peak):33.03MB/32.55MB ===> Report for schedule '844' was saved.
2014-01-22T12:38:43+01:00 INFO mem(real/peak):35.13MB/34.66MB ===> Processing connection 'rakutenTEST'...
2014-01-22T12:38:43+01:00 INFO mem(real/peak):35.13MB/34.66MB ===> Destination: shop
2014-01-22T12:38:43+01:00 INFO mem(real/peak):35.13MB/34.66MB ===> Source input passing to 'Gateway\Handler\Erp\Rakuten\XML\Reader\Products' input.
