2014-01-18T22:01:19+01:00 WARNING mem(real/peak):32.77MB/32.37MB ===> MANUAL EXECUTION: Process '844' was started manually, not by CRON job...
2014-01-18T22:01:19+01:00 INFO mem(real/peak):32.77MB/32.39MB ===> Schedule '844' has been already processed or does not exists.
2014-01-18T22:01:27+01:00 WARNING mem(real/peak):32.77MB/32.38MB ===> MANUAL EXECUTION: Process '844' was started manually, not by CRON job...
2014-01-18T22:01:27+01:00 INFO mem(real/peak):32.77MB/32.39MB ===> ====================== BEGIN (schedule id = 844) ==================
2014-01-18T22:01:27+01:00 INFO mem(real/peak):32.77MB/32.40MB ===> Schedule '844' has been executed.
2014-01-18T22:01:27+01:00 INFO mem(real/peak):32.77MB/32.43MB ===> Report for schedule '844' was saved.
2014-01-18T22:01:27+01:00 INFO mem(real/peak):34.87MB/34.55MB ===> Processing connection 'rakutenTEST'...
2014-01-18T22:01:27+01:00 INFO mem(real/peak):34.87MB/34.55MB ===> Destination: shop
2014-01-18T22:01:27+01:00 INFO mem(real/peak):34.87MB/34.55MB ===> Source input passing to 'Gateway\Handler\Erp\Rakuten\XML\Reader\Products' input.
2014-01-18T22:01:31+01:00 INFO mem(real/peak):37.22MB/37.71MB ===> Passing processed datasource from 'Gateway\Handler\Erp\Rakuten\XML\Reader\Products' to 'Gateway\Handler\Shop\Rakuten\API\Writer\Products' writer.
2014-01-18T22:01:31+01:00 INFO mem(real/peak):37.22MB/37.71MB ===> Executing writer process...
2014-01-18T22:01:48+01:00 WARNING mem(real/peak):32.77MB/32.37MB ===> MANUAL EXECUTION: Process '844' was started manually, not by CRON job...
2014-01-18T22:01:48+01:00 INFO mem(real/peak):32.77MB/32.39MB ===> Schedule '844' has been already processed or does not exists.
2014-01-18T22:02:44+01:00 WARNING mem(real/peak):32.77MB/32.38MB ===> MANUAL EXECUTION: Process '844' was started manually, not by CRON job...
2014-01-18T22:02:44+01:00 INFO mem(real/peak):32.77MB/32.39MB ===> ====================== BEGIN (schedule id = 844) ==================
2014-01-18T22:02:44+01:00 INFO mem(real/peak):32.77MB/32.40MB ===> Schedule '844' has been executed.
2014-01-18T22:02:44+01:00 INFO mem(real/peak):32.77MB/32.43MB ===> Report for schedule '844' was saved.
2014-01-18T22:02:44+01:00 INFO mem(real/peak):34.87MB/34.55MB ===> Processing connection 'rakutenTEST'...
2014-01-18T22:02:44+01:00 INFO mem(real/peak):34.87MB/34.55MB ===> Destination: shop
2014-01-18T22:02:44+01:00 INFO mem(real/peak):34.87MB/34.55MB ===> Source input passing to 'Gateway\Handler\Erp\Rakuten\XML\Reader\Products' input.
2014-01-18T22:02:48+01:00 INFO mem(real/peak):37.22MB/37.70MB ===> Passing processed datasource from 'Gateway\Handler\Erp\Rakuten\XML\Reader\Products' to 'Gateway\Handler\Shop\Rakuten\API\Writer\Products' writer.
2014-01-18T22:02:48+01:00 INFO mem(real/peak):37.22MB/37.70MB ===> Executing writer process...
2014-01-18T22:04:08+01:00 WARNING mem(real/peak):32.77MB/32.38MB ===> MANUAL EXECUTION: Process '844' was started manually, not by CRON job...
2014-01-18T22:04:08+01:00 INFO mem(real/peak):32.77MB/32.39MB ===> Schedule '844' has been already processed or does not exists.
2014-01-18T22:04:11+01:00 INFO mem(real/peak):25.43MB/25.01MB ===> Schedule 844 was force finished.
2014-01-18T22:04:16+01:00 WARNING mem(real/peak):32.77MB/32.38MB ===> MANUAL EXECUTION: Process '844' was started manually, not by CRON job...
2014-01-18T22:04:16+01:00 INFO mem(real/peak):32.77MB/32.40MB ===> ====================== BEGIN (schedule id = 844) ==================
2014-01-18T22:04:16+01:00 INFO mem(real/peak):32.77MB/32.41MB ===> Schedule '844' has been executed.
2014-01-18T22:04:16+01:00 INFO mem(real/peak):32.77MB/32.44MB ===> Report for schedule '844' was saved.
2014-01-18T22:04:16+01:00 INFO mem(real/peak):34.87MB/34.55MB ===> Processing connection 'rakutenTEST'...
2014-01-18T22:04:16+01:00 INFO mem(real/peak):34.87MB/34.55MB ===> Destination: shop
2014-01-18T22:04:16+01:00 INFO mem(real/peak):34.87MB/34.55MB ===> Source input passing to 'Gateway\Handler\Erp\Rakuten\XML\Reader\Products' input.
2014-01-18T22:04:20+01:00 INFO mem(real/peak):37.22MB/37.70MB ===> Passing processed datasource from 'Gateway\Handler\Erp\Rakuten\XML\Reader\Products' to 'Gateway\Handler\Shop\Rakuten\API\Writer\Products' writer.
2014-01-18T22:04:20+01:00 INFO mem(real/peak):37.22MB/37.70MB ===> Executing writer process...
2014-01-18T22:07:11+01:00 WARNING mem(real/peak):32.77MB/32.38MB ===> MANUAL EXECUTION: Process '844' was started manually, not by CRON job...
2014-01-18T22:07:11+01:00 INFO mem(real/peak):32.77MB/32.40MB ===> Schedule '844' has been already processed or does not exists.
2014-01-18T22:07:21+01:00 WARNING mem(real/peak):32.77MB/32.38MB ===> MANUAL EXECUTION: Process '844' was started manually, not by CRON job...
2014-01-18T22:07:21+01:00 INFO mem(real/peak):32.77MB/32.40MB ===> ====================== BEGIN (schedule id = 844) ==================
2014-01-18T22:07:21+01:00 INFO mem(real/peak):32.77MB/32.41MB ===> Schedule '844' has been executed.
2014-01-18T22:07:21+01:00 INFO mem(real/peak):32.77MB/32.44MB ===> Report for schedule '844' was saved.
2014-01-18T22:07:21+01:00 INFO mem(real/peak):34.87MB/34.55MB ===> Processing connection 'rakutenTEST'...
2014-01-18T22:07:21+01:00 INFO mem(real/peak):34.87MB/34.55MB ===> Destination: shop
2014-01-18T22:07:21+01:00 INFO mem(real/peak):34.87MB/34.55MB ===> Source input passing to 'Gateway\Handler\Erp\Rakuten\XML\Reader\Products' input.
2014-01-18T22:07:25+01:00 INFO mem(real/peak):36.96MB/37.70MB ===> Passing processed datasource from 'Gateway\Handler\Erp\Rakuten\XML\Reader\Products' to 'Gateway\Handler\Shop\Rakuten\API\Writer\Products' writer.
2014-01-18T22:07:25+01:00 INFO mem(real/peak):36.96MB/37.70MB ===> Executing writer process...
2014-01-18T22:07:47+01:00 WARNING mem(real/peak):32.77MB/32.38MB ===> MANUAL EXECUTION: Process '844' was started manually, not by CRON job...
2014-01-18T22:07:47+01:00 INFO mem(real/peak):32.77MB/32.40MB ===> Schedule '844' has been already processed or does not exists.
2014-01-18T22:07:49+01:00 INFO mem(real/peak):25.43MB/25.02MB ===> Schedule 844 was force finished.
2014-01-18T22:07:52+01:00 WARNING mem(real/peak):32.77MB/32.39MB ===> MANUAL EXECUTION: Process '844' was started manually, not by CRON job...
2014-01-18T22:07:52+01:00 INFO mem(real/peak):32.77MB/32.41MB ===> ====================== BEGIN (schedule id = 844) ==================
2014-01-18T22:07:52+01:00 INFO mem(real/peak):32.77MB/32.42MB ===> Schedule '844' has been executed.
2014-01-18T22:07:52+01:00 INFO mem(real/peak):32.77MB/32.45MB ===> Report for schedule '844' was saved.
2014-01-18T22:07:52+01:00 INFO mem(real/peak):34.87MB/34.56MB ===> Processing connection 'rakutenTEST'...
2014-01-18T22:07:52+01:00 INFO mem(real/peak):34.87MB/34.56MB ===> Destination: shop
2014-01-18T22:07:52+01:00 INFO mem(real/peak):34.87MB/34.56MB ===> Source input passing to 'Gateway\Handler\Erp\Rakuten\XML\Reader\Products' input.
2014-01-18T22:07:56+01:00 INFO mem(real/peak):37.22MB/37.68MB ===> Passing processed datasource from 'Gateway\Handler\Erp\Rakuten\XML\Reader\Products' to 'Gateway\Handler\Shop\Rakuten\API\Writer\Products' writer.
2014-01-18T22:07:56+01:00 INFO mem(real/peak):37.22MB/37.68MB ===> Executing writer process...
2014-01-18T22:09:53+01:00 WARNING mem(real/peak):32.77MB/32.38MB ===> MANUAL EXECUTION: Process '844' was started manually, not by CRON job...
2014-01-18T22:09:53+01:00 INFO mem(real/peak):32.77MB/32.40MB ===> Schedule '844' has been already processed or does not exists.
2014-01-18T22:09:59+01:00 WARNING mem(real/peak):32.77MB/32.39MB ===> MANUAL EXECUTION: Process '844' was started manually, not by CRON job...
2014-01-18T22:09:59+01:00 INFO mem(real/peak):32.77MB/32.40MB ===> ====================== BEGIN (schedule id = 844) ==================
2014-01-18T22:09:59+01:00 INFO mem(real/peak):32.77MB/32.41MB ===> Schedule '844' has been executed.
2014-01-18T22:09:59+01:00 INFO mem(real/peak):32.77MB/32.44MB ===> Report for schedule '844' was saved.
2014-01-18T22:09:59+01:00 INFO mem(real/peak):34.87MB/34.56MB ===> Processing connection 'rakutenTEST'...
2014-01-18T22:09:59+01:00 INFO mem(real/peak):34.87MB/34.56MB ===> Destination: shop
2014-01-18T22:09:59+01:00 INFO mem(real/peak):34.87MB/34.56MB ===> Source input passing to 'Gateway\Handler\Erp\Rakuten\XML\Reader\Products' input.
2014-01-18T22:10:03+01:00 INFO mem(real/peak):36.96MB/37.69MB ===> Passing processed datasource from 'Gateway\Handler\Erp\Rakuten\XML\Reader\Products' to 'Gateway\Handler\Shop\Rakuten\API\Writer\Products' writer.
2014-01-18T22:10:03+01:00 INFO mem(real/peak):36.96MB/37.69MB ===> Executing writer process...
2014-01-18T22:13:18+01:00 WARNING mem(real/peak):32.77MB/32.38MB ===> MANUAL EXECUTION: Process '844' was started manually, not by CRON job...
2014-01-18T22:13:18+01:00 INFO mem(real/peak):32.77MB/32.40MB ===> Schedule '844' has been already processed or does not exists.
2014-01-18T22:13:20+01:00 INFO mem(real/peak):25.43MB/25.02MB ===> Schedule 844 was force finished.
2014-01-18T22:13:25+01:00 WARNING mem(real/peak):32.77MB/32.39MB ===> MANUAL EXECUTION: Process '844' was started manually, not by CRON job...
2014-01-18T22:13:25+01:00 INFO mem(real/peak):32.77MB/32.40MB ===> ====================== BEGIN (schedule id = 844) ==================
2014-01-18T22:13:25+01:00 INFO mem(real/peak):32.77MB/32.41MB ===> Schedule '844' has been executed.
2014-01-18T22:13:25+01:00 INFO mem(real/peak):32.77MB/32.44MB ===> Report for schedule '844' was saved.
2014-01-18T22:13:25+01:00 INFO mem(real/peak):34.87MB/34.56MB ===> Processing connection 'rakutenTEST'...
2014-01-18T22:13:25+01:00 INFO mem(real/peak):34.87MB/34.56MB ===> Destination: shop
2014-01-18T22:13:25+01:00 INFO mem(real/peak):34.87MB/34.56MB ===> Source input passing to 'Gateway\Handler\Erp\Rakuten\XML\Reader\Products' input.
2014-01-18T22:13:29+01:00 INFO mem(real/peak):37.22MB/37.67MB ===> Passing processed datasource from 'Gateway\Handler\Erp\Rakuten\XML\Reader\Products' to 'Gateway\Handler\Shop\Rakuten\API\Writer\Products' writer.
2014-01-18T22:13:29+01:00 INFO mem(real/peak):37.22MB/37.67MB ===> Executing writer process...
2014-01-18T22:13:45+01:00 WARNING mem(real/peak):32.77MB/32.38MB ===> MANUAL EXECUTION: Process '844' was started manually, not by CRON job...
2014-01-18T22:13:45+01:00 INFO mem(real/peak):32.77MB/32.40MB ===> Schedule '844' has been already processed or does not exists.
2014-01-18T22:13:51+01:00 WARNING mem(real/peak):32.77MB/32.38MB ===> MANUAL EXECUTION: Process '844' was started manually, not by CRON job...
2014-01-18T22:13:51+01:00 INFO mem(real/peak):32.77MB/32.40MB ===> Schedule '844' has been already processed or does not exists.
2014-01-18T22:14:51+01:00 WARNING mem(real/peak):32.77MB/32.39MB ===> MANUAL EXECUTION: Process '844' was started manually, not by CRON job...
2014-01-18T22:14:51+01:00 INFO mem(real/peak):32.77MB/32.41MB ===> ====================== BEGIN (schedule id = 844) ==================
2014-01-18T22:14:51+01:00 INFO mem(real/peak):32.77MB/32.42MB ===> Schedule '844' has been executed.
2014-01-18T22:14:51+01:00 INFO mem(real/peak):32.77MB/32.45MB ===> Report for schedule '844' was saved.
2014-01-18T22:14:51+01:00 INFO mem(real/peak):34.87MB/34.57MB ===> Processing connection 'rakutenTEST'...
2014-01-18T22:14:51+01:00 INFO mem(real/peak):34.87MB/34.57MB ===> Destination: shop
2014-01-18T22:14:51+01:00 INFO mem(real/peak):34.87MB/34.57MB ===> Source input passing to 'Gateway\Handler\Erp\Rakuten\XML\Reader\Products' input.
2014-01-18T22:14:55+01:00 INFO mem(real/peak):37.22MB/37.68MB ===> Passing processed datasource from 'Gateway\Handler\Erp\Rakuten\XML\Reader\Products' to 'Gateway\Handler\Shop\Rakuten\API\Writer\Products' writer.
2014-01-18T22:14:55+01:00 INFO mem(real/peak):37.22MB/37.68MB ===> Executing writer process...
2014-01-18T22:15:19+01:00 WARNING mem(real/peak):32.77MB/32.39MB ===> MANUAL EXECUTION: Process '844' was started manually, not by CRON job...
2014-01-18T22:15:19+01:00 INFO mem(real/peak):32.77MB/32.41MB ===> Schedule '844' has been already processed or does not exists.
2014-01-18T22:15:25+01:00 WARNING mem(real/peak):32.77MB/32.39MB ===> MANUAL EXECUTION: Process '844' was started manually, not by CRON job...
2014-01-18T22:15:25+01:00 INFO mem(real/peak):32.77MB/32.41MB ===> ====================== BEGIN (schedule id = 844) ==================
2014-01-18T22:15:25+01:00 INFO mem(real/peak):32.77MB/32.42MB ===> Schedule '844' has been executed.
2014-01-18T22:15:26+01:00 INFO mem(real/peak):32.77MB/32.45MB ===> Report for schedule '844' was saved.
2014-01-18T22:15:26+01:00 INFO mem(real/peak):34.87MB/34.57MB ===> Processing connection 'rakutenTEST'...
2014-01-18T22:15:26+01:00 INFO mem(real/peak):34.87MB/34.57MB ===> Destination: shop
2014-01-18T22:15:26+01:00 INFO mem(real/peak):34.87MB/34.57MB ===> Source input passing to 'Gateway\Handler\Erp\Rakuten\XML\Reader\Products' input.
2014-01-18T22:15:30+01:00 INFO mem(real/peak):36.96MB/37.67MB ===> Passing processed datasource from 'Gateway\Handler\Erp\Rakuten\XML\Reader\Products' to 'Gateway\Handler\Shop\Rakuten\API\Writer\Products' writer.
2014-01-18T22:15:30+01:00 INFO mem(real/peak):36.96MB/37.67MB ===> Executing writer process...
2014-01-18T22:18:24+01:00 WARNING mem(real/peak):32.77MB/32.39MB ===> MANUAL EXECUTION: Process '844' was started manually, not by CRON job...
2014-01-18T22:18:24+01:00 INFO mem(real/peak):32.77MB/32.41MB ===> Schedule '844' has been already processed or does not exists.
2014-01-18T22:18:29+01:00 WARNING mem(real/peak):32.77MB/32.40MB ===> MANUAL EXECUTION: Process '844' was started manually, not by CRON job...
2014-01-18T22:18:29+01:00 INFO mem(real/peak):32.77MB/32.41MB ===> ====================== BEGIN (schedule id = 844) ==================
2014-01-18T22:18:29+01:00 INFO mem(real/peak):32.77MB/32.42MB ===> Schedule '844' has been executed.
2014-01-18T22:18:29+01:00 INFO mem(real/peak):32.77MB/32.45MB ===> Report for schedule '844' was saved.
2014-01-18T22:18:29+01:00 INFO mem(real/peak):34.87MB/34.57MB ===> Processing connection 'rakutenTEST'...
2014-01-18T22:18:29+01:00 INFO mem(real/peak):34.87MB/34.57MB ===> Destination: shop
2014-01-18T22:18:29+01:00 INFO mem(real/peak):34.87MB/34.57MB ===> Source input passing to 'Gateway\Handler\Erp\Rakuten\XML\Reader\Products' input.
2014-01-18T22:18:34+01:00 INFO mem(real/peak):36.96MB/37.67MB ===> Passing processed datasource from 'Gateway\Handler\Erp\Rakuten\XML\Reader\Products' to 'Gateway\Handler\Shop\Rakuten\API\Writer\Products' writer.
2014-01-18T22:18:34+01:00 INFO mem(real/peak):36.96MB/37.67MB ===> Executing writer process...
