2014-01-20T14:02:57+01:00 WARNING mem(real/peak):33.29MB/33.00MB ===> MANUAL EXECUTION: Process '844' was started manually, not by CRON job...
2014-01-20T14:02:57+01:00 INFO mem(real/peak):33.29MB/33.00MB ===> Schedule '844' has been already processed or does not exists.
2014-01-20T14:03:02+01:00 WARNING mem(real/peak):33.29MB/33.01MB ===> MANUAL EXECUTION: Process '844' was started manually, not by CRON job...
2014-01-20T14:03:02+01:00 INFO mem(real/peak):33.29MB/33.01MB ===> ====================== BEGIN (schedule id = 844) ==================
2014-01-20T14:03:02+01:00 INFO mem(real/peak):33.29MB/33.01MB ===> Schedule '844' has been executed.
2014-01-20T14:03:03+01:00 INFO mem(real/peak):33.29MB/33.01MB ===> Report for schedule '844' was saved.
2014-01-20T14:03:03+01:00 INFO mem(real/peak):35.39MB/34.85MB ===> Processing connection 'rakutenTEST'...
2014-01-20T14:03:03+01:00 INFO mem(real/peak):35.39MB/34.85MB ===> Destination: shop
2014-01-20T14:03:03+01:00 INFO mem(real/peak):35.39MB/34.85MB ===> Source input passing to 'Gateway\Handler\Erp\Rakuten\XML\Reader\Products' input.
2014-01-20T14:03:18+01:00 WARNING mem(real/peak):32.77MB/32.41MB ===> MANUAL EXECUTION: Process '844' was started manually, not by CRON job...
2014-01-20T14:03:18+01:00 INFO mem(real/peak):32.77MB/32.43MB ===> ====================== BEGIN (schedule id = 844) ==================
2014-01-20T14:03:18+01:00 INFO mem(real/peak):32.77MB/32.44MB ===> Schedule '844' has been executed.
2014-01-20T14:03:18+01:00 INFO mem(real/peak):32.77MB/32.48MB ===> Report for schedule '844' was saved.
2014-01-20T14:03:18+01:00 INFO mem(real/peak):35.13MB/34.59MB ===> Processing connection 'rakutenTEST'...
2014-01-20T14:03:18+01:00 INFO mem(real/peak):35.13MB/34.59MB ===> Destination: shop
2014-01-20T14:03:18+01:00 INFO mem(real/peak):35.13MB/34.59MB ===> Source input passing to 'Gateway\Handler\Erp\Rakuten\XML\Reader\Products' input.
2014-01-20T14:04:00+01:00 WARNING mem(real/peak):32.77MB/32.41MB ===> MANUAL EXECUTION: Process '844' was started manually, not by CRON job...
2014-01-20T14:04:00+01:00 INFO mem(real/peak):32.77MB/32.42MB ===> Schedule '844' has been already processed or does not exists.
2014-01-20T14:04:04+01:00 WARNING mem(real/peak):32.77MB/32.42MB ===> MANUAL EXECUTION: Process '844' was started manually, not by CRON job...
2014-01-20T14:04:04+01:00 INFO mem(real/peak):32.77MB/32.43MB ===> ====================== BEGIN (schedule id = 844) ==================
2014-01-20T14:04:04+01:00 INFO mem(real/peak):32.77MB/32.44MB ===> Schedule '844' has been executed.
2014-01-20T14:04:04+01:00 INFO mem(real/peak):32.77MB/32.48MB ===> Report for schedule '844' was saved.
2014-01-20T14:04:04+01:00 INFO mem(real/peak):35.13MB/34.59MB ===> Processing connection 'rakutenTEST'...
2014-01-20T14:04:04+01:00 INFO mem(real/peak):35.13MB/34.59MB ===> Destination: shop
2014-01-20T14:04:04+01:00 INFO mem(real/peak):35.13MB/34.59MB ===> Source input passing to 'Gateway\Handler\Erp\Rakuten\XML\Reader\Products' input.
2014-01-20T14:05:12+01:00 WARNING mem(real/peak):32.77MB/32.42MB ===> MANUAL EXECUTION: Process '844' was started manually, not by CRON job...
2014-01-20T14:05:12+01:00 INFO mem(real/peak):32.77MB/32.43MB ===> Schedule '844' has been already processed or does not exists.
2014-01-20T14:05:16+01:00 WARNING mem(real/peak):32.77MB/32.42MB ===> MANUAL EXECUTION: Process '844' was started manually, not by CRON job...
2014-01-20T14:05:16+01:00 INFO mem(real/peak):32.77MB/32.44MB ===> ====================== BEGIN (schedule id = 844) ==================
2014-01-20T14:05:16+01:00 INFO mem(real/peak):32.77MB/32.45MB ===> Schedule '844' has been executed.
2014-01-20T14:05:16+01:00 INFO mem(real/peak):32.77MB/32.48MB ===> Report for schedule '844' was saved.
2014-01-20T14:05:16+01:00 INFO mem(real/peak):35.13MB/34.59MB ===> Processing connection 'rakutenTEST'...
2014-01-20T14:05:16+01:00 INFO mem(real/peak):35.13MB/34.59MB ===> Destination: shop
2014-01-20T14:05:16+01:00 INFO mem(real/peak):35.13MB/34.59MB ===> Source input passing to 'Gateway\Handler\Erp\Rakuten\XML\Reader\Products' input.
2014-01-20T14:07:27+01:00 WARNING mem(real/peak):32.77MB/32.42MB ===> MANUAL EXECUTION: Process '844' was started manually, not by CRON job...
2014-01-20T14:07:27+01:00 INFO mem(real/peak):32.77MB/32.43MB ===> Schedule '844' has been already processed or does not exists.
2014-01-20T14:07:32+01:00 WARNING mem(real/peak):32.77MB/32.42MB ===> MANUAL EXECUTION: Process '844' was started manually, not by CRON job...
2014-01-20T14:07:32+01:00 INFO mem(real/peak):32.77MB/32.44MB ===> ====================== BEGIN (schedule id = 844) ==================
2014-01-20T14:07:32+01:00 INFO mem(real/peak):32.77MB/32.45MB ===> Schedule '844' has been executed.
2014-01-20T14:07:32+01:00 INFO mem(real/peak):32.77MB/32.48MB ===> Report for schedule '844' was saved.
2014-01-20T14:07:32+01:00 INFO mem(real/peak):35.13MB/34.59MB ===> Processing connection 'rakutenTEST'...
2014-01-20T14:07:32+01:00 INFO mem(real/peak):35.13MB/34.59MB ===> Destination: shop
2014-01-20T14:07:32+01:00 INFO mem(real/peak):35.13MB/34.59MB ===> Source input passing to 'Gateway\Handler\Erp\Rakuten\XML\Reader\Products' input.
2014-01-20T14:08:15+01:00 WARNING mem(real/peak):32.77MB/32.42MB ===> MANUAL EXECUTION: Process '844' was started manually, not by CRON job...
2014-01-20T14:08:15+01:00 INFO mem(real/peak):32.77MB/32.44MB ===> Schedule '844' has been already processed or does not exists.
2014-01-20T14:08:22+01:00 WARNING mem(real/peak):32.77MB/32.42MB ===> MANUAL EXECUTION: Process '844' was started manually, not by CRON job...
2014-01-20T14:08:22+01:00 INFO mem(real/peak):32.77MB/32.44MB ===> ====================== BEGIN (schedule id = 844) ==================
2014-01-20T14:08:22+01:00 INFO mem(real/peak):32.77MB/32.45MB ===> Schedule '844' has been executed.
2014-01-20T14:08:22+01:00 INFO mem(real/peak):32.77MB/32.48MB ===> Report for schedule '844' was saved.
2014-01-20T14:08:22+01:00 INFO mem(real/peak):35.13MB/34.59MB ===> Processing connection 'rakutenTEST'...
2014-01-20T14:08:22+01:00 INFO mem(real/peak):35.13MB/34.59MB ===> Destination: shop
2014-01-20T14:08:22+01:00 INFO mem(real/peak):35.13MB/34.59MB ===> Source input passing to 'Gateway\Handler\Erp\Rakuten\XML\Reader\Products' input.
2014-01-20T14:12:20+01:00 WARNING mem(real/peak):32.77MB/32.42MB ===> MANUAL EXECUTION: Process '844' was started manually, not by CRON job...
2014-01-20T14:12:20+01:00 INFO mem(real/peak):32.77MB/32.44MB ===> Schedule '844' has been already processed or does not exists.
2014-01-20T14:12:24+01:00 WARNING mem(real/peak):32.77MB/32.43MB ===> MANUAL EXECUTION: Process '844' was started manually, not by CRON job...
2014-01-20T14:12:24+01:00 INFO mem(real/peak):32.77MB/32.44MB ===> ====================== BEGIN (schedule id = 844) ==================
2014-01-20T14:12:24+01:00 INFO mem(real/peak):32.77MB/32.45MB ===> Schedule '844' has been executed.
2014-01-20T14:12:24+01:00 INFO mem(real/peak):32.77MB/32.49MB ===> Report for schedule '844' was saved.
2014-01-20T14:12:24+01:00 INFO mem(real/peak):35.13MB/34.60MB ===> Processing connection 'rakutenTEST'...
2014-01-20T14:12:24+01:00 INFO mem(real/peak):35.13MB/34.60MB ===> Destination: shop
2014-01-20T14:12:24+01:00 INFO mem(real/peak):35.13MB/34.60MB ===> Source input passing to 'Gateway\Handler\Erp\Rakuten\XML\Reader\Products' input.
2014-01-20T14:12:35+01:00 WARNING mem(real/peak):32.77MB/32.43MB ===> MANUAL EXECUTION: Process '844' was started manually, not by CRON job...
2014-01-20T14:12:35+01:00 INFO mem(real/peak):32.77MB/32.45MB ===> Schedule '844' has been already processed or does not exists.
2014-01-20T14:12:39+01:00 WARNING mem(real/peak):32.77MB/32.43MB ===> MANUAL EXECUTION: Process '844' was started manually, not by CRON job...
2014-01-20T14:12:39+01:00 INFO mem(real/peak):32.77MB/32.45MB ===> ====================== BEGIN (schedule id = 844) ==================
2014-01-20T14:12:39+01:00 INFO mem(real/peak):32.77MB/32.46MB ===> Schedule '844' has been executed.
2014-01-20T14:12:39+01:00 INFO mem(real/peak):32.77MB/32.49MB ===> Report for schedule '844' was saved.
2014-01-20T14:12:39+01:00 INFO mem(real/peak):35.13MB/34.60MB ===> Processing connection 'rakutenTEST'...
2014-01-20T14:12:39+01:00 INFO mem(real/peak):35.13MB/34.60MB ===> Destination: shop
2014-01-20T14:12:39+01:00 INFO mem(real/peak):35.13MB/34.60MB ===> Source input passing to 'Gateway\Handler\Erp\Rakuten\XML\Reader\Products' input.
2014-01-20T14:28:12+01:00 WARNING mem(real/peak):32.77MB/32.43MB ===> MANUAL EXECUTION: Process '844' was started manually, not by CRON job...
2014-01-20T14:28:12+01:00 INFO mem(real/peak):32.77MB/32.45MB ===> Schedule '844' has been already processed or does not exists.
2014-01-20T14:28:16+01:00 WARNING mem(real/peak):32.77MB/32.44MB ===> MANUAL EXECUTION: Process '844' was started manually, not by CRON job...
2014-01-20T14:28:16+01:00 INFO mem(real/peak):32.77MB/32.46MB ===> ====================== BEGIN (schedule id = 844) ==================
2014-01-20T14:28:16+01:00 INFO mem(real/peak):32.77MB/32.47MB ===> Schedule '844' has been executed.
2014-01-20T14:28:16+01:00 INFO mem(real/peak):32.77MB/32.50MB ===> Report for schedule '844' was saved.
2014-01-20T14:28:16+01:00 INFO mem(real/peak):35.13MB/34.61MB ===> Processing connection 'rakutenTEST'...
2014-01-20T14:28:16+01:00 INFO mem(real/peak):35.13MB/34.61MB ===> Destination: shop
2014-01-20T14:28:16+01:00 INFO mem(real/peak):35.13MB/34.61MB ===> Source input passing to 'Gateway\Handler\Erp\Rakuten\XML\Reader\Products' input.
2014-01-20T14:30:58+01:00 WARNING mem(real/peak):32.77MB/32.43MB ===> MANUAL EXECUTION: Process '844' was started manually, not by CRON job...
2014-01-20T14:30:58+01:00 INFO mem(real/peak):32.77MB/32.45MB ===> Schedule '844' has been already processed or does not exists.
2014-01-20T14:31:02+01:00 WARNING mem(real/peak):32.77MB/32.44MB ===> MANUAL EXECUTION: Process '844' was started manually, not by CRON job...
2014-01-20T14:31:02+01:00 INFO mem(real/peak):32.77MB/32.45MB ===> ====================== BEGIN (schedule id = 844) ==================
2014-01-20T14:31:02+01:00 INFO mem(real/peak):32.77MB/32.46MB ===> Schedule '844' has been executed.
2014-01-20T14:31:03+01:00 INFO mem(real/peak):32.77MB/32.49MB ===> Report for schedule '844' was saved.
2014-01-20T14:31:03+01:00 INFO mem(real/peak):35.13MB/34.61MB ===> Processing connection 'rakutenTEST'...
2014-01-20T14:31:03+01:00 INFO mem(real/peak):35.13MB/34.61MB ===> Destination: shop
2014-01-20T14:31:03+01:00 INFO mem(real/peak):35.13MB/34.61MB ===> Source input passing to 'Gateway\Handler\Erp\Rakuten\XML\Reader\Products' input.
2014-01-20T14:33:13+01:00 WARNING mem(real/peak):32.77MB/32.44MB ===> MANUAL EXECUTION: Process '844' was started manually, not by CRON job...
2014-01-20T14:33:13+01:00 INFO mem(real/peak):32.77MB/32.45MB ===> Schedule '844' has been already processed or does not exists.
2014-01-20T14:33:17+01:00 WARNING mem(real/peak):32.77MB/32.44MB ===> MANUAL EXECUTION: Process '844' was started manually, not by CRON job...
2014-01-20T14:33:17+01:00 INFO mem(real/peak):32.77MB/32.46MB ===> ====================== BEGIN (schedule id = 844) ==================
2014-01-20T14:33:17+01:00 INFO mem(real/peak):32.77MB/32.47MB ===> Schedule '844' has been executed.
2014-01-20T14:33:17+01:00 INFO mem(real/peak):32.77MB/32.50MB ===> Report for schedule '844' was saved.
2014-01-20T14:33:17+01:00 INFO mem(real/peak):35.13MB/34.61MB ===> Processing connection 'rakutenTEST'...
2014-01-20T14:33:17+01:00 INFO mem(real/peak):35.13MB/34.61MB ===> Destination: shop
2014-01-20T14:33:17+01:00 INFO mem(real/peak):35.13MB/34.61MB ===> Source input passing to 'Gateway\Handler\Erp\Rakuten\XML\Reader\Products' input.
2014-01-20T14:36:04+01:00 WARNING mem(real/peak):32.77MB/32.44MB ===> MANUAL EXECUTION: Process '844' was started manually, not by CRON job...
2014-01-20T14:36:04+01:00 INFO mem(real/peak):32.77MB/32.46MB ===> Schedule '844' has been already processed or does not exists.
2014-01-20T14:36:09+01:00 WARNING mem(real/peak):32.77MB/32.44MB ===> MANUAL EXECUTION: Process '844' was started manually, not by CRON job...
2014-01-20T14:36:09+01:00 INFO mem(real/peak):32.77MB/32.46MB ===> ====================== BEGIN (schedule id = 844) ==================
2014-01-20T14:36:09+01:00 INFO mem(real/peak):32.77MB/32.47MB ===> Schedule '844' has been executed.
2014-01-20T14:36:09+01:00 INFO mem(real/peak):32.77MB/32.50MB ===> Report for schedule '844' was saved.
2014-01-20T14:36:09+01:00 INFO mem(real/peak):35.13MB/34.61MB ===> Processing connection 'rakutenTEST'...
2014-01-20T14:36:09+01:00 INFO mem(real/peak):35.13MB/34.61MB ===> Destination: shop
2014-01-20T14:36:09+01:00 INFO mem(real/peak):35.13MB/34.61MB ===> Source input passing to 'Gateway\Handler\Erp\Rakuten\XML\Reader\Products' input.
2014-01-20T14:36:51+01:00 WARNING mem(real/peak):32.77MB/32.44MB ===> MANUAL EXECUTION: Process '844' was started manually, not by CRON job...
2014-01-20T14:36:51+01:00 INFO mem(real/peak):32.77MB/32.46MB ===> Schedule '844' has been already processed or does not exists.
2014-01-20T14:37:21+01:00 WARNING mem(real/peak):32.77MB/32.44MB ===> MANUAL EXECUTION: Process '844' was started manually, not by CRON job...
2014-01-20T14:37:21+01:00 INFO mem(real/peak):32.77MB/32.46MB ===> ====================== BEGIN (schedule id = 844) ==================
2014-01-20T14:37:21+01:00 INFO mem(real/peak):32.77MB/32.47MB ===> Schedule '844' has been executed.
2014-01-20T14:37:21+01:00 INFO mem(real/peak):32.77MB/32.50MB ===> Report for schedule '844' was saved.
2014-01-20T14:37:21+01:00 INFO mem(real/peak):35.13MB/34.61MB ===> Processing connection 'rakutenTEST'...
2014-01-20T14:37:21+01:00 INFO mem(real/peak):35.13MB/34.61MB ===> Destination: shop
2014-01-20T14:37:21+01:00 INFO mem(real/peak):35.13MB/34.61MB ===> Source input passing to 'Gateway\Handler\Erp\Rakuten\XML\Reader\Products' input.
2014-01-20T14:55:40+01:00 WARNING mem(real/peak):32.77MB/32.45MB ===> MANUAL EXECUTION: Process '844' was started manually, not by CRON job...
2014-01-20T14:55:40+01:00 INFO mem(real/peak):32.77MB/32.47MB ===> Schedule '844' has been already processed or does not exists.
2014-01-20T14:55:45+01:00 WARNING mem(real/peak):32.77MB/32.45MB ===> MANUAL EXECUTION: Process '844' was started manually, not by CRON job...
2014-01-20T14:55:45+01:00 INFO mem(real/peak):32.77MB/32.47MB ===> ====================== BEGIN (schedule id = 844) ==================
2014-01-20T14:55:45+01:00 INFO mem(real/peak):32.77MB/32.48MB ===> Schedule '844' has been executed.
2014-01-20T14:55:45+01:00 INFO mem(real/peak):33.03MB/32.51MB ===> Report for schedule '844' was saved.
2014-01-20T14:55:45+01:00 INFO mem(real/peak):35.13MB/34.63MB ===> Processing connection 'rakutenTEST'...
2014-01-20T14:55:45+01:00 INFO mem(real/peak):35.13MB/34.63MB ===> Destination: shop
2014-01-20T14:55:45+01:00 INFO mem(real/peak):35.13MB/34.63MB ===> Source input passing to 'Gateway\Handler\Erp\Rakuten\XML\Reader\Products' input.
2014-01-20T14:56:14+01:00 WARNING mem(real/peak):32.77MB/32.45MB ===> MANUAL EXECUTION: Process '844' was started manually, not by CRON job...
2014-01-20T14:56:14+01:00 INFO mem(real/peak):32.77MB/32.47MB ===> Schedule '844' has been already processed or does not exists.
2014-01-20T14:56:19+01:00 WARNING mem(real/peak):32.77MB/32.46MB ===> MANUAL EXECUTION: Process '844' was started manually, not by CRON job...
2014-01-20T14:56:19+01:00 INFO mem(real/peak):32.77MB/32.47MB ===> ====================== BEGIN (schedule id = 844) ==================
2014-01-20T14:56:19+01:00 INFO mem(real/peak):32.77MB/32.48MB ===> Schedule '844' has been executed.
2014-01-20T14:56:19+01:00 INFO mem(real/peak):33.03MB/32.51MB ===> Report for schedule '844' was saved.
2014-01-20T14:56:19+01:00 INFO mem(real/peak):35.13MB/34.63MB ===> Processing connection 'rakutenTEST'...
2014-01-20T14:56:19+01:00 INFO mem(real/peak):35.13MB/34.63MB ===> Destination: shop
2014-01-20T14:56:19+01:00 INFO mem(real/peak):35.13MB/34.63MB ===> Source input passing to 'Gateway\Handler\Erp\Rakuten\XML\Reader\Products' input.
2014-01-20T14:58:42+01:00 WARNING mem(real/peak):32.77MB/32.46MB ===> MANUAL EXECUTION: Process '844' was started manually, not by CRON job...
2014-01-20T14:58:42+01:00 INFO mem(real/peak):32.77MB/32.48MB ===> Schedule '844' has been already processed or does not exists.
2014-01-20T14:58:47+01:00 WARNING mem(real/peak):32.77MB/32.46MB ===> MANUAL EXECUTION: Process '844' was started manually, not by CRON job...
2014-01-20T14:58:47+01:00 INFO mem(real/peak):32.77MB/32.48MB ===> ====================== BEGIN (schedule id = 844) ==================
2014-01-20T14:58:47+01:00 INFO mem(real/peak):32.77MB/32.49MB ===> Schedule '844' has been executed.
2014-01-20T14:58:47+01:00 INFO mem(real/peak):33.03MB/32.52MB ===> Report for schedule '844' was saved.
2014-01-20T14:58:47+01:00 INFO mem(real/peak):35.13MB/34.64MB ===> Processing connection 'rakutenTEST'...
2014-01-20T14:58:47+01:00 INFO mem(real/peak):35.13MB/34.64MB ===> Destination: shop
2014-01-20T14:58:47+01:00 INFO mem(real/peak):35.13MB/34.64MB ===> Source input passing to 'Gateway\Handler\Erp\Rakuten\XML\Reader\Products' input.
2014-01-20T14:59:33+01:00 WARNING mem(real/peak):32.77MB/32.46MB ===> MANUAL EXECUTION: Process '844' was started manually, not by CRON job...
2014-01-20T14:59:33+01:00 INFO mem(real/peak):32.77MB/32.48MB ===> Schedule '844' has been already processed or does not exists.
2014-01-20T14:59:39+01:00 WARNING mem(real/peak):32.77MB/32.47MB ===> MANUAL EXECUTION: Process '844' was started manually, not by CRON job...
2014-01-20T14:59:39+01:00 INFO mem(real/peak):32.77MB/32.48MB ===> ====================== BEGIN (schedule id = 844) ==================
2014-01-20T14:59:39+01:00 INFO mem(real/peak):32.77MB/32.49MB ===> Schedule '844' has been executed.
2014-01-20T14:59:39+01:00 INFO mem(real/peak):33.03MB/32.52MB ===> Report for schedule '844' was saved.
2014-01-20T14:59:39+01:00 INFO mem(real/peak):35.13MB/34.64MB ===> Processing connection 'rakutenTEST'...
2014-01-20T14:59:39+01:00 INFO mem(real/peak):35.13MB/34.64MB ===> Destination: shop
2014-01-20T14:59:39+01:00 INFO mem(real/peak):35.13MB/34.64MB ===> Source input passing to 'Gateway\Handler\Erp\Rakuten\XML\Reader\Products' input.
2014-01-20T14:59:56+01:00 WARNING mem(real/peak):32.77MB/32.46MB ===> MANUAL EXECUTION: Process '844' was started manually, not by CRON job...
2014-01-20T14:59:56+01:00 INFO mem(real/peak):32.77MB/32.48MB ===> Schedule '844' has been already processed or does not exists.
