2014-01-23T14:00:52+01:00 WARNING mem(real/peak):33.29MB/32.98MB ===> MANUAL EXECUTION: Process '846' was started manually, not by CRON job...
2014-01-23T14:00:52+01:00 INFO mem(real/peak):33.29MB/32.99MB ===> Schedule '846' has been already processed or does not exists.
2014-01-23T14:00:59+01:00 WARNING mem(real/peak):33.29MB/32.98MB ===> MANUAL EXECUTION: Process '846' was started manually, not by CRON job...
2014-01-23T14:00:59+01:00 INFO mem(real/peak):33.29MB/33.00MB ===> ====================== BEGIN (schedule id = 846) ==================
2014-01-23T14:00:59+01:00 INFO mem(real/peak):33.29MB/33.01MB ===> Schedule '846' has been executed.
2014-01-23T14:00:59+01:00 INFO mem(real/peak):33.55MB/33.04MB ===> Report for schedule '846' was saved.
2014-01-23T14:00:59+01:00 INFO mem(real/peak):35.65MB/35.15MB ===> Processing connection 'rakutenTEST'...
2014-01-23T14:00:59+01:00 INFO mem(real/peak):35.65MB/35.15MB ===> Destination: shop
2014-01-23T14:00:59+01:00 INFO mem(real/peak):35.65MB/35.15MB ===> Source input passing to 'Gateway\Handler\Erp\Rakuten\XML\Reader\Categories' input.
2014-01-23T14:01:02+01:00 INFO mem(real/peak):36.96MB/36.99MB ===> Passing processed datasource from 'Gateway\Handler\Erp\Rakuten\XML\Reader\Categories' to 'Gateway\Handler\Shop\Rakuten\API\Writer\Categories' writer.
2014-01-23T14:02:44+01:00 WARNING mem(real/peak):33.29MB/32.98MB ===> MANUAL EXECUTION: Process '846' was started manually, not by CRON job...
2014-01-23T14:02:44+01:00 INFO mem(real/peak):33.29MB/33.00MB ===> Schedule '846' has been already processed or does not exists.
2014-01-23T14:47:04+01:00 WARNING mem(real/peak):33.29MB/32.99MB ===> MANUAL EXECUTION: Process '846' was started manually, not by CRON job...
2014-01-23T14:47:05+01:00 INFO mem(real/peak):33.29MB/33.01MB ===> ====================== BEGIN (schedule id = 846) ==================
2014-01-23T14:47:05+01:00 INFO mem(real/peak):33.29MB/33.02MB ===> Schedule '846' has been executed.
2014-01-23T14:47:05+01:00 INFO mem(real/peak):33.55MB/33.05MB ===> Report for schedule '846' was saved.
2014-01-23T14:47:05+01:00 INFO mem(real/peak):35.65MB/35.16MB ===> Processing connection 'rakutenTEST'...
2014-01-23T14:47:05+01:00 INFO mem(real/peak):35.65MB/35.16MB ===> Destination: shop
2014-01-23T14:47:05+01:00 INFO mem(real/peak):35.65MB/35.16MB ===> Source input passing to 'Gateway\Handler\Erp\Rakuten\XML\Reader\Categories' input.
2014-01-23T14:55:08+01:00 WARNING mem(real/peak):33.29MB/32.99MB ===> MANUAL EXECUTION: Process '846' was started manually, not by CRON job...
2014-01-23T14:55:08+01:00 INFO mem(real/peak):33.29MB/33.00MB ===> Schedule '846' has been already processed or does not exists.
2014-01-23T14:55:27+01:00 WARNING mem(real/peak):33.29MB/32.98MB ===> MANUAL EXECUTION: Process '846' was started manually, not by CRON job...
2014-01-23T14:55:27+01:00 INFO mem(real/peak):33.29MB/33.00MB ===> ====================== BEGIN (schedule id = 846) ==================
2014-01-23T14:55:27+01:00 INFO mem(real/peak):33.29MB/33.01MB ===> Schedule '846' has been executed.
2014-01-23T14:55:28+01:00 INFO mem(real/peak):33.55MB/33.04MB ===> Report for schedule '846' was saved.
2014-01-23T14:55:28+01:00 INFO mem(real/peak):35.65MB/35.16MB ===> Processing connection 'rakutenTEST'...
2014-01-23T14:55:28+01:00 INFO mem(real/peak):35.65MB/35.16MB ===> Destination: shop
2014-01-23T14:55:28+01:00 INFO mem(real/peak):35.65MB/35.16MB ===> Source input passing to 'Gateway\Handler\Erp\Rakuten\XML\Reader\Categories' input.
2014-01-23T14:55:29+01:00 INFO mem(real/peak):36.18MB/36.93MB ===> Passing processed datasource from 'Gateway\Handler\Erp\Rakuten\XML\Reader\Categories' to 'Gateway\Handler\Shop\Rakuten\API\Writer\Categories' writer.
2014-01-23T14:58:33+01:00 WARNING mem(real/peak):33.29MB/32.98MB ===> MANUAL EXECUTION: Process '846' was started manually, not by CRON job...
2014-01-23T14:58:33+01:00 INFO mem(real/peak):33.29MB/33.00MB ===> Schedule '846' has been already processed or does not exists.
2014-01-23T14:58:41+01:00 WARNING mem(real/peak):33.29MB/32.99MB ===> MANUAL EXECUTION: Process '846' was started manually, not by CRON job...
2014-01-23T14:58:41+01:00 INFO mem(real/peak):33.29MB/33.00MB ===> ====================== BEGIN (schedule id = 846) ==================
2014-01-23T14:58:41+01:00 INFO mem(real/peak):33.29MB/33.01MB ===> Schedule '846' has been executed.
2014-01-23T14:58:42+01:00 INFO mem(real/peak):33.55MB/33.04MB ===> Report for schedule '846' was saved.
2014-01-23T14:58:42+01:00 INFO mem(real/peak):35.65MB/35.16MB ===> Processing connection 'rakutenTEST'...
2014-01-23T14:58:42+01:00 INFO mem(real/peak):35.65MB/35.16MB ===> Destination: shop
2014-01-23T14:58:42+01:00 INFO mem(real/peak):35.65MB/35.16MB ===> Source input passing to 'Gateway\Handler\Erp\Rakuten\XML\Reader\Categories' input.
2014-01-23T14:59:04+01:00 WARNING mem(real/peak):33.29MB/32.98MB ===> MANUAL EXECUTION: Process '846' was started manually, not by CRON job...
2014-01-23T14:59:04+01:00 INFO mem(real/peak):33.29MB/33.00MB ===> Schedule '846' has been already processed or does not exists.
2014-01-23T14:59:11+01:00 WARNING mem(real/peak):33.29MB/32.99MB ===> MANUAL EXECUTION: Process '846' was started manually, not by CRON job...
2014-01-23T14:59:11+01:00 INFO mem(real/peak):33.29MB/33.00MB ===> ====================== BEGIN (schedule id = 846) ==================
2014-01-23T14:59:11+01:00 INFO mem(real/peak):33.29MB/33.01MB ===> Schedule '846' has been executed.
2014-01-23T14:59:11+01:00 INFO mem(real/peak):33.55MB/33.04MB ===> Report for schedule '846' was saved.
2014-01-23T14:59:11+01:00 INFO mem(real/peak):35.65MB/35.16MB ===> Processing connection 'rakutenTEST'...
2014-01-23T14:59:11+01:00 INFO mem(real/peak):35.65MB/35.16MB ===> Destination: shop
2014-01-23T14:59:11+01:00 INFO mem(real/peak):35.65MB/35.16MB ===> Source input passing to 'Gateway\Handler\Erp\Rakuten\XML\Reader\Categories' input.
2014-01-23T14:59:13+01:00 INFO mem(real/peak):35.91MB/36.93MB ===> Passing processed datasource from 'Gateway\Handler\Erp\Rakuten\XML\Reader\Categories' to 'Gateway\Handler\Shop\Rakuten\API\Writer\Categories' writer.
2014-01-23T14:59:39+01:00 WARNING mem(real/peak):34.08MB/32.99MB ===> MANUAL EXECUTION: Process '846' was started manually, not by CRON job...
2014-01-23T14:59:39+01:00 INFO mem(real/peak):34.08MB/33.00MB ===> Schedule '846' has been already processed or does not exists.
2014-01-23T14:59:44+01:00 WARNING mem(real/peak):33.29MB/32.99MB ===> MANUAL EXECUTION: Process '846' was started manually, not by CRON job...
2014-01-23T14:59:44+01:00 INFO mem(real/peak):33.29MB/33.01MB ===> ====================== BEGIN (schedule id = 846) ==================
2014-01-23T14:59:44+01:00 INFO mem(real/peak):33.29MB/33.02MB ===> Schedule '846' has been executed.
2014-01-23T14:59:44+01:00 INFO mem(real/peak):33.55MB/33.05MB ===> Report for schedule '846' was saved.
2014-01-23T14:59:44+01:00 INFO mem(real/peak):35.65MB/35.16MB ===> Processing connection 'rakutenTEST'...
2014-01-23T14:59:44+01:00 INFO mem(real/peak):35.65MB/35.16MB ===> Destination: shop
2014-01-23T14:59:44+01:00 INFO mem(real/peak):35.65MB/35.16MB ===> Source input passing to 'Gateway\Handler\Erp\Rakuten\XML\Reader\Categories' input.
2014-01-23T14:59:46+01:00 INFO mem(real/peak):36.18MB/36.93MB ===> Passing processed datasource from 'Gateway\Handler\Erp\Rakuten\XML\Reader\Categories' to 'Gateway\Handler\Shop\Rakuten\API\Writer\Categories' writer.
