2014-01-20T15:00:01+01:00 WARNING mem(real/peak):32.77MB/32.47MB ===> MANUAL EXECUTION: Process '844' was started manually, not by CRON job...
2014-01-20T15:00:01+01:00 INFO mem(real/peak):32.77MB/32.48MB ===> ====================== BEGIN (schedule id = 844) ==================
2014-01-20T15:00:01+01:00 INFO mem(real/peak):32.77MB/32.49MB ===> Schedule '844' has been executed.
2014-01-20T15:00:01+01:00 INFO mem(real/peak):33.03MB/32.53MB ===> Report for schedule '844' was saved.
2014-01-20T15:00:01+01:00 INFO mem(real/peak):35.13MB/34.64MB ===> Processing connection 'rakutenTEST'...
2014-01-20T15:00:01+01:00 INFO mem(real/peak):35.13MB/34.64MB ===> Destination: shop
2014-01-20T15:00:01+01:00 INFO mem(real/peak):35.13MB/34.64MB ===> Source input passing to 'Gateway\Handler\Erp\Rakuten\XML\Reader\Products' input.
2014-01-20T15:01:03+01:00 WARNING mem(real/peak):32.77MB/32.47MB ===> MANUAL EXECUTION: Process '844' was started manually, not by CRON job...
2014-01-20T15:01:03+01:00 INFO mem(real/peak):32.77MB/32.48MB ===> Schedule '844' has been already processed or does not exists.
2014-01-20T15:01:05+01:00 INFO mem(real/peak):25.43MB/25.10MB ===> Schedule 844 was force finished.
2014-01-20T15:01:10+01:00 WARNING mem(real/peak):32.77MB/32.47MB ===> MANUAL EXECUTION: Process '844' was started manually, not by CRON job...
2014-01-20T15:01:10+01:00 INFO mem(real/peak):32.77MB/32.49MB ===> ====================== BEGIN (schedule id = 844) ==================
2014-01-20T15:01:10+01:00 INFO mem(real/peak):32.77MB/32.50MB ===> Schedule '844' has been executed.
2014-01-20T15:01:10+01:00 INFO mem(real/peak):33.03MB/32.53MB ===> Report for schedule '844' was saved.
2014-01-20T15:01:10+01:00 INFO mem(real/peak):35.13MB/34.64MB ===> Processing connection 'rakutenTEST'...
2014-01-20T15:01:10+01:00 INFO mem(real/peak):35.13MB/34.64MB ===> Destination: shop
2014-01-20T15:01:10+01:00 INFO mem(real/peak):35.13MB/34.64MB ===> Source input passing to 'Gateway\Handler\Erp\Rakuten\XML\Reader\Products' input.
2014-01-20T15:04:41+01:00 WARNING mem(real/peak):32.77MB/32.46MB ===> MANUAL EXECUTION: Process '844' was started manually, not by CRON job...
2014-01-20T15:04:41+01:00 INFO mem(real/peak):32.77MB/32.48MB ===> Schedule '844' has been already processed or does not exists.
2014-01-20T15:04:46+01:00 WARNING mem(real/peak):32.77MB/32.46MB ===> MANUAL EXECUTION: Process '844' was started manually, not by CRON job...
2014-01-20T15:04:46+01:00 INFO mem(real/peak):32.77MB/32.48MB ===> ====================== BEGIN (schedule id = 844) ==================
2014-01-20T15:04:46+01:00 INFO mem(real/peak):32.77MB/32.49MB ===> Schedule '844' has been executed.
2014-01-20T15:04:46+01:00 INFO mem(real/peak):33.03MB/32.52MB ===> Report for schedule '844' was saved.
2014-01-20T15:04:46+01:00 INFO mem(real/peak):35.13MB/34.63MB ===> Processing connection 'rakutenTEST'...
2014-01-20T15:04:46+01:00 INFO mem(real/peak):35.13MB/34.63MB ===> Destination: shop
2014-01-20T15:04:46+01:00 INFO mem(real/peak):35.13MB/34.63MB ===> Source input passing to 'Gateway\Handler\Erp\Rakuten\XML\Reader\Products' input.
2014-01-20T15:05:39+01:00 WARNING mem(real/peak):32.77MB/32.46MB ===> MANUAL EXECUTION: Process '844' was started manually, not by CRON job...
2014-01-20T15:05:39+01:00 INFO mem(real/peak):32.77MB/32.48MB ===> Schedule '844' has been already processed or does not exists.
2014-01-20T15:05:44+01:00 WARNING mem(real/peak):32.77MB/32.46MB ===> MANUAL EXECUTION: Process '844' was started manually, not by CRON job...
2014-01-20T15:05:44+01:00 INFO mem(real/peak):32.77MB/32.48MB ===> ====================== BEGIN (schedule id = 844) ==================
2014-01-20T15:05:44+01:00 INFO mem(real/peak):32.77MB/32.49MB ===> Schedule '844' has been executed.
2014-01-20T15:05:44+01:00 INFO mem(real/peak):33.03MB/32.52MB ===> Report for schedule '844' was saved.
2014-01-20T15:05:44+01:00 INFO mem(real/peak):35.13MB/34.64MB ===> Processing connection 'rakutenTEST'...
2014-01-20T15:05:44+01:00 INFO mem(real/peak):35.13MB/34.64MB ===> Destination: shop
2014-01-20T15:05:44+01:00 INFO mem(real/peak):35.13MB/34.64MB ===> Source input passing to 'Gateway\Handler\Erp\Rakuten\XML\Reader\Products' input.
2014-01-20T15:06:04+01:00 WARNING mem(real/peak):32.77MB/32.46MB ===> MANUAL EXECUTION: Process '844' was started manually, not by CRON job...
2014-01-20T15:06:04+01:00 INFO mem(real/peak):32.77MB/32.48MB ===> Schedule '844' has been already processed or does not exists.
2014-01-20T15:06:09+01:00 WARNING mem(real/peak):32.77MB/32.47MB ===> MANUAL EXECUTION: Process '844' was started manually, not by CRON job...
2014-01-20T15:06:09+01:00 INFO mem(real/peak):32.77MB/32.48MB ===> ====================== BEGIN (schedule id = 844) ==================
2014-01-20T15:06:09+01:00 INFO mem(real/peak):32.77MB/32.49MB ===> Schedule '844' has been executed.
2014-01-20T15:06:09+01:00 INFO mem(real/peak):33.03MB/32.52MB ===> Report for schedule '844' was saved.
2014-01-20T15:06:09+01:00 INFO mem(real/peak):35.13MB/34.64MB ===> Processing connection 'rakutenTEST'...
2014-01-20T15:06:09+01:00 INFO mem(real/peak):35.13MB/34.64MB ===> Destination: shop
2014-01-20T15:06:09+01:00 INFO mem(real/peak):35.13MB/34.64MB ===> Source input passing to 'Gateway\Handler\Erp\Rakuten\XML\Reader\Products' input.
2014-01-20T15:18:25+01:00 WARNING mem(real/peak):32.77MB/32.47MB ===> MANUAL EXECUTION: Process '844' was started manually, not by CRON job...
2014-01-20T15:18:25+01:00 INFO mem(real/peak):32.77MB/32.48MB ===> Schedule '844' has been already processed or does not exists.
2014-01-20T15:18:31+01:00 WARNING mem(real/peak):32.77MB/32.47MB ===> MANUAL EXECUTION: Process '844' was started manually, not by CRON job...
2014-01-20T15:18:31+01:00 INFO mem(real/peak):32.77MB/32.49MB ===> ====================== BEGIN (schedule id = 844) ==================
2014-01-20T15:18:31+01:00 INFO mem(real/peak):32.77MB/32.50MB ===> Schedule '844' has been executed.
2014-01-20T15:18:31+01:00 INFO mem(real/peak):33.03MB/32.53MB ===> Report for schedule '844' was saved.
2014-01-20T15:18:31+01:00 INFO mem(real/peak):35.13MB/34.64MB ===> Processing connection 'rakutenTEST'...
2014-01-20T15:18:31+01:00 INFO mem(real/peak):35.13MB/34.64MB ===> Destination: shop
2014-01-20T15:18:31+01:00 INFO mem(real/peak):35.13MB/34.64MB ===> Source input passing to 'Gateway\Handler\Erp\Rakuten\XML\Reader\Products' input.
2014-01-20T15:21:26+01:00 WARNING mem(real/peak):32.77MB/32.47MB ===> MANUAL EXECUTION: Process '844' was started manually, not by CRON job...
2014-01-20T15:21:26+01:00 INFO mem(real/peak):32.77MB/32.49MB ===> Schedule '844' has been already processed or does not exists.
2014-01-20T15:21:30+01:00 WARNING mem(real/peak):32.77MB/32.47MB ===> MANUAL EXECUTION: Process '844' was started manually, not by CRON job...
2014-01-20T15:21:30+01:00 INFO mem(real/peak):32.77MB/32.49MB ===> ====================== BEGIN (schedule id = 844) ==================
2014-01-20T15:21:30+01:00 INFO mem(real/peak):33.03MB/32.50MB ===> Schedule '844' has been executed.
2014-01-20T15:21:30+01:00 INFO mem(real/peak):33.03MB/32.53MB ===> Report for schedule '844' was saved.
2014-01-20T15:21:30+01:00 INFO mem(real/peak):35.13MB/34.65MB ===> Processing connection 'rakutenTEST'...
2014-01-20T15:21:30+01:00 INFO mem(real/peak):35.13MB/34.65MB ===> Destination: shop
2014-01-20T15:21:30+01:00 INFO mem(real/peak):35.13MB/34.65MB ===> Source input passing to 'Gateway\Handler\Erp\Rakuten\XML\Reader\Products' input.
2014-01-20T15:23:43+01:00 WARNING mem(real/peak):32.77MB/32.47MB ===> MANUAL EXECUTION: Process '844' was started manually, not by CRON job...
2014-01-20T15:23:43+01:00 INFO mem(real/peak):32.77MB/32.49MB ===> Schedule '844' has been already processed or does not exists.
2014-01-20T15:23:50+01:00 WARNING mem(real/peak):32.77MB/32.47MB ===> MANUAL EXECUTION: Process '844' was started manually, not by CRON job...
2014-01-20T15:23:50+01:00 INFO mem(real/peak):32.77MB/32.49MB ===> ====================== BEGIN (schedule id = 844) ==================
2014-01-20T15:23:50+01:00 INFO mem(real/peak):33.03MB/32.50MB ===> Schedule '844' has been executed.
2014-01-20T15:23:50+01:00 INFO mem(real/peak):33.03MB/32.53MB ===> Report for schedule '844' was saved.
2014-01-20T15:23:50+01:00 INFO mem(real/peak):35.13MB/34.64MB ===> Processing connection 'rakutenTEST'...
2014-01-20T15:23:50+01:00 INFO mem(real/peak):35.13MB/34.64MB ===> Destination: shop
2014-01-20T15:23:50+01:00 INFO mem(real/peak):35.13MB/34.64MB ===> Source input passing to 'Gateway\Handler\Erp\Rakuten\XML\Reader\Products' input.
2014-01-20T15:29:26+01:00 WARNING mem(real/peak):32.77MB/32.47MB ===> MANUAL EXECUTION: Process '844' was started manually, not by CRON job...
2014-01-20T15:29:26+01:00 INFO mem(real/peak):32.77MB/32.49MB ===> Schedule '844' has been already processed or does not exists.
2014-01-20T15:29:32+01:00 WARNING mem(real/peak):32.77MB/32.47MB ===> MANUAL EXECUTION: Process '844' was started manually, not by CRON job...
2014-01-20T15:29:32+01:00 INFO mem(real/peak):32.77MB/32.49MB ===> ====================== BEGIN (schedule id = 844) ==================
2014-01-20T15:29:32+01:00 INFO mem(real/peak):33.03MB/32.50MB ===> Schedule '844' has been executed.
2014-01-20T15:29:32+01:00 INFO mem(real/peak):33.03MB/32.53MB ===> Report for schedule '844' was saved.
2014-01-20T15:29:32+01:00 INFO mem(real/peak):35.13MB/34.64MB ===> Processing connection 'rakutenTEST'...
2014-01-20T15:29:32+01:00 INFO mem(real/peak):35.13MB/34.64MB ===> Destination: shop
2014-01-20T15:29:32+01:00 INFO mem(real/peak):35.13MB/34.64MB ===> Source input passing to 'Gateway\Handler\Erp\Rakuten\XML\Reader\Products' input.
2014-01-20T15:34:04+01:00 WARNING mem(real/peak):32.77MB/32.47MB ===> MANUAL EXECUTION: Process '844' was started manually, not by CRON job...
2014-01-20T15:34:04+01:00 INFO mem(real/peak):32.77MB/32.49MB ===> Schedule '844' has been already processed or does not exists.
2014-01-20T15:34:16+01:00 WARNING mem(real/peak):32.77MB/32.47MB ===> MANUAL EXECUTION: Process '844' was started manually, not by CRON job...
2014-01-20T15:34:16+01:00 INFO mem(real/peak):32.77MB/32.49MB ===> ====================== BEGIN (schedule id = 844) ==================
2014-01-20T15:34:16+01:00 INFO mem(real/peak):32.77MB/32.50MB ===> Schedule '844' has been executed.
2014-01-20T15:34:16+01:00 INFO mem(real/peak):33.03MB/32.53MB ===> Report for schedule '844' was saved.
2014-01-20T15:34:16+01:00 INFO mem(real/peak):35.13MB/34.64MB ===> Processing connection 'rakutenTEST'...
2014-01-20T15:34:16+01:00 INFO mem(real/peak):35.13MB/34.64MB ===> Destination: shop
2014-01-20T15:34:16+01:00 INFO mem(real/peak):35.13MB/34.64MB ===> Source input passing to 'Gateway\Handler\Erp\Rakuten\XML\Reader\Products' input.
2014-01-20T15:35:30+01:00 WARNING mem(real/peak):32.77MB/32.47MB ===> MANUAL EXECUTION: Process '844' was started manually, not by CRON job...
2014-01-20T15:35:30+01:00 INFO mem(real/peak):32.77MB/32.49MB ===> Schedule '844' has been already processed or does not exists.
2014-01-20T15:35:34+01:00 WARNING mem(real/peak):32.77MB/32.48MB ===> MANUAL EXECUTION: Process '844' was started manually, not by CRON job...
2014-01-20T15:35:34+01:00 INFO mem(real/peak):32.77MB/32.49MB ===> ====================== BEGIN (schedule id = 844) ==================
2014-01-20T15:35:34+01:00 INFO mem(real/peak):33.03MB/32.50MB ===> Schedule '844' has been executed.
2014-01-20T15:35:34+01:00 INFO mem(real/peak):33.03MB/32.53MB ===> Report for schedule '844' was saved.
2014-01-20T15:35:34+01:00 INFO mem(real/peak):35.13MB/34.65MB ===> Processing connection 'rakutenTEST'...
2014-01-20T15:35:34+01:00 INFO mem(real/peak):35.13MB/34.65MB ===> Destination: shop
2014-01-20T15:35:34+01:00 INFO mem(real/peak):35.13MB/34.65MB ===> Source input passing to 'Gateway\Handler\Erp\Rakuten\XML\Reader\Products' input.
2014-01-20T15:36:25+01:00 WARNING mem(real/peak):32.77MB/32.47MB ===> MANUAL EXECUTION: Process '844' was started manually, not by CRON job...
2014-01-20T15:36:25+01:00 INFO mem(real/peak):32.77MB/32.49MB ===> Schedule '844' has been already processed or does not exists.
2014-01-20T15:36:34+01:00 WARNING mem(real/peak):32.77MB/32.47MB ===> MANUAL EXECUTION: Process '844' was started manually, not by CRON job...
2014-01-20T15:36:34+01:00 INFO mem(real/peak):32.77MB/32.49MB ===> ====================== BEGIN (schedule id = 844) ==================
2014-01-20T15:36:34+01:00 INFO mem(real/peak):33.03MB/32.50MB ===> Schedule '844' has been executed.
2014-01-20T15:36:34+01:00 INFO mem(real/peak):33.03MB/32.53MB ===> Report for schedule '844' was saved.
2014-01-20T15:36:34+01:00 INFO mem(real/peak):35.13MB/34.64MB ===> Processing connection 'rakutenTEST'...
2014-01-20T15:36:34+01:00 INFO mem(real/peak):35.13MB/34.64MB ===> Destination: shop
2014-01-20T15:36:34+01:00 INFO mem(real/peak):35.13MB/34.64MB ===> Source input passing to 'Gateway\Handler\Erp\Rakuten\XML\Reader\Products' input.
2014-01-20T15:37:20+01:00 WARNING mem(real/peak):32.77MB/32.47MB ===> MANUAL EXECUTION: Process '844' was started manually, not by CRON job...
2014-01-20T15:37:20+01:00 INFO mem(real/peak):32.77MB/32.49MB ===> Schedule '844' has been already processed or does not exists.
2014-01-20T15:37:25+01:00 WARNING mem(real/peak):32.77MB/32.48MB ===> MANUAL EXECUTION: Process '844' was started manually, not by CRON job...
2014-01-20T15:37:25+01:00 INFO mem(real/peak):32.77MB/32.49MB ===> ====================== BEGIN (schedule id = 844) ==================
2014-01-20T15:37:25+01:00 INFO mem(real/peak):33.03MB/32.50MB ===> Schedule '844' has been executed.
2014-01-20T15:37:25+01:00 INFO mem(real/peak):33.03MB/32.53MB ===> Report for schedule '844' was saved.
2014-01-20T15:37:25+01:00 INFO mem(real/peak):35.13MB/34.65MB ===> Processing connection 'rakutenTEST'...
2014-01-20T15:37:25+01:00 INFO mem(real/peak):35.13MB/34.65MB ===> Destination: shop
2014-01-20T15:37:25+01:00 INFO mem(real/peak):35.13MB/34.65MB ===> Source input passing to 'Gateway\Handler\Erp\Rakuten\XML\Reader\Products' input.
2014-01-20T15:37:55+01:00 WARNING mem(real/peak):32.77MB/32.47MB ===> MANUAL EXECUTION: Process '844' was started manually, not by CRON job...
2014-01-20T15:37:55+01:00 INFO mem(real/peak):32.77MB/32.49MB ===> Schedule '844' has been already processed or does not exists.
2014-01-20T15:38:00+01:00 WARNING mem(real/peak):32.77MB/32.48MB ===> MANUAL EXECUTION: Process '844' was started manually, not by CRON job...
2014-01-20T15:38:00+01:00 INFO mem(real/peak):32.77MB/32.49MB ===> ====================== BEGIN (schedule id = 844) ==================
2014-01-20T15:38:00+01:00 INFO mem(real/peak):33.03MB/32.50MB ===> Schedule '844' has been executed.
2014-01-20T15:38:00+01:00 INFO mem(real/peak):33.03MB/32.54MB ===> Report for schedule '844' was saved.
2014-01-20T15:38:00+01:00 INFO mem(real/peak):35.13MB/34.65MB ===> Processing connection 'rakutenTEST'...
2014-01-20T15:38:00+01:00 INFO mem(real/peak):35.13MB/34.65MB ===> Destination: shop
2014-01-20T15:38:00+01:00 INFO mem(real/peak):35.13MB/34.65MB ===> Source input passing to 'Gateway\Handler\Erp\Rakuten\XML\Reader\Products' input.
2014-01-20T15:39:03+01:00 WARNING mem(real/peak):32.77MB/32.48MB ===> MANUAL EXECUTION: Process '844' was started manually, not by CRON job...
2014-01-20T15:39:03+01:00 INFO mem(real/peak):32.77MB/32.49MB ===> Schedule '844' has been already processed or does not exists.
2014-01-20T15:39:07+01:00 WARNING mem(real/peak):32.77MB/32.48MB ===> MANUAL EXECUTION: Process '844' was started manually, not by CRON job...
2014-01-20T15:39:07+01:00 INFO mem(real/peak):32.77MB/32.50MB ===> ====================== BEGIN (schedule id = 844) ==================
2014-01-20T15:39:07+01:00 INFO mem(real/peak):33.03MB/32.51MB ===> Schedule '844' has been executed.
2014-01-20T15:39:07+01:00 INFO mem(real/peak):33.03MB/32.54MB ===> Report for schedule '844' was saved.
2014-01-20T15:39:07+01:00 INFO mem(real/peak):35.13MB/34.65MB ===> Processing connection 'rakutenTEST'...
2014-01-20T15:39:07+01:00 INFO mem(real/peak):35.13MB/34.65MB ===> Destination: shop
2014-01-20T15:39:07+01:00 INFO mem(real/peak):35.13MB/34.65MB ===> Source input passing to 'Gateway\Handler\Erp\Rakuten\XML\Reader\Products' input.
2014-01-20T15:40:30+01:00 WARNING mem(real/peak):32.77MB/32.48MB ===> MANUAL EXECUTION: Process '844' was started manually, not by CRON job...
2014-01-20T15:40:30+01:00 INFO mem(real/peak):32.77MB/32.50MB ===> Schedule '844' has been already processed or does not exists.
2014-01-20T15:40:35+01:00 WARNING mem(real/peak):32.77MB/32.48MB ===> MANUAL EXECUTION: Process '844' was started manually, not by CRON job...
2014-01-20T15:40:35+01:00 INFO mem(real/peak):32.77MB/32.50MB ===> ====================== BEGIN (schedule id = 844) ==================
2014-01-20T15:40:35+01:00 INFO mem(real/peak):33.03MB/32.51MB ===> Schedule '844' has been executed.
2014-01-20T15:40:35+01:00 INFO mem(real/peak):33.03MB/32.54MB ===> Report for schedule '844' was saved.
2014-01-20T15:40:35+01:00 INFO mem(real/peak):35.13MB/34.65MB ===> Processing connection 'rakutenTEST'...
2014-01-20T15:40:35+01:00 INFO mem(real/peak):35.13MB/34.65MB ===> Destination: shop
2014-01-20T15:40:35+01:00 INFO mem(real/peak):35.13MB/34.65MB ===> Source input passing to 'Gateway\Handler\Erp\Rakuten\XML\Reader\Products' input.
2014-01-20T15:43:46+01:00 WARNING mem(real/peak):32.77MB/32.48MB ===> MANUAL EXECUTION: Process '844' was started manually, not by CRON job...
2014-01-20T15:43:46+01:00 INFO mem(real/peak):32.77MB/32.50MB ===> Schedule '844' has been already processed or does not exists.
2014-01-20T15:43:53+01:00 WARNING mem(real/peak):33.03MB/32.50MB ===> MANUAL EXECUTION: Process '844' was started manually, not by CRON job...
2014-01-20T15:43:53+01:00 INFO mem(real/peak):33.03MB/32.52MB ===> Schedule '844' has been already processed or does not exists.
2014-01-20T15:44:03+01:00 WARNING mem(real/peak):33.03MB/32.50MB ===> MANUAL EXECUTION: Process '844' was started manually, not by CRON job...
2014-01-20T15:44:03+01:00 INFO mem(real/peak):33.03MB/32.52MB ===> ====================== BEGIN (schedule id = 844) ==================
2014-01-20T15:44:03+01:00 INFO mem(real/peak):33.03MB/32.53MB ===> Schedule '844' has been executed.
2014-01-20T15:44:03+01:00 INFO mem(real/peak):33.03MB/32.56MB ===> Report for schedule '844' was saved.
2014-01-20T15:44:03+01:00 INFO mem(real/peak):35.13MB/34.68MB ===> Processing connection 'rakutenTEST'...
2014-01-20T15:44:03+01:00 INFO mem(real/peak):35.13MB/34.68MB ===> Destination: shop
2014-01-20T15:44:03+01:00 INFO mem(real/peak):35.13MB/34.68MB ===> Source input passing to 'Gateway\Handler\Erp\Rakuten\XML\Reader\Products' input.
2014-01-20T15:44:51+01:00 WARNING mem(real/peak):32.77MB/32.48MB ===> MANUAL EXECUTION: Process '844' was started manually, not by CRON job...
2014-01-20T15:44:51+01:00 INFO mem(real/peak):32.77MB/32.50MB ===> Schedule '844' has been already processed or does not exists.
2014-01-20T15:44:56+01:00 WARNING mem(real/peak):33.29MB/32.48MB ===> MANUAL EXECUTION: Process '844' was started manually, not by CRON job...
2014-01-20T15:44:56+01:00 INFO mem(real/peak):33.55MB/32.50MB ===> ====================== BEGIN (schedule id = 844) ==================
2014-01-20T15:44:56+01:00 INFO mem(real/peak):33.55MB/32.51MB ===> Schedule '844' has been executed.
2014-01-20T15:44:56+01:00 INFO mem(real/peak):33.55MB/32.54MB ===> Report for schedule '844' was saved.
2014-01-20T15:44:56+01:00 INFO mem(real/peak):35.65MB/34.66MB ===> Processing connection 'rakutenTEST'...
2014-01-20T15:44:56+01:00 INFO mem(real/peak):35.65MB/34.66MB ===> Destination: shop
2014-01-20T15:44:56+01:00 INFO mem(real/peak):35.65MB/34.66MB ===> Source input passing to 'Gateway\Handler\Erp\Rakuten\XML\Reader\Products' input.
2014-01-20T15:45:33+01:00 WARNING mem(real/peak):32.77MB/32.48MB ===> MANUAL EXECUTION: Process '844' was started manually, not by CRON job...
2014-01-20T15:45:33+01:00 INFO mem(real/peak):33.03MB/32.50MB ===> Schedule '844' has been already processed or does not exists.
2014-01-20T15:45:38+01:00 WARNING mem(real/peak):32.77MB/32.49MB ===> MANUAL EXECUTION: Process '844' was started manually, not by CRON job...
2014-01-20T15:45:38+01:00 INFO mem(real/peak):33.03MB/32.50MB ===> ====================== BEGIN (schedule id = 844) ==================
2014-01-20T15:45:38+01:00 INFO mem(real/peak):33.03MB/32.51MB ===> Schedule '844' has been executed.
2014-01-20T15:45:38+01:00 INFO mem(real/peak):33.03MB/32.54MB ===> Report for schedule '844' was saved.
2014-01-20T15:45:38+01:00 INFO mem(real/peak):35.13MB/34.66MB ===> Processing connection 'rakutenTEST'...
2014-01-20T15:45:38+01:00 INFO mem(real/peak):35.13MB/34.66MB ===> Destination: shop
2014-01-20T15:45:38+01:00 INFO mem(real/peak):35.13MB/34.66MB ===> Source input passing to 'Gateway\Handler\Erp\Rakuten\XML\Reader\Products' input.
2014-01-20T15:46:29+01:00 WARNING mem(real/peak):33.29MB/32.48MB ===> MANUAL EXECUTION: Process '844' was started manually, not by CRON job...
2014-01-20T15:46:29+01:00 INFO mem(real/peak):33.55MB/32.50MB ===> Schedule '844' has been already processed or does not exists.
2014-01-20T15:46:35+01:00 WARNING mem(real/peak):32.77MB/32.49MB ===> MANUAL EXECUTION: Process '844' was started manually, not by CRON job...
2014-01-20T15:46:35+01:00 INFO mem(real/peak):33.03MB/32.51MB ===> ====================== BEGIN (schedule id = 844) ==================
2014-01-20T15:46:35+01:00 INFO mem(real/peak):33.03MB/32.51MB ===> Schedule '844' has been executed.
2014-01-20T15:46:35+01:00 INFO mem(real/peak):33.03MB/32.55MB ===> Report for schedule '844' was saved.
2014-01-20T15:46:35+01:00 INFO mem(real/peak):35.13MB/34.66MB ===> Processing connection 'rakutenTEST'...
2014-01-20T15:46:35+01:00 INFO mem(real/peak):35.13MB/34.66MB ===> Destination: shop
2014-01-20T15:46:35+01:00 INFO mem(real/peak):35.13MB/34.66MB ===> Source input passing to 'Gateway\Handler\Erp\Rakuten\XML\Reader\Products' input.
2014-01-20T15:47:43+01:00 WARNING mem(real/peak):32.77MB/32.49MB ===> MANUAL EXECUTION: Process '844' was started manually, not by CRON job...
2014-01-20T15:47:43+01:00 INFO mem(real/peak):33.03MB/32.50MB ===> Schedule '844' has been already processed or does not exists.
2014-01-20T15:47:48+01:00 WARNING mem(real/peak):32.77MB/32.49MB ===> MANUAL EXECUTION: Process '844' was started manually, not by CRON job...
2014-01-20T15:47:48+01:00 INFO mem(real/peak):33.03MB/32.51MB ===> ====================== BEGIN (schedule id = 844) ==================
2014-01-20T15:47:48+01:00 INFO mem(real/peak):33.03MB/32.52MB ===> Schedule '844' has been executed.
2014-01-20T15:47:49+01:00 INFO mem(real/peak):33.03MB/32.55MB ===> Report for schedule '844' was saved.
2014-01-20T15:47:49+01:00 INFO mem(real/peak):35.13MB/34.66MB ===> Processing connection 'rakutenTEST'...
2014-01-20T15:47:49+01:00 INFO mem(real/peak):35.13MB/34.66MB ===> Destination: shop
2014-01-20T15:47:49+01:00 INFO mem(real/peak):35.13MB/34.66MB ===> Source input passing to 'Gateway\Handler\Erp\Rakuten\XML\Reader\Products' input.
2014-01-20T15:48:08+01:00 WARNING mem(real/peak):32.77MB/32.49MB ===> MANUAL EXECUTION: Process '844' was started manually, not by CRON job...
2014-01-20T15:48:08+01:00 INFO mem(real/peak):33.03MB/32.51MB ===> Schedule '844' has been already processed or does not exists.
2014-01-20T15:48:13+01:00 WARNING mem(real/peak):32.77MB/32.49MB ===> MANUAL EXECUTION: Process '844' was started manually, not by CRON job...
2014-01-20T15:48:13+01:00 INFO mem(real/peak):33.03MB/32.51MB ===> ====================== BEGIN (schedule id = 844) ==================
2014-01-20T15:48:13+01:00 INFO mem(real/peak):33.03MB/32.52MB ===> Schedule '844' has been executed.
2014-01-20T15:48:13+01:00 INFO mem(real/peak):33.03MB/32.55MB ===> Report for schedule '844' was saved.
2014-01-20T15:48:13+01:00 INFO mem(real/peak):35.13MB/34.66MB ===> Processing connection 'rakutenTEST'...
2014-01-20T15:48:13+01:00 INFO mem(real/peak):35.13MB/34.66MB ===> Destination: shop
2014-01-20T15:48:13+01:00 INFO mem(real/peak):35.13MB/34.66MB ===> Source input passing to 'Gateway\Handler\Erp\Rakuten\XML\Reader\Products' input.
2014-01-20T15:51:43+01:00 WARNING mem(real/peak):32.77MB/32.49MB ===> MANUAL EXECUTION: Process '844' was started manually, not by CRON job...
2014-01-20T15:51:43+01:00 INFO mem(real/peak):33.03MB/32.51MB ===> Schedule '844' has been already processed or does not exists.
2014-01-20T15:51:48+01:00 WARNING mem(real/peak):32.77MB/32.49MB ===> MANUAL EXECUTION: Process '844' was started manually, not by CRON job...
2014-01-20T15:51:48+01:00 INFO mem(real/peak):33.03MB/32.51MB ===> ====================== BEGIN (schedule id = 844) ==================
2014-01-20T15:51:48+01:00 INFO mem(real/peak):33.03MB/32.52MB ===> Schedule '844' has been executed.
2014-01-20T15:51:48+01:00 INFO mem(real/peak):33.03MB/32.55MB ===> Report for schedule '844' was saved.
2014-01-20T15:51:48+01:00 INFO mem(real/peak):35.13MB/34.66MB ===> Processing connection 'rakutenTEST'...
2014-01-20T15:51:48+01:00 INFO mem(real/peak):35.13MB/34.66MB ===> Destination: shop
2014-01-20T15:51:48+01:00 INFO mem(real/peak):35.13MB/34.66MB ===> Source input passing to 'Gateway\Handler\Erp\Rakuten\XML\Reader\Products' input.
2014-01-20T15:52:09+01:00 WARNING mem(real/peak):32.77MB/32.49MB ===> MANUAL EXECUTION: Process '844' was started manually, not by CRON job...
2014-01-20T15:52:09+01:00 INFO mem(real/peak):33.03MB/32.51MB ===> Schedule '844' has been already processed or does not exists.
2014-01-20T15:52:13+01:00 WARNING mem(real/peak):32.77MB/32.49MB ===> MANUAL EXECUTION: Process '844' was started manually, not by CRON job...
2014-01-20T15:52:13+01:00 INFO mem(real/peak):33.03MB/32.51MB ===> ====================== BEGIN (schedule id = 844) ==================
2014-01-20T15:52:13+01:00 INFO mem(real/peak):33.03MB/32.52MB ===> Schedule '844' has been executed.
2014-01-20T15:52:13+01:00 INFO mem(real/peak):33.03MB/32.55MB ===> Report for schedule '844' was saved.
2014-01-20T15:52:14+01:00 INFO mem(real/peak):35.13MB/34.67MB ===> Processing connection 'rakutenTEST'...
2014-01-20T15:52:14+01:00 INFO mem(real/peak):35.13MB/34.67MB ===> Destination: shop
2014-01-20T15:52:14+01:00 INFO mem(real/peak):35.13MB/34.67MB ===> Source input passing to 'Gateway\Handler\Erp\Rakuten\XML\Reader\Products' input.
2014-01-20T15:53:24+01:00 WARNING mem(real/peak):32.77MB/32.49MB ===> MANUAL EXECUTION: Process '844' was started manually, not by CRON job...
2014-01-20T15:53:24+01:00 INFO mem(real/peak):33.03MB/32.51MB ===> Schedule '844' has been already processed or does not exists.
2014-01-20T15:53:30+01:00 WARNING mem(real/peak):32.77MB/32.50MB ===> MANUAL EXECUTION: Process '844' was started manually, not by CRON job...
2014-01-20T15:53:30+01:00 INFO mem(real/peak):33.03MB/32.51MB ===> ====================== BEGIN (schedule id = 844) ==================
2014-01-20T15:53:30+01:00 INFO mem(real/peak):33.03MB/32.52MB ===> Schedule '844' has been executed.
2014-01-20T15:53:30+01:00 INFO mem(real/peak):33.03MB/32.55MB ===> Report for schedule '844' was saved.
2014-01-20T15:53:30+01:00 INFO mem(real/peak):35.13MB/34.67MB ===> Processing connection 'rakutenTEST'...
2014-01-20T15:53:30+01:00 INFO mem(real/peak):35.13MB/34.67MB ===> Destination: shop
2014-01-20T15:53:30+01:00 INFO mem(real/peak):35.13MB/34.67MB ===> Source input passing to 'Gateway\Handler\Erp\Rakuten\XML\Reader\Products' input.
