2014-01-23T13:12:51+01:00 WARNING mem(real/peak):33.29MB/32.96MB ===> MANUAL EXECUTION: Process '846' was started manually, not by CRON job...
2014-01-23T13:12:51+01:00 INFO mem(real/peak):33.29MB/32.98MB ===> ====================== BEGIN (schedule id = 846) ==================
2014-01-23T13:12:51+01:00 INFO mem(real/peak):33.29MB/32.99MB ===> Schedule '846' has been executed.
2014-01-23T13:12:51+01:00 INFO mem(real/peak):33.29MB/33.02MB ===> Report for schedule '846' was saved.
2014-01-23T13:12:52+01:00 INFO mem(real/peak):35.65MB/35.14MB ===> Processing connection 'rakutenTEST'...
2014-01-23T13:12:52+01:00 INFO mem(real/peak):35.65MB/35.14MB ===> Destination: shop
2014-01-23T13:12:52+01:00 INFO mem(real/peak):35.65MB/35.14MB ===> Source input passing to 'Gateway\Handler\Erp\Rakuten\XML\Reader\Categories' input.
2014-01-23T13:12:53+01:00 INFO mem(real/peak):36.18MB/36.91MB ===> Passing processed datasource from 'Gateway\Handler\Erp\Rakuten\XML\Reader\Categories' to 'Gateway\Handler\Shop\Rakuten\API\Writer\Categories' writer.
2014-01-23T13:12:53+01:00 INFO mem(real/peak):36.18MB/36.91MB ===> Executing writer process...
2014-01-23T13:15:32+01:00 WARNING mem(real/peak):33.29MB/32.97MB ===> MANUAL EXECUTION: Process '846' was started manually, not by CRON job...
2014-01-23T13:15:32+01:00 INFO mem(real/peak):33.29MB/32.98MB ===> Schedule '846' has been already processed or does not exists.
2014-01-23T13:18:33+01:00 WARNING mem(real/peak):33.29MB/32.96MB ===> MANUAL EXECUTION: Process '846' was started manually, not by CRON job...
2014-01-23T13:18:33+01:00 INFO mem(real/peak):33.29MB/32.98MB ===> ====================== BEGIN (schedule id = 846) ==================
2014-01-23T13:18:33+01:00 INFO mem(real/peak):33.29MB/32.99MB ===> Schedule '846' has been executed.
2014-01-23T13:18:34+01:00 INFO mem(real/peak):33.55MB/33.02MB ===> Report for schedule '846' was saved.
2014-01-23T13:18:34+01:00 INFO mem(real/peak):35.65MB/35.14MB ===> Processing connection 'rakutenTEST'...
2014-01-23T13:18:34+01:00 INFO mem(real/peak):35.65MB/35.14MB ===> Destination: shop
2014-01-23T13:18:34+01:00 INFO mem(real/peak):35.65MB/35.14MB ===> Source input passing to 'Gateway\Handler\Erp\Rakuten\XML\Reader\Categories' input.
2014-01-23T13:19:29+01:00 WARNING mem(real/peak):33.29MB/32.97MB ===> MANUAL EXECUTION: Process '846' was started manually, not by CRON job...
2014-01-23T13:19:29+01:00 INFO mem(real/peak):33.29MB/32.99MB ===> Schedule '846' has been already processed or does not exists.
2014-01-23T13:19:34+01:00 WARNING mem(real/peak):33.29MB/32.97MB ===> MANUAL EXECUTION: Process '846' was started manually, not by CRON job...
2014-01-23T13:19:34+01:00 INFO mem(real/peak):33.29MB/32.99MB ===> ====================== BEGIN (schedule id = 846) ==================
2014-01-23T13:19:34+01:00 INFO mem(real/peak):33.29MB/33.00MB ===> Schedule '846' has been executed.
2014-01-23T13:19:35+01:00 INFO mem(real/peak):33.55MB/33.03MB ===> Report for schedule '846' was saved.
2014-01-23T13:19:35+01:00 INFO mem(real/peak):35.65MB/35.14MB ===> Processing connection 'rakutenTEST'...
2014-01-23T13:19:35+01:00 INFO mem(real/peak):35.65MB/35.14MB ===> Destination: shop
2014-01-23T13:19:35+01:00 INFO mem(real/peak):35.65MB/35.14MB ===> Source input passing to 'Gateway\Handler\Erp\Rakuten\XML\Reader\Categories' input.
2014-01-23T13:35:49+01:00 WARNING mem(real/peak):33.55MB/33.12MB ===> MANUAL EXECUTION: Process '846' was started manually, not by CRON job...
2014-01-23T13:35:49+01:00 INFO mem(real/peak):33.55MB/33.14MB ===> Schedule '846' has been already processed or does not exists.
2014-01-23T13:35:54+01:00 WARNING mem(real/peak):33.29MB/32.97MB ===> MANUAL EXECUTION: Process '846' was started manually, not by CRON job...
2014-01-23T13:35:54+01:00 INFO mem(real/peak):33.29MB/32.99MB ===> ====================== BEGIN (schedule id = 846) ==================
2014-01-23T13:35:54+01:00 INFO mem(real/peak):33.29MB/33.00MB ===> Schedule '846' has been executed.
2014-01-23T13:35:54+01:00 INFO mem(real/peak):33.55MB/33.03MB ===> Report for schedule '846' was saved.
2014-01-23T13:35:54+01:00 INFO mem(real/peak):35.65MB/35.14MB ===> Processing connection 'rakutenTEST'...
2014-01-23T13:35:54+01:00 INFO mem(real/peak):35.65MB/35.14MB ===> Destination: shop
2014-01-23T13:35:54+01:00 INFO mem(real/peak):35.65MB/35.14MB ===> Source input passing to 'Gateway\Handler\Erp\Rakuten\XML\Reader\Categories' input.
2014-01-23T13:35:56+01:00 INFO mem(real/peak):36.44MB/36.92MB ===> Passing processed datasource from 'Gateway\Handler\Erp\Rakuten\XML\Reader\Categories' to 'Gateway\Handler\Shop\Rakuten\API\Writer\Categories' writer.
2014-01-23T13:36:50+01:00 WARNING mem(real/peak):33.29MB/32.97MB ===> MANUAL EXECUTION: Process '846' was started manually, not by CRON job...
2014-01-23T13:36:50+01:00 INFO mem(real/peak):33.29MB/32.99MB ===> Schedule '846' has been already processed or does not exists.
2014-01-23T13:36:54+01:00 WARNING mem(real/peak):33.29MB/32.98MB ===> MANUAL EXECUTION: Process '846' was started manually, not by CRON job...
2014-01-23T13:36:54+01:00 INFO mem(real/peak):33.29MB/32.99MB ===> ====================== BEGIN (schedule id = 846) ==================
2014-01-23T13:36:54+01:00 INFO mem(real/peak):33.29MB/33.00MB ===> Schedule '846' has been executed.
2014-01-23T13:36:55+01:00 INFO mem(real/peak):33.55MB/33.03MB ===> Report for schedule '846' was saved.
2014-01-23T13:36:55+01:00 INFO mem(real/peak):35.65MB/35.15MB ===> Processing connection 'rakutenTEST'...
2014-01-23T13:36:55+01:00 INFO mem(real/peak):35.65MB/35.15MB ===> Destination: shop
2014-01-23T13:36:55+01:00 INFO mem(real/peak):35.65MB/35.15MB ===> Source input passing to 'Gateway\Handler\Erp\Rakuten\XML\Reader\Categories' input.
2014-01-23T13:36:57+01:00 INFO mem(real/peak):36.70MB/36.92MB ===> Passing processed datasource from 'Gateway\Handler\Erp\Rakuten\XML\Reader\Categories' to 'Gateway\Handler\Shop\Rakuten\API\Writer\Categories' writer.
