2014-01-22T16:37:03+01:00 WARNING mem(real/peak):33.29MB/32.97MB ===> MANUAL EXECUTION: Process '846' was started manually, not by CRON job...
2014-01-22T16:37:03+01:00 INFO mem(real/peak):33.29MB/32.99MB ===> ====================== BEGIN (schedule id = 846) ==================
2014-01-22T16:37:03+01:00 INFO mem(real/peak):33.29MB/33.00MB ===> Schedule '846' has been executed.
2014-01-22T16:37:03+01:00 INFO mem(real/peak):33.55MB/33.03MB ===> Report for schedule '846' was saved.
2014-01-22T16:37:03+01:00 INFO mem(real/peak):35.65MB/35.14MB ===> Processing connection 'rakutenTEST'...
2014-01-22T16:37:03+01:00 INFO mem(real/peak):35.65MB/35.14MB ===> Destination: shop
2014-01-22T16:37:03+01:00 INFO mem(real/peak):35.65MB/35.14MB ===> Source input passing to 'Gateway\Handler\Erp\Rakuten\XML\Reader\Categories' input.
2014-01-22T16:37:33+01:00 WARNING mem(real/peak):33.29MB/32.97MB ===> MANUAL EXECUTION: Process '846' was started manually, not by CRON job...
2014-01-22T16:37:33+01:00 INFO mem(real/peak):33.29MB/32.99MB ===> Schedule '846' has been already processed or does not exists.
2014-01-22T16:37:41+01:00 WARNING mem(real/peak):33.29MB/32.97MB ===> MANUAL EXECUTION: Process '846' was started manually, not by CRON job...
2014-01-22T16:37:41+01:00 INFO mem(real/peak):33.29MB/32.99MB ===> ====================== BEGIN (schedule id = 846) ==================
2014-01-22T16:37:41+01:00 INFO mem(real/peak):33.29MB/33.00MB ===> Schedule '846' has been executed.
2014-01-22T16:37:41+01:00 INFO mem(real/peak):33.55MB/33.03MB ===> Report for schedule '846' was saved.
2014-01-22T16:37:41+01:00 INFO mem(real/peak):35.65MB/35.15MB ===> Processing connection 'rakutenTEST'...
2014-01-22T16:37:41+01:00 INFO mem(real/peak):35.65MB/35.15MB ===> Destination: shop
2014-01-22T16:37:41+01:00 INFO mem(real/peak):35.65MB/35.15MB ===> Source input passing to 'Gateway\Handler\Erp\Rakuten\XML\Reader\Categories' input.
2014-01-22T16:38:36+01:00 WARNING mem(real/peak):33.29MB/32.97MB ===> MANUAL EXECUTION: Process '846' was started manually, not by CRON job...
2014-01-22T16:38:36+01:00 INFO mem(real/peak):33.29MB/32.99MB ===> Schedule '846' has been already processed or does not exists.
2014-01-22T16:42:21+01:00 WARNING mem(real/peak):33.29MB/32.97MB ===> MANUAL EXECUTION: Process '846' was started manually, not by CRON job...
2014-01-22T16:42:21+01:00 INFO mem(real/peak):33.29MB/32.99MB ===> ====================== BEGIN (schedule id = 846) ==================
2014-01-22T16:42:21+01:00 INFO mem(real/peak):33.29MB/33.00MB ===> Schedule '846' has been executed.
2014-01-22T16:42:21+01:00 INFO mem(real/peak):33.55MB/33.03MB ===> Report for schedule '846' was saved.
2014-01-22T16:42:21+01:00 INFO mem(real/peak):35.65MB/35.14MB ===> Processing connection 'rakutenTEST'...
2014-01-22T16:42:21+01:00 INFO mem(real/peak):35.65MB/35.14MB ===> Destination: shop
2014-01-22T16:42:21+01:00 INFO mem(real/peak):35.65MB/35.14MB ===> Source input passing to 'Gateway\Handler\Erp\Rakuten\XML\Reader\Categories' input.
2014-01-22T16:44:06+01:00 WARNING mem(real/peak):33.29MB/32.98MB ===> MANUAL EXECUTION: Process '846' was started manually, not by CRON job...
2014-01-22T16:44:06+01:00 INFO mem(real/peak):33.29MB/33.00MB ===> Schedule '846' has been already processed or does not exists.
2014-01-22T16:44:13+01:00 WARNING mem(real/peak):33.29MB/32.98MB ===> MANUAL EXECUTION: Process '846' was started manually, not by CRON job...
2014-01-22T16:44:13+01:00 INFO mem(real/peak):33.29MB/33.00MB ===> ====================== BEGIN (schedule id = 846) ==================
2014-01-22T16:44:13+01:00 INFO mem(real/peak):33.29MB/33.01MB ===> Schedule '846' has been executed.
2014-01-22T16:44:13+01:00 INFO mem(real/peak):33.55MB/33.04MB ===> Report for schedule '846' was saved.
2014-01-22T16:44:13+01:00 INFO mem(real/peak):35.65MB/35.15MB ===> Processing connection 'rakutenTEST'...
2014-01-22T16:44:13+01:00 INFO mem(real/peak):35.65MB/35.15MB ===> Destination: shop
2014-01-22T16:44:13+01:00 INFO mem(real/peak):35.65MB/35.15MB ===> Source input passing to 'Gateway\Handler\Erp\Rakuten\XML\Reader\Categories' input.
2014-01-22T16:46:52+01:00 WARNING mem(real/peak):33.29MB/32.97MB ===> MANUAL EXECUTION: Process '846' was started manually, not by CRON job...
2014-01-22T16:46:52+01:00 INFO mem(real/peak):33.29MB/32.99MB ===> Schedule '846' has been already processed or does not exists.
2014-01-22T16:46:57+01:00 WARNING mem(real/peak):33.29MB/32.97MB ===> MANUAL EXECUTION: Process '846' was started manually, not by CRON job...
2014-01-22T16:46:57+01:00 INFO mem(real/peak):33.29MB/32.99MB ===> ====================== BEGIN (schedule id = 846) ==================
2014-01-22T16:46:57+01:00 INFO mem(real/peak):33.29MB/33.00MB ===> Schedule '846' has been executed.
2014-01-22T16:46:57+01:00 INFO mem(real/peak):33.55MB/33.03MB ===> Report for schedule '846' was saved.
2014-01-22T16:46:57+01:00 INFO mem(real/peak):35.65MB/35.14MB ===> Processing connection 'rakutenTEST'...
2014-01-22T16:46:57+01:00 INFO mem(real/peak):35.65MB/35.14MB ===> Destination: shop
2014-01-22T16:46:57+01:00 INFO mem(real/peak):35.65MB/35.14MB ===> Source input passing to 'Gateway\Handler\Erp\Rakuten\XML\Reader\Categories' input.
2014-01-22T16:47:16+01:00 WARNING mem(real/peak):33.29MB/32.97MB ===> MANUAL EXECUTION: Process '846' was started manually, not by CRON job...
2014-01-22T16:47:16+01:00 INFO mem(real/peak):33.29MB/32.99MB ===> Schedule '846' has been already processed or does not exists.
2014-01-22T16:47:20+01:00 WARNING mem(real/peak):33.29MB/32.97MB ===> MANUAL EXECUTION: Process '846' was started manually, not by CRON job...
2014-01-22T16:47:20+01:00 INFO mem(real/peak):33.29MB/32.99MB ===> ====================== BEGIN (schedule id = 846) ==================
2014-01-22T16:47:20+01:00 INFO mem(real/peak):33.29MB/33.00MB ===> Schedule '846' has been executed.
2014-01-22T16:47:20+01:00 INFO mem(real/peak):33.55MB/33.03MB ===> Report for schedule '846' was saved.
2014-01-22T16:47:20+01:00 INFO mem(real/peak):35.65MB/35.14MB ===> Processing connection 'rakutenTEST'...
2014-01-22T16:47:20+01:00 INFO mem(real/peak):35.65MB/35.14MB ===> Destination: shop
2014-01-22T16:47:20+01:00 INFO mem(real/peak):35.65MB/35.14MB ===> Source input passing to 'Gateway\Handler\Erp\Rakuten\XML\Reader\Categories' input.
