2014-01-20T16:48:08+01:00 WARNING mem(real/peak):33.03MB/32.52MB ===> MANUAL EXECUTION: Process '844' was started manually, not by CRON job...
2014-01-20T16:48:08+01:00 INFO mem(real/peak):33.03MB/32.54MB ===> ====================== BEGIN (schedule id = 844) ==================
2014-01-20T16:48:08+01:00 INFO mem(real/peak):33.03MB/32.55MB ===> Schedule '844' has been executed.
2014-01-20T16:48:08+01:00 INFO mem(real/peak):33.03MB/32.58MB ===> Report for schedule '844' was saved.
2014-01-20T16:48:08+01:00 INFO mem(real/peak):35.13MB/34.69MB ===> Processing connection 'rakutenTEST'...
2014-01-20T16:48:08+01:00 INFO mem(real/peak):35.13MB/34.69MB ===> Destination: shop
2014-01-20T16:48:08+01:00 INFO mem(real/peak):35.13MB/34.69MB ===> Source input passing to 'Gateway\Handler\Erp\Rakuten\XML\Reader\Products' input.
2014-01-20T16:48:36+01:00 WARNING mem(real/peak):33.03MB/32.52MB ===> MANUAL EXECUTION: Process '844' was started manually, not by CRON job...
2014-01-20T16:48:36+01:00 INFO mem(real/peak):33.03MB/32.53MB ===> Schedule '844' has been already processed or does not exists.
2014-01-20T16:48:42+01:00 WARNING mem(real/peak):33.03MB/32.52MB ===> MANUAL EXECUTION: Process '844' was started manually, not by CRON job...
2014-01-20T16:48:42+01:00 INFO mem(real/peak):33.03MB/32.54MB ===> ====================== BEGIN (schedule id = 844) ==================
2014-01-20T16:48:42+01:00 INFO mem(real/peak):33.03MB/32.55MB ===> Schedule '844' has been executed.
2014-01-20T16:48:42+01:00 INFO mem(real/peak):33.03MB/32.58MB ===> Report for schedule '844' was saved.
2014-01-20T16:48:42+01:00 INFO mem(real/peak):35.13MB/34.69MB ===> Processing connection 'rakutenTEST'...
2014-01-20T16:48:42+01:00 INFO mem(real/peak):35.13MB/34.69MB ===> Destination: shop
2014-01-20T16:48:42+01:00 INFO mem(real/peak):35.13MB/34.69MB ===> Source input passing to 'Gateway\Handler\Erp\Rakuten\XML\Reader\Products' input.
2014-01-20T16:57:36+01:00 WARNING mem(real/peak):33.03MB/32.52MB ===> MANUAL EXECUTION: Process '844' was started manually, not by CRON job...
2014-01-20T16:57:36+01:00 INFO mem(real/peak):33.03MB/32.54MB ===> Schedule '844' has been already processed or does not exists.
2014-01-20T16:57:41+01:00 WARNING mem(real/peak):33.03MB/32.52MB ===> MANUAL EXECUTION: Process '844' was started manually, not by CRON job...
2014-01-20T16:57:41+01:00 INFO mem(real/peak):33.03MB/32.54MB ===> ====================== BEGIN (schedule id = 844) ==================
2014-01-20T16:57:41+01:00 INFO mem(real/peak):33.03MB/32.55MB ===> Schedule '844' has been executed.
2014-01-20T16:57:41+01:00 INFO mem(real/peak):33.03MB/32.58MB ===> Report for schedule '844' was saved.
2014-01-20T16:57:42+01:00 INFO mem(real/peak):35.13MB/34.70MB ===> Processing connection 'rakutenTEST'...
2014-01-20T16:57:42+01:00 INFO mem(real/peak):35.13MB/34.70MB ===> Destination: shop
2014-01-20T16:57:42+01:00 INFO mem(real/peak):35.13MB/34.70MB ===> Source input passing to 'Gateway\Handler\Erp\Rakuten\XML\Reader\Products' input.
