2014-01-18T20:34:08+01:00 WARNING mem(real/peak):32.77MB/32.28MB ===> MANUAL EXECUTION: Process '844' was started manually, not by CRON job...
2014-01-18T20:34:08+01:00 INFO mem(real/peak):32.77MB/32.29MB ===> ====================== BEGIN (schedule id = 844) ==================
2014-01-18T20:34:08+01:00 INFO mem(real/peak):32.77MB/32.30MB ===> Schedule '844' has been executed.
2014-01-18T20:34:08+01:00 INFO mem(real/peak):32.77MB/32.33MB ===> Report for schedule '844' was saved.
2014-01-18T20:34:08+01:00 INFO mem(real/peak):34.87MB/34.45MB ===> Processing connection 'rakutenTEST'...
2014-01-18T20:34:08+01:00 INFO mem(real/peak):34.87MB/34.45MB ===> Destination: shop
2014-01-18T20:34:08+01:00 INFO mem(real/peak):34.87MB/34.45MB ===> Source input passing to 'Gateway\Handler\Erp\Rakuten\XML\Reader\Products' input.
2014-01-18T20:34:52+01:00 WARNING mem(real/peak):32.77MB/32.28MB ===> MANUAL EXECUTION: Process '844' was started manually, not by CRON job...
2014-01-18T20:34:52+01:00 INFO mem(real/peak):32.77MB/32.29MB ===> Schedule '844' has been already processed or does not exists.
2014-01-18T20:34:57+01:00 WARNING mem(real/peak):32.77MB/32.28MB ===> MANUAL EXECUTION: Process '844' was started manually, not by CRON job...
2014-01-18T20:34:57+01:00 INFO mem(real/peak):32.77MB/32.30MB ===> ====================== BEGIN (schedule id = 844) ==================
2014-01-18T20:34:57+01:00 INFO mem(real/peak):32.77MB/32.31MB ===> Schedule '844' has been executed.
2014-01-18T20:34:58+01:00 INFO mem(real/peak):32.77MB/32.34MB ===> Report for schedule '844' was saved.
2014-01-18T20:34:58+01:00 INFO mem(real/peak):34.87MB/34.45MB ===> Processing connection 'rakutenTEST'...
2014-01-18T20:34:58+01:00 INFO mem(real/peak):34.87MB/34.45MB ===> Destination: shop
2014-01-18T20:34:58+01:00 INFO mem(real/peak):34.87MB/34.45MB ===> Source input passing to 'Gateway\Handler\Erp\Rakuten\XML\Reader\Products' input.
2014-01-18T20:36:21+01:00 WARNING mem(real/peak):32.77MB/32.28MB ===> MANUAL EXECUTION: Process '844' was started manually, not by CRON job...
2014-01-18T20:36:21+01:00 INFO mem(real/peak):32.77MB/32.30MB ===> Schedule '844' has been already processed or does not exists.
2014-01-18T20:36:25+01:00 WARNING mem(real/peak):32.77MB/32.28MB ===> MANUAL EXECUTION: Process '844' was started manually, not by CRON job...
2014-01-18T20:36:25+01:00 INFO mem(real/peak):32.77MB/32.30MB ===> ====================== BEGIN (schedule id = 844) ==================
2014-01-18T20:36:25+01:00 INFO mem(real/peak):32.77MB/32.31MB ===> Schedule '844' has been executed.
2014-01-18T20:36:25+01:00 INFO mem(real/peak):32.77MB/32.34MB ===> Report for schedule '844' was saved.
2014-01-18T20:36:26+01:00 INFO mem(real/peak):34.87MB/34.45MB ===> Processing connection 'rakutenTEST'...
2014-01-18T20:36:26+01:00 INFO mem(real/peak):34.87MB/34.45MB ===> Destination: shop
2014-01-18T20:36:26+01:00 INFO mem(real/peak):34.87MB/34.45MB ===> Source input passing to 'Gateway\Handler\Erp\Rakuten\XML\Reader\Products' input.
2014-01-18T20:36:31+01:00 WARNING mem(real/peak):32.77MB/32.28MB ===> MANUAL EXECUTION: Process '844' was started manually, not by CRON job...
2014-01-18T20:36:32+01:00 INFO mem(real/peak):32.77MB/32.30MB ===> Schedule '844' has been already processed or does not exists.
2014-01-18T20:36:38+01:00 WARNING mem(real/peak):32.77MB/32.28MB ===> MANUAL EXECUTION: Process '844' was started manually, not by CRON job...
2014-01-18T20:36:38+01:00 INFO mem(real/peak):32.77MB/32.30MB ===> ====================== BEGIN (schedule id = 844) ==================
2014-01-18T20:36:38+01:00 INFO mem(real/peak):32.77MB/32.31MB ===> Schedule '844' has been executed.
2014-01-18T20:36:38+01:00 INFO mem(real/peak):32.77MB/32.34MB ===> Report for schedule '844' was saved.
2014-01-18T20:36:38+01:00 INFO mem(real/peak):34.87MB/34.45MB ===> Processing connection 'rakutenTEST'...
2014-01-18T20:36:38+01:00 INFO mem(real/peak):34.87MB/34.45MB ===> Destination: shop
2014-01-18T20:36:38+01:00 INFO mem(real/peak):34.87MB/34.45MB ===> Source input passing to 'Gateway\Handler\Erp\Rakuten\XML\Reader\Products' input.
2014-01-18T20:37:58+01:00 WARNING mem(real/peak):32.77MB/32.28MB ===> MANUAL EXECUTION: Process '844' was started manually, not by CRON job...
2014-01-18T20:37:58+01:00 INFO mem(real/peak):32.77MB/32.30MB ===> Schedule '844' has been already processed or does not exists.
2014-01-18T20:38:03+01:00 WARNING mem(real/peak):32.77MB/32.29MB ===> MANUAL EXECUTION: Process '844' was started manually, not by CRON job...
2014-01-18T20:38:03+01:00 INFO mem(real/peak):32.77MB/32.30MB ===> ====================== BEGIN (schedule id = 844) ==================
2014-01-18T20:38:03+01:00 INFO mem(real/peak):32.77MB/32.31MB ===> Schedule '844' has been executed.
2014-01-18T20:38:03+01:00 INFO mem(real/peak):32.77MB/32.34MB ===> Report for schedule '844' was saved.
2014-01-18T20:38:03+01:00 INFO mem(real/peak):34.87MB/34.46MB ===> Processing connection 'rakutenTEST'...
2014-01-18T20:38:03+01:00 INFO mem(real/peak):34.87MB/34.46MB ===> Destination: shop
2014-01-18T20:38:03+01:00 INFO mem(real/peak):34.87MB/34.46MB ===> Source input passing to 'Gateway\Handler\Erp\Rakuten\XML\Reader\Products' input.
2014-01-18T20:41:23+01:00 WARNING mem(real/peak):32.77MB/32.28MB ===> MANUAL EXECUTION: Process '844' was started manually, not by CRON job...
2014-01-18T20:41:23+01:00 INFO mem(real/peak):32.77MB/32.30MB ===> Schedule '844' has been already processed or does not exists.
2014-01-18T20:41:30+01:00 WARNING mem(real/peak):32.77MB/32.29MB ===> MANUAL EXECUTION: Process '844' was started manually, not by CRON job...
2014-01-18T20:41:30+01:00 INFO mem(real/peak):32.77MB/32.30MB ===> ====================== BEGIN (schedule id = 844) ==================
2014-01-18T20:41:30+01:00 INFO mem(real/peak):32.77MB/32.31MB ===> Schedule '844' has been executed.
2014-01-18T20:41:30+01:00 INFO mem(real/peak):32.77MB/32.34MB ===> Report for schedule '844' was saved.
2014-01-18T20:41:30+01:00 INFO mem(real/peak):34.87MB/34.46MB ===> Processing connection 'rakutenTEST'...
2014-01-18T20:41:30+01:00 INFO mem(real/peak):34.87MB/34.46MB ===> Destination: shop
2014-01-18T20:41:30+01:00 INFO mem(real/peak):34.87MB/34.46MB ===> Source input passing to 'Gateway\Handler\Erp\Rakuten\XML\Reader\Products' input.
2014-01-18T20:47:34+01:00 WARNING mem(real/peak):32.77MB/32.27MB ===> MANUAL EXECUTION: Process '844' was started manually, not by CRON job...
2014-01-18T20:47:34+01:00 INFO mem(real/peak):32.77MB/32.29MB ===> Schedule '844' has been already processed or does not exists.
2014-01-18T20:47:39+01:00 WARNING mem(real/peak):32.77MB/32.27MB ===> MANUAL EXECUTION: Process '844' was started manually, not by CRON job...
2014-01-18T20:47:39+01:00 INFO mem(real/peak):32.77MB/32.29MB ===> ====================== BEGIN (schedule id = 844) ==================
2014-01-18T20:47:39+01:00 INFO mem(real/peak):32.77MB/32.30MB ===> Schedule '844' has been executed.
2014-01-18T20:47:40+01:00 INFO mem(real/peak):32.77MB/32.33MB ===> Report for schedule '844' was saved.
2014-01-18T20:47:40+01:00 INFO mem(real/peak):34.87MB/34.44MB ===> Processing connection 'rakutenTEST'...
2014-01-18T20:47:40+01:00 INFO mem(real/peak):34.87MB/34.44MB ===> Destination: shop
2014-01-18T20:47:40+01:00 INFO mem(real/peak):34.87MB/34.44MB ===> Source input passing to 'Gateway\Handler\Erp\Rakuten\XML\Reader\Products' input.
2014-01-18T20:53:53+01:00 WARNING mem(real/peak):32.77MB/32.26MB ===> MANUAL EXECUTION: Process '844' was started manually, not by CRON job...
2014-01-18T20:53:53+01:00 INFO mem(real/peak):32.77MB/32.28MB ===> Schedule '844' has been already processed or does not exists.
2014-01-18T20:53:58+01:00 WARNING mem(real/peak):32.77MB/32.26MB ===> MANUAL EXECUTION: Process '844' was started manually, not by CRON job...
2014-01-18T20:53:58+01:00 INFO mem(real/peak):32.77MB/32.28MB ===> ====================== BEGIN (schedule id = 844) ==================
2014-01-18T20:53:58+01:00 INFO mem(real/peak):32.77MB/32.29MB ===> Schedule '844' has been executed.
2014-01-18T20:53:58+01:00 INFO mem(real/peak):32.77MB/32.32MB ===> Report for schedule '844' was saved.
2014-01-18T20:53:58+01:00 INFO mem(real/peak):34.87MB/34.43MB ===> Processing connection 'rakutenTEST'...
2014-01-18T20:53:58+01:00 INFO mem(real/peak):34.87MB/34.43MB ===> Destination: shop
2014-01-18T20:53:58+01:00 INFO mem(real/peak):34.87MB/34.43MB ===> Source input passing to 'Gateway\Handler\Erp\Rakuten\XML\Reader\Products' input.
2014-01-18T20:54:03+01:00 INFO mem(real/peak):38.01MB/37.88MB ===> Passing processed datasource from 'Gateway\Handler\Erp\Rakuten\XML\Reader\Products' to 'Gateway\Handler\Shop\Rakuten\API\Writer\Products' writer.
2014-01-18T20:54:03+01:00 INFO mem(real/peak):38.01MB/37.88MB ===> Executing writer process...
2014-01-18T20:54:38+01:00 WARNING mem(real/peak):33.03MB/32.26MB ===> MANUAL EXECUTION: Process '844' was started manually, not by CRON job...
2014-01-18T20:54:38+01:00 INFO mem(real/peak):33.03MB/32.28MB ===> Schedule '844' has been already processed or does not exists.
2014-01-18T20:54:44+01:00 WARNING mem(real/peak):32.77MB/32.26MB ===> MANUAL EXECUTION: Process '844' was started manually, not by CRON job...
2014-01-18T20:54:44+01:00 INFO mem(real/peak):32.77MB/32.28MB ===> ====================== BEGIN (schedule id = 844) ==================
2014-01-18T20:54:44+01:00 INFO mem(real/peak):32.77MB/32.29MB ===> Schedule '844' has been executed.
2014-01-18T20:54:44+01:00 INFO mem(real/peak):32.77MB/32.32MB ===> Report for schedule '844' was saved.
2014-01-18T20:54:44+01:00 INFO mem(real/peak):34.87MB/34.43MB ===> Processing connection 'rakutenTEST'...
2014-01-18T20:54:44+01:00 INFO mem(real/peak):34.87MB/34.43MB ===> Destination: shop
2014-01-18T20:54:44+01:00 INFO mem(real/peak):34.87MB/34.43MB ===> Source input passing to 'Gateway\Handler\Erp\Rakuten\XML\Reader\Products' input.
2014-01-18T20:54:48+01:00 INFO mem(real/peak):37.75MB/37.87MB ===> Passing processed datasource from 'Gateway\Handler\Erp\Rakuten\XML\Reader\Products' to 'Gateway\Handler\Shop\Rakuten\API\Writer\Products' writer.
2014-01-18T20:54:48+01:00 INFO mem(real/peak):37.75MB/37.87MB ===> Executing writer process...
2014-01-18T20:55:49+01:00 WARNING mem(real/peak):32.77MB/32.41MB ===> MANUAL EXECUTION: Process '844' was started manually, not by CRON job...
2014-01-18T20:55:49+01:00 INFO mem(real/peak):32.77MB/32.43MB ===> Schedule '844' has been already processed or does not exists.
2014-01-18T20:55:53+01:00 WARNING mem(real/peak):32.77MB/32.27MB ===> MANUAL EXECUTION: Process '844' was started manually, not by CRON job...
2014-01-18T20:55:53+01:00 INFO mem(real/peak):32.77MB/32.28MB ===> ====================== BEGIN (schedule id = 844) ==================
2014-01-18T20:55:53+01:00 INFO mem(real/peak):32.77MB/32.29MB ===> Schedule '844' has been executed.
2014-01-18T20:55:53+01:00 INFO mem(real/peak):32.77MB/32.32MB ===> Report for schedule '844' was saved.
2014-01-18T20:55:53+01:00 INFO mem(real/peak):34.87MB/34.44MB ===> Processing connection 'rakutenTEST'...
2014-01-18T20:55:53+01:00 INFO mem(real/peak):34.87MB/34.44MB ===> Destination: shop
2014-01-18T20:55:53+01:00 INFO mem(real/peak):34.87MB/34.44MB ===> Source input passing to 'Gateway\Handler\Erp\Rakuten\XML\Reader\Products' input.
2014-01-18T20:55:58+01:00 INFO mem(real/peak):37.75MB/37.87MB ===> Passing processed datasource from 'Gateway\Handler\Erp\Rakuten\XML\Reader\Products' to 'Gateway\Handler\Shop\Rakuten\API\Writer\Products' writer.
2014-01-18T20:55:58+01:00 INFO mem(real/peak):37.75MB/37.87MB ===> Executing writer process...
2014-01-18T20:56:35+01:00 WARNING mem(real/peak):35.91MB/35.62MB ===> MANUAL EXECUTION: Process '844' was started manually, not by CRON job...
2014-01-18T20:56:35+01:00 INFO mem(real/peak):35.91MB/35.64MB ===> Schedule '844' has been already processed or does not exists.
2014-01-18T20:56:40+01:00 WARNING mem(real/peak):33.03MB/32.54MB ===> MANUAL EXECUTION: Process '844' was started manually, not by CRON job...
2014-01-18T20:56:40+01:00 INFO mem(real/peak):33.03MB/32.55MB ===> ====================== BEGIN (schedule id = 844) ==================
2014-01-18T20:56:40+01:00 INFO mem(real/peak):33.03MB/32.56MB ===> Schedule '844' has been executed.
2014-01-18T20:56:40+01:00 INFO mem(real/peak):33.03MB/32.59MB ===> Report for schedule '844' was saved.
2014-01-18T20:56:40+01:00 INFO mem(real/peak):35.13MB/34.70MB ===> Processing connection 'rakutenTEST'...
2014-01-18T20:56:40+01:00 INFO mem(real/peak):35.13MB/34.70MB ===> Destination: shop
2014-01-18T20:56:40+01:00 INFO mem(real/peak):35.13MB/34.70MB ===> Source input passing to 'Gateway\Handler\Erp\Rakuten\XML\Reader\Products' input.
2014-01-18T20:56:44+01:00 INFO mem(real/peak):37.22MB/37.68MB ===> Passing processed datasource from 'Gateway\Handler\Erp\Rakuten\XML\Reader\Products' to 'Gateway\Handler\Shop\Rakuten\API\Writer\Products' writer.
2014-01-18T20:56:44+01:00 INFO mem(real/peak):37.22MB/37.68MB ===> Executing writer process...
2014-01-18T20:57:43+01:00 WARNING mem(real/peak):33.29MB/32.86MB ===> MANUAL EXECUTION: Process '844' was started manually, not by CRON job...
2014-01-18T20:57:43+01:00 INFO mem(real/peak):33.29MB/32.86MB ===> Schedule '844' has been already processed or does not exists.
2014-01-18T20:57:56+01:00 WARNING mem(real/peak):33.29MB/32.85MB ===> MANUAL EXECUTION: Process '844' was started manually, not by CRON job...
2014-01-18T20:57:56+01:00 INFO mem(real/peak):33.29MB/32.85MB ===> ====================== BEGIN (schedule id = 844) ==================
2014-01-18T20:57:56+01:00 INFO mem(real/peak):33.29MB/32.85MB ===> Schedule '844' has been executed.
2014-01-18T20:57:56+01:00 INFO mem(real/peak):33.29MB/32.85MB ===> Report for schedule '844' was saved.
2014-01-18T20:57:56+01:00 INFO mem(real/peak):35.39MB/34.69MB ===> Processing connection 'rakutenTEST'...
2014-01-18T20:57:56+01:00 INFO mem(real/peak):35.39MB/34.69MB ===> Destination: shop
2014-01-18T20:57:56+01:00 INFO mem(real/peak):35.39MB/34.69MB ===> Source input passing to 'Gateway\Handler\Erp\Rakuten\XML\Reader\Products' input.
2014-01-18T20:58:00+01:00 INFO mem(real/peak):37.49MB/37.69MB ===> Passing processed datasource from 'Gateway\Handler\Erp\Rakuten\XML\Reader\Products' to 'Gateway\Handler\Shop\Rakuten\API\Writer\Products' writer.
2014-01-18T20:58:00+01:00 INFO mem(real/peak):37.49MB/37.69MB ===> Executing writer process...
