2014-01-18T18:12:00+01:00 WARNING mem(real/peak):32.77MB/32.24MB ===> MANUAL EXECUTION: Process '839' was started manually, not by CRON job...
2014-01-18T18:12:00+01:00 INFO mem(real/peak):32.77MB/32.26MB ===> Schedule '839' has been already processed or does not exists.
2014-01-18T18:13:10+01:00 WARNING mem(real/peak):32.77MB/32.24MB ===> MANUAL EXECUTION: Process '839' was started manually, not by CRON job...
2014-01-18T18:13:10+01:00 INFO mem(real/peak):32.77MB/32.26MB ===> Schedule '839' has been already processed or does not exists.
2014-01-18T18:13:38+01:00 WARNING mem(real/peak):32.77MB/32.24MB ===> MANUAL EXECUTION: Process '839' was started manually, not by CRON job...
2014-01-18T18:13:38+01:00 INFO mem(real/peak):32.77MB/32.26MB ===> Schedule '839' has been already processed or does not exists.
2014-01-18T18:13:56+01:00 WARNING mem(real/peak):32.77MB/32.25MB ===> MANUAL EXECUTION: Process '839' was started manually, not by CRON job...
2014-01-18T18:13:56+01:00 INFO mem(real/peak):32.77MB/32.26MB ===> Schedule '839' has been already processed or does not exists.
2014-01-18T18:14:50+01:00 INFO mem(real/peak):30.15MB/29.80MB ===> Reading XML from file of '/var/www/gateway/temp/gateway//etron/rakutenTEST/put/products/20140118181450.xml'
2014-01-18T18:17:18+01:00 WARNING mem(real/peak):32.77MB/32.24MB ===> MANUAL EXECUTION: Process '840' was started manually, not by CRON job...
2014-01-18T18:17:18+01:00 INFO mem(real/peak):32.77MB/32.25MB ===> ====================== BEGIN (schedule id = 840) ==================
2014-01-18T18:17:18+01:00 INFO mem(real/peak):32.77MB/32.27MB ===> Schedule '840' has been executed.
2014-01-18T18:17:19+01:00 INFO mem(real/peak):32.77MB/32.30MB ===> Report for schedule '840' was saved.
2014-01-18T18:17:19+01:00 INFO mem(real/peak):34.87MB/34.42MB ===> Processing connection 'rakutenTEST'...
2014-01-18T18:17:19+01:00 INFO mem(real/peak):34.87MB/34.42MB ===> Destination: shop
2014-01-18T18:17:19+01:00 INFO mem(real/peak):34.87MB/34.42MB ===> SUCCESS: Connection 'rakutenTEST' processing completed!
2014-01-18T18:17:19+01:00 INFO mem(real/peak):34.87MB/34.42MB ===> Execution finished successfully. Updating scheduler ...
2014-01-18T18:17:19+01:00 INFO mem(real/peak):34.87MB/34.42MB ===> Schedule '840' was finished.
2014-01-18T18:17:19+01:00 INFO mem(real/peak):34.87MB/34.43MB ===> Scheduler updated.
2014-01-18T18:17:19+01:00 INFO mem(real/peak):35.13MB/34.61MB ===> Schedule ID = '840' completed.
2014-01-18T18:17:19+01:00 INFO mem(real/peak):35.13MB/34.61MB ===> ===================== END  (schedule id = 840) =====================
2014-01-18T18:17:23+01:00 WARNING mem(real/peak):32.77MB/32.25MB ===> MANUAL EXECUTION: Process '840' was started manually, not by CRON job...
2014-01-18T18:17:23+01:00 INFO mem(real/peak):32.77MB/32.27MB ===> Schedule '840' has been already processed or does not exists.
2014-01-18T18:20:14+01:00 INFO mem(real/peak):30.41MB/29.80MB ===> Reading XML from file of '/var/www/gateway/temp/gateway//etron/rakutenTEST/put/products/20140118182014.xml'
2014-01-18T18:20:59+01:00 INFO mem(real/peak):30.15MB/29.80MB ===> Reading XML from file of '/var/www/gateway/temp/gateway//etron/rakutenTEST/put/products/20140118182059.xml'
2014-01-18T18:24:42+01:00 WARNING mem(real/peak):33.29MB/33.00MB ===> MANUAL EXECUTION: Process '841' was started manually, not by CRON job...
2014-01-18T18:24:42+01:00 INFO mem(real/peak):33.29MB/33.00MB ===> ====================== BEGIN (schedule id = 841) ==================
2014-01-18T18:24:42+01:00 INFO mem(real/peak):33.29MB/33.00MB ===> Schedule '841' has been executed.
2014-01-18T18:24:42+01:00 INFO mem(real/peak):33.29MB/33.00MB ===> Report for schedule '841' was saved.
2014-01-18T18:24:42+01:00 INFO mem(real/peak):35.39MB/34.67MB ===> Processing connection 'rakutenTEST'...
2014-01-18T18:24:42+01:00 INFO mem(real/peak):35.39MB/34.67MB ===> Destination: shop
2014-01-18T18:24:42+01:00 INFO mem(real/peak):35.39MB/34.67MB ===> SUCCESS: Connection 'rakutenTEST' processing completed!
2014-01-18T18:24:42+01:00 INFO mem(real/peak):35.39MB/34.67MB ===> Execution finished successfully. Updating scheduler ...
2014-01-18T18:24:42+01:00 INFO mem(real/peak):35.39MB/34.67MB ===> Schedule '841' was finished.
2014-01-18T18:24:42+01:00 INFO mem(real/peak):35.39MB/34.67MB ===> Scheduler updated.
2014-01-18T18:24:42+01:00 INFO mem(real/peak):35.39MB/34.83MB ===> Schedule ID = '841' completed.
2014-01-18T18:24:42+01:00 INFO mem(real/peak):35.39MB/34.83MB ===> ===================== END  (schedule id = 841) =====================
2014-01-18T18:24:47+01:00 WARNING mem(real/peak):32.51MB/32.24MB ===> MANUAL EXECUTION: Process '841' was started manually, not by CRON job...
2014-01-18T18:24:47+01:00 INFO mem(real/peak):32.77MB/32.25MB ===> Schedule '841' has been already processed or does not exists.
2014-01-18T18:27:33+01:00 INFO mem(real/peak):30.15MB/29.81MB ===> Reading XML from file of '/var/www/gateway/temp/gateway//etron/rakutenTEST/put/products/20140118182733.xml'
2014-01-18T18:27:37+01:00 WARNING mem(real/peak):32.77MB/32.25MB ===> MANUAL EXECUTION: Process '842' was started manually, not by CRON job...
2014-01-18T18:27:37+01:00 INFO mem(real/peak):32.77MB/32.27MB ===> ====================== BEGIN (schedule id = 842) ==================
2014-01-18T18:27:37+01:00 INFO mem(real/peak):32.77MB/32.28MB ===> Schedule '842' has been executed.
2014-01-18T18:27:37+01:00 INFO mem(real/peak):32.77MB/32.31MB ===> Report for schedule '842' was saved.
2014-01-18T18:27:37+01:00 INFO mem(real/peak):34.87MB/34.43MB ===> Processing connection 'rakutenTEST'...
2014-01-18T18:27:37+01:00 INFO mem(real/peak):34.87MB/34.43MB ===> Destination: shop
2014-01-18T18:27:37+01:00 INFO mem(real/peak):34.87MB/34.43MB ===> SUCCESS: Connection 'rakutenTEST' processing completed!
2014-01-18T18:27:37+01:00 INFO mem(real/peak):34.87MB/34.43MB ===> Execution finished successfully. Updating scheduler ...
2014-01-18T18:27:37+01:00 INFO mem(real/peak):34.87MB/34.43MB ===> Schedule '842' was finished.
2014-01-18T18:27:37+01:00 INFO mem(real/peak):34.87MB/34.44MB ===> Scheduler updated.
2014-01-18T18:27:37+01:00 INFO mem(real/peak):35.13MB/34.62MB ===> Schedule ID = '842' completed.
2014-01-18T18:27:37+01:00 INFO mem(real/peak):35.13MB/34.62MB ===> ===================== END  (schedule id = 842) =====================
2014-01-18T18:27:41+01:00 WARNING mem(real/peak):32.77MB/32.26MB ===> MANUAL EXECUTION: Process '842' was started manually, not by CRON job...
2014-01-18T18:27:41+01:00 INFO mem(real/peak):32.77MB/32.28MB ===> Schedule '842' has been already processed or does not exists.
2014-01-18T18:28:40+01:00 INFO mem(real/peak):30.15MB/29.81MB ===> Reading XML from file of '/var/www/gateway/temp/gateway//etron/rakutenTEST/put/products/20140118182840.xml'
2014-01-18T18:31:06+01:00 WARNING mem(real/peak):32.77MB/32.24MB ===> MANUAL EXECUTION: Process '843' was started manually, not by CRON job...
2014-01-18T18:31:06+01:00 INFO mem(real/peak):32.77MB/32.26MB ===> ====================== BEGIN (schedule id = 843) ==================
2014-01-18T18:31:06+01:00 INFO mem(real/peak):32.77MB/32.27MB ===> Schedule '843' has been executed.
2014-01-18T18:31:06+01:00 INFO mem(real/peak):32.77MB/32.30MB ===> Report for schedule '843' was saved.
2014-01-18T18:31:06+01:00 INFO mem(real/peak):34.87MB/34.42MB ===> Processing connection 'rakutenTEST'...
2014-01-18T18:31:06+01:00 INFO mem(real/peak):34.87MB/34.42MB ===> Destination: shop
2014-01-18T18:31:11+01:00 WARNING mem(real/peak):32.77MB/32.24MB ===> MANUAL EXECUTION: Process '843' was started manually, not by CRON job...
2014-01-18T18:31:11+01:00 INFO mem(real/peak):32.77MB/32.26MB ===> Schedule '843' has been already processed or does not exists.
2014-01-18T18:32:23+01:00 WARNING mem(real/peak):32.77MB/32.24MB ===> MANUAL EXECUTION: Process '843' was started manually, not by CRON job...
2014-01-18T18:32:23+01:00 INFO mem(real/peak):32.77MB/32.26MB ===> Schedule '843' has been already processed or does not exists.
2014-01-18T18:33:14+01:00 INFO mem(real/peak):25.17MB/24.87MB ===> Schedule 843 was force finished.
2014-01-18T18:33:34+01:00 WARNING mem(real/peak):32.77MB/32.25MB ===> MANUAL EXECUTION: Process '843' was started manually, not by CRON job...
2014-01-18T18:33:34+01:00 INFO mem(real/peak):32.77MB/32.26MB ===> Schedule '843' has been already processed or does not exists.
2014-01-18T18:33:47+01:00 WARNING mem(real/peak):32.77MB/32.25MB ===> MANUAL EXECUTION: Process '843' was started manually, not by CRON job...
2014-01-18T18:33:47+01:00 INFO mem(real/peak):32.77MB/32.26MB ===> ====================== BEGIN (schedule id = 843) ==================
2014-01-18T18:33:47+01:00 INFO mem(real/peak):32.77MB/32.27MB ===> Schedule '843' has been executed.
2014-01-18T18:33:47+01:00 INFO mem(real/peak):32.77MB/32.31MB ===> Report for schedule '843' was saved.
2014-01-18T18:33:47+01:00 INFO mem(real/peak):34.87MB/34.42MB ===> Processing connection 'rakutenTEST'...
2014-01-18T18:33:47+01:00 INFO mem(real/peak):34.87MB/34.42MB ===> Destination: shop
2014-01-18T18:33:47+01:00 INFO mem(real/peak):34.87MB/34.42MB ===> SUCCESS: Connection 'rakutenTEST' processing completed!
2014-01-18T18:33:47+01:00 INFO mem(real/peak):34.87MB/34.42MB ===> Execution finished successfully. Updating scheduler ...
2014-01-18T18:33:47+01:00 INFO mem(real/peak):34.87MB/34.42MB ===> Schedule '843' was finished.
2014-01-18T18:33:47+01:00 INFO mem(real/peak):34.87MB/34.43MB ===> Scheduler updated.
2014-01-18T18:33:47+01:00 INFO mem(real/peak):35.13MB/34.61MB ===> Schedule ID = '843' completed.
2014-01-18T18:33:47+01:00 INFO mem(real/peak):35.13MB/34.61MB ===> ===================== END  (schedule id = 843) =====================
2014-01-18T18:34:38+01:00 INFO mem(real/peak):30.15MB/29.80MB ===> Reading XML from file of '/var/www/gateway/temp/gateway//etron/rakutenTEST/put/products/20140118183438.xml'
2014-01-18T18:34:43+01:00 WARNING mem(real/peak):32.77MB/32.25MB ===> MANUAL EXECUTION: Process '844' was started manually, not by CRON job...
2014-01-18T18:34:43+01:00 INFO mem(real/peak):32.77MB/32.26MB ===> ====================== BEGIN (schedule id = 844) ==================
2014-01-18T18:34:43+01:00 INFO mem(real/peak):32.77MB/32.28MB ===> Schedule '844' has been executed.
2014-01-18T18:34:43+01:00 INFO mem(real/peak):32.77MB/32.31MB ===> Report for schedule '844' was saved.
2014-01-18T18:34:43+01:00 INFO mem(real/peak):34.87MB/34.43MB ===> Processing connection 'rakutenTEST'...
2014-01-18T18:34:43+01:00 INFO mem(real/peak):34.87MB/34.43MB ===> Destination: shop
2014-01-18T18:41:36+01:00 WARNING mem(real/peak):32.77MB/32.25MB ===> MANUAL EXECUTION: Process '844' was started manually, not by CRON job...
2014-01-18T18:41:36+01:00 INFO mem(real/peak):32.77MB/32.27MB ===> Schedule '844' has been already processed or does not exists.
2014-01-18T18:41:42+01:00 INFO mem(real/peak):25.17MB/24.87MB ===> Schedule 844 was force finished.
2014-01-18T18:41:54+01:00 WARNING mem(real/peak):32.77MB/32.25MB ===> MANUAL EXECUTION: Process '844' was started manually, not by CRON job...
2014-01-18T18:41:54+01:00 INFO mem(real/peak):32.77MB/32.27MB ===> ====================== BEGIN (schedule id = 844) ==================
2014-01-18T18:41:54+01:00 INFO mem(real/peak):32.77MB/32.28MB ===> Schedule '844' has been executed.
2014-01-18T18:41:54+01:00 INFO mem(real/peak):32.77MB/32.32MB ===> Report for schedule '844' was saved.
2014-01-18T18:41:54+01:00 INFO mem(real/peak):34.87MB/34.43MB ===> Processing connection 'rakutenTEST'...
2014-01-18T18:41:54+01:00 INFO mem(real/peak):34.87MB/34.43MB ===> Destination: shop
2014-01-18T18:42:40+01:00 WARNING mem(real/peak):32.77MB/32.25MB ===> MANUAL EXECUTION: Process '844' was started manually, not by CRON job...
2014-01-18T18:42:40+01:00 INFO mem(real/peak):32.77MB/32.27MB ===> Schedule '844' has been already processed or does not exists.
2014-01-18T18:42:47+01:00 WARNING mem(real/peak):32.77MB/32.26MB ===> MANUAL EXECUTION: Process '844' was started manually, not by CRON job...
2014-01-18T18:42:47+01:00 INFO mem(real/peak):32.77MB/32.27MB ===> ====================== BEGIN (schedule id = 844) ==================
2014-01-18T18:42:47+01:00 INFO mem(real/peak):32.77MB/32.28MB ===> Schedule '844' has been executed.
2014-01-18T18:42:47+01:00 INFO mem(real/peak):32.77MB/32.31MB ===> Report for schedule '844' was saved.
2014-01-18T18:42:47+01:00 INFO mem(real/peak):34.87MB/34.43MB ===> Processing connection 'rakutenTEST'...
2014-01-18T18:42:47+01:00 INFO mem(real/peak):34.87MB/34.43MB ===> Destination: shop
2014-01-18T18:44:07+01:00 WARNING mem(real/peak):32.77MB/32.25MB ===> MANUAL EXECUTION: Process '844' was started manually, not by CRON job...
2014-01-18T18:44:07+01:00 INFO mem(real/peak):32.77MB/32.27MB ===> Schedule '844' has been already processed or does not exists.
2014-01-18T18:44:13+01:00 WARNING mem(real/peak):32.77MB/32.26MB ===> MANUAL EXECUTION: Process '844' was started manually, not by CRON job...
2014-01-18T18:44:13+01:00 INFO mem(real/peak):32.77MB/32.28MB ===> ====================== BEGIN (schedule id = 844) ==================
2014-01-18T18:44:13+01:00 INFO mem(real/peak):32.77MB/32.28MB ===> Schedule '844' has been executed.
2014-01-18T18:44:13+01:00 INFO mem(real/peak):32.77MB/32.32MB ===> Report for schedule '844' was saved.
2014-01-18T18:44:13+01:00 INFO mem(real/peak):34.87MB/34.43MB ===> Processing connection 'rakutenTEST'...
2014-01-18T18:44:13+01:00 INFO mem(real/peak):34.87MB/34.43MB ===> Destination: shop
2014-01-18T18:44:40+01:00 WARNING mem(real/peak):32.77MB/32.26MB ===> MANUAL EXECUTION: Process '844' was started manually, not by CRON job...
2014-01-18T18:44:40+01:00 INFO mem(real/peak):32.77MB/32.27MB ===> Schedule '844' has been already processed or does not exists.
2014-01-18T18:44:45+01:00 WARNING mem(real/peak):32.77MB/32.26MB ===> MANUAL EXECUTION: Process '844' was started manually, not by CRON job...
2014-01-18T18:44:45+01:00 INFO mem(real/peak):32.77MB/32.28MB ===> ====================== BEGIN (schedule id = 844) ==================
2014-01-18T18:44:45+01:00 INFO mem(real/peak):32.77MB/32.29MB ===> Schedule '844' has been executed.
2014-01-18T18:44:46+01:00 INFO mem(real/peak):32.77MB/32.32MB ===> Report for schedule '844' was saved.
2014-01-18T18:44:46+01:00 INFO mem(real/peak):34.87MB/34.43MB ===> Processing connection 'rakutenTEST'...
2014-01-18T18:44:46+01:00 INFO mem(real/peak):34.87MB/34.43MB ===> Destination: shop
2014-01-18T18:45:53+01:00 WARNING mem(real/peak):32.77MB/32.26MB ===> MANUAL EXECUTION: Process '844' was started manually, not by CRON job...
2014-01-18T18:45:53+01:00 INFO mem(real/peak):32.77MB/32.28MB ===> Schedule '844' has been already processed or does not exists.
2014-01-18T18:46:00+01:00 WARNING mem(real/peak):32.77MB/32.26MB ===> MANUAL EXECUTION: Process '844' was started manually, not by CRON job...
2014-01-18T18:46:00+01:00 INFO mem(real/peak):32.77MB/32.28MB ===> ====================== BEGIN (schedule id = 844) ==================
2014-01-18T18:46:00+01:00 INFO mem(real/peak):32.77MB/32.29MB ===> Schedule '844' has been executed.
2014-01-18T18:46:00+01:00 INFO mem(real/peak):32.77MB/32.32MB ===> Report for schedule '844' was saved.
2014-01-18T18:46:00+01:00 INFO mem(real/peak):34.87MB/34.43MB ===> Processing connection 'rakutenTEST'...
2014-01-18T18:46:00+01:00 INFO mem(real/peak):34.87MB/34.43MB ===> Destination: shop
2014-01-18T18:46:59+01:00 WARNING mem(real/peak):32.77MB/32.26MB ===> MANUAL EXECUTION: Process '844' was started manually, not by CRON job...
2014-01-18T18:46:59+01:00 INFO mem(real/peak):32.77MB/32.28MB ===> Schedule '844' has been already processed or does not exists.
2014-01-18T18:47:04+01:00 WARNING mem(real/peak):32.77MB/32.26MB ===> MANUAL EXECUTION: Process '844' was started manually, not by CRON job...
2014-01-18T18:47:04+01:00 INFO mem(real/peak):32.77MB/32.28MB ===> ====================== BEGIN (schedule id = 844) ==================
2014-01-18T18:47:04+01:00 INFO mem(real/peak):32.77MB/32.29MB ===> Schedule '844' has been executed.
2014-01-18T18:47:05+01:00 INFO mem(real/peak):32.77MB/32.32MB ===> Report for schedule '844' was saved.
2014-01-18T18:47:05+01:00 INFO mem(real/peak):34.87MB/34.43MB ===> Processing connection 'rakutenTEST'...
2014-01-18T18:47:05+01:00 INFO mem(real/peak):34.87MB/34.43MB ===> Destination: shop
2014-01-18T18:51:57+01:00 WARNING mem(real/peak):32.77MB/32.26MB ===> MANUAL EXECUTION: Process '844' was started manually, not by CRON job...
2014-01-18T18:51:57+01:00 INFO mem(real/peak):32.77MB/32.27MB ===> ====================== BEGIN (schedule id = 844) ==================
2014-01-18T18:51:57+01:00 INFO mem(real/peak):32.77MB/32.28MB ===> Schedule '844' has been executed.
2014-01-18T18:51:57+01:00 INFO mem(real/peak):32.77MB/32.31MB ===> Report for schedule '844' was saved.
2014-01-18T18:51:57+01:00 INFO mem(real/peak):34.87MB/34.43MB ===> Processing connection 'rakutenTEST'...
2014-01-18T18:51:57+01:00 INFO mem(real/peak):34.87MB/34.43MB ===> Destination: shop
2014-01-18T18:51:57+01:00 INFO mem(real/peak):34.87MB/34.43MB ===> Source input passing to 'Gateway\Handler\Erp\Rakuten\XML\Reader\Products' input.
