2014-01-18T16:09:57+01:00 INFO mem(real/peak):21.50MB/21.40MB ===> Reading XML from string...
2014-01-18T16:09:57+01:00 INFO mem(real/peak):21.50MB/21.40MB ===> Invalid input format. XML is expected.
2014-01-18T16:09:59+01:00 INFO mem(real/peak):21.50MB/21.40MB ===> Reading XML from string...
2014-01-18T16:09:59+01:00 INFO mem(real/peak):21.50MB/21.40MB ===> Invalid input format. XML is expected.
2014-01-18T16:12:29+01:00 INFO mem(real/peak):21.50MB/21.40MB ===> Reading XML from string...
2014-01-18T16:12:29+01:00 INFO mem(real/peak):21.50MB/21.40MB ===> Invalid input format. XML is expected.
2014-01-18T16:13:54+01:00 INFO mem(real/peak):23.59MB/23.48MB ===> Reading XML from string...
2014-01-18T16:13:54+01:00 INFO mem(real/peak):25.43MB/25.65MB ===> >>> Gateway\Handler\Erp\Rakuten\XML\Reader <<<
2014-01-18T16:13:54+01:00 INFO mem(real/peak):25.43MB/25.65MB ===> Starting XML to DataSource conversion...
2014-01-18T16:15:03+01:00 INFO mem(real/peak):23.59MB/23.48MB ===> Reading XML from string...
2014-01-18T16:15:03+01:00 INFO mem(real/peak):25.43MB/25.65MB ===> >>> Gateway\Handler\Erp\Rakuten\XML\Reader <<<
2014-01-18T16:15:03+01:00 INFO mem(real/peak):25.43MB/25.65MB ===> Starting XML to DataSource conversion...
2014-01-18T16:17:05+01:00 INFO mem(real/peak):21.50MB/21.39MB ===> Reading XML from string...
2014-01-18T16:17:05+01:00 INFO mem(real/peak):21.50MB/21.39MB ===> Invalid input format. XML is expected.
2014-01-18T16:17:14+01:00 INFO mem(real/peak):23.59MB/23.48MB ===> Reading XML from string...
2014-01-18T16:17:14+01:00 INFO mem(real/peak):25.43MB/25.65MB ===> >>> Gateway\Handler\Erp\Rakuten\XML\Reader <<<
2014-01-18T16:17:14+01:00 INFO mem(real/peak):25.43MB/25.65MB ===> Starting XML to DataSource conversion...
2014-01-18T16:36:21+01:00 INFO mem(real/peak):23.59MB/23.48MB ===> Reading XML from string...
2014-01-18T16:36:50+01:00 INFO mem(real/peak):23.59MB/23.48MB ===> Reading XML from string...
2014-01-18T16:37:58+01:00 INFO mem(real/peak):23.59MB/23.48MB ===> Reading XML from string...
2014-01-18T16:43:13+01:00 INFO mem(real/peak):30.15MB/29.83MB ===> Reading XML from file of '/var/www/gateway/temp/gateway//etron/rakutenTEST/put/products/20140118164313.xml'
2014-01-18T16:43:28+01:00 WARNING mem(real/peak):32.77MB/32.29MB ===> MANUAL EXECUTION: Process '836' was started manually, not by CRON job...
2014-01-18T16:43:28+01:00 INFO mem(real/peak):32.77MB/32.31MB ===> ====================== BEGIN (schedule id = 836) ==================
2014-01-18T16:47:50+01:00 WARNING mem(real/peak):32.77MB/32.29MB ===> MANUAL EXECUTION: Process '836' was started manually, not by CRON job...
2014-01-18T16:47:50+01:00 INFO mem(real/peak):32.77MB/32.31MB ===> ====================== BEGIN (schedule id = 836) ==================
2014-01-18T16:47:50+01:00 INFO mem(real/peak):32.77MB/32.32MB ===> Schedule '836' has been executed.
2014-01-18T16:47:50+01:00 INFO mem(real/peak):32.77MB/32.35MB ===> Report for schedule '836' was saved.
2014-01-18T16:47:51+01:00 INFO mem(real/peak):34.87MB/34.47MB ===> Processing connection 'rakutenTEST'...
2014-01-18T16:47:51+01:00 INFO mem(real/peak):34.87MB/34.47MB ===> Destination: shop
2014-01-18T16:47:51+01:00 INFO mem(real/peak):34.87MB/34.47MB ===> SUCCESS: Connection 'rakutenTEST' processing completed!
2014-01-18T16:47:51+01:00 INFO mem(real/peak):34.87MB/34.47MB ===> Execution finished successfully. Updating scheduler ...
2014-01-18T16:47:51+01:00 INFO mem(real/peak):34.87MB/34.47MB ===> Schedule '836' was finished.
2014-01-18T16:47:51+01:00 INFO mem(real/peak):34.87MB/34.48MB ===> Scheduler updated.
2014-01-18T16:47:51+01:00 INFO mem(real/peak):35.13MB/34.66MB ===> Schedule ID = '836' completed.
2014-01-18T16:47:51+01:00 INFO mem(real/peak):35.13MB/34.66MB ===> ===================== END  (schedule id = 836) =====================
2014-01-18T16:48:07+01:00 WARNING mem(real/peak):32.77MB/32.30MB ===> MANUAL EXECUTION: Process '836' was started manually, not by CRON job...
2014-01-18T16:48:07+01:00 INFO mem(real/peak):32.77MB/32.32MB ===> Schedule '836' has been already processed or does not exists.
2014-01-18T16:50:50+01:00 INFO mem(real/peak):30.15MB/29.84MB ===> Reading XML from file of '/var/www/gateway/temp/gateway//etron/rakutenTEST/put/products/20140118165049.xml'
2014-01-18T16:50:55+01:00 WARNING mem(real/peak):32.77MB/32.31MB ===> MANUAL EXECUTION: Process '837' was started manually, not by CRON job...
2014-01-18T16:50:55+01:00 INFO mem(real/peak):32.77MB/32.32MB ===> ====================== BEGIN (schedule id = 837) ==================
2014-01-18T16:50:55+01:00 INFO mem(real/peak):32.77MB/32.34MB ===> Schedule '837' has been executed.
2014-01-18T16:50:55+01:00 INFO mem(real/peak):32.77MB/32.37MB ===> Report for schedule '837' was saved.
2014-01-18T16:50:55+01:00 INFO mem(real/peak):34.87MB/34.48MB ===> Processing connection 'rakutenTEST'...
2014-01-18T16:50:55+01:00 INFO mem(real/peak):34.87MB/34.48MB ===> Destination: shop
2014-01-18T16:50:55+01:00 INFO mem(real/peak):34.87MB/34.48MB ===> SUCCESS: Connection 'rakutenTEST' processing completed!
2014-01-18T16:50:55+01:00 INFO mem(real/peak):34.87MB/34.48MB ===> Execution finished successfully. Updating scheduler ...
2014-01-18T16:50:55+01:00 INFO mem(real/peak):34.87MB/34.48MB ===> Schedule '837' was finished.
2014-01-18T16:50:55+01:00 INFO mem(real/peak):34.87MB/34.50MB ===> Scheduler updated.
2014-01-18T16:50:55+01:00 INFO mem(real/peak):35.13MB/34.68MB ===> Schedule ID = '837' completed.
2014-01-18T16:50:55+01:00 INFO mem(real/peak):35.13MB/34.68MB ===> ===================== END  (schedule id = 837) =====================
2014-01-18T16:51:00+01:00 WARNING mem(real/peak):32.77MB/32.32MB ===> MANUAL EXECUTION: Process '837' was started manually, not by CRON job...
2014-01-18T16:51:00+01:00 INFO mem(real/peak):32.77MB/32.34MB ===> Schedule '837' has been already processed or does not exists.
2014-01-18T16:59:19+01:00 INFO mem(real/peak):30.15MB/29.84MB ===> Reading XML from file of '/var/www/gateway/temp/gateway//etron/rakutenTEST/put/products/20140118165919.xml'
