2014-01-18T21:04:59+01:00 WARNING mem(real/peak):32.77MB/32.44MB ===> MANUAL EXECUTION: Process '844' was started manually, not by CRON job...
2014-01-18T21:04:59+01:00 INFO mem(real/peak):32.77MB/32.45MB ===> Schedule '844' has been already processed or does not exists.
2014-01-18T21:05:04+01:00 WARNING mem(real/peak):32.77MB/32.28MB ===> MANUAL EXECUTION: Process '844' was started manually, not by CRON job...
2014-01-18T21:05:04+01:00 INFO mem(real/peak):32.77MB/32.29MB ===> ====================== BEGIN (schedule id = 844) ==================
2014-01-18T21:05:04+01:00 INFO mem(real/peak):32.77MB/32.31MB ===> Schedule '844' has been executed.
2014-01-18T21:05:05+01:00 INFO mem(real/peak):32.77MB/32.34MB ===> Report for schedule '844' was saved.
2014-01-18T21:05:05+01:00 INFO mem(real/peak):34.87MB/34.45MB ===> Processing connection 'rakutenTEST'...
2014-01-18T21:05:05+01:00 INFO mem(real/peak):34.87MB/34.45MB ===> Destination: shop
2014-01-18T21:05:05+01:00 INFO mem(real/peak):34.87MB/34.45MB ===> Source input passing to 'Gateway\Handler\Erp\Rakuten\XML\Reader\Products' input.
2014-01-18T21:05:09+01:00 INFO mem(real/peak):37.49MB/37.85MB ===> Passing processed datasource from 'Gateway\Handler\Erp\Rakuten\XML\Reader\Products' to 'Gateway\Handler\Shop\Rakuten\API\Writer\Products' writer.
2014-01-18T21:05:09+01:00 INFO mem(real/peak):37.49MB/37.85MB ===> Executing writer process...
2014-01-18T21:05:57+01:00 WARNING mem(real/peak):32.77MB/32.28MB ===> MANUAL EXECUTION: Process '844' was started manually, not by CRON job...
2014-01-18T21:05:57+01:00 INFO mem(real/peak):32.77MB/32.29MB ===> Schedule '844' has been already processed or does not exists.
2014-01-18T21:06:02+01:00 WARNING mem(real/peak):32.77MB/32.28MB ===> MANUAL EXECUTION: Process '844' was started manually, not by CRON job...
2014-01-18T21:06:02+01:00 INFO mem(real/peak):32.77MB/32.29MB ===> ====================== BEGIN (schedule id = 844) ==================
2014-01-18T21:06:02+01:00 INFO mem(real/peak):32.77MB/32.31MB ===> Schedule '844' has been executed.
2014-01-18T21:06:02+01:00 INFO mem(real/peak):32.77MB/32.34MB ===> Report for schedule '844' was saved.
2014-01-18T21:06:02+01:00 INFO mem(real/peak):34.87MB/34.45MB ===> Processing connection 'rakutenTEST'...
2014-01-18T21:06:02+01:00 INFO mem(real/peak):34.87MB/34.45MB ===> Destination: shop
2014-01-18T21:06:02+01:00 INFO mem(real/peak):34.87MB/34.45MB ===> Source input passing to 'Gateway\Handler\Erp\Rakuten\XML\Reader\Products' input.
2014-01-18T21:06:07+01:00 INFO mem(real/peak):37.75MB/37.85MB ===> Passing processed datasource from 'Gateway\Handler\Erp\Rakuten\XML\Reader\Products' to 'Gateway\Handler\Shop\Rakuten\API\Writer\Products' writer.
2014-01-18T21:06:07+01:00 INFO mem(real/peak):37.75MB/37.85MB ===> Executing writer process...
2014-01-18T21:07:31+01:00 WARNING mem(real/peak):32.77MB/32.28MB ===> MANUAL EXECUTION: Process '844' was started manually, not by CRON job...
2014-01-18T21:07:31+01:00 INFO mem(real/peak):32.77MB/32.30MB ===> Schedule '844' has been already processed or does not exists.
2014-01-18T21:07:45+01:00 WARNING mem(real/peak):32.77MB/32.28MB ===> MANUAL EXECUTION: Process '844' was started manually, not by CRON job...
2014-01-18T21:07:45+01:00 INFO mem(real/peak):32.77MB/32.30MB ===> ====================== BEGIN (schedule id = 844) ==================
2014-01-18T21:07:45+01:00 INFO mem(real/peak):32.77MB/32.31MB ===> Schedule '844' has been executed.
2014-01-18T21:07:45+01:00 INFO mem(real/peak):32.77MB/32.34MB ===> Report for schedule '844' was saved.
2014-01-18T21:07:45+01:00 INFO mem(real/peak):34.87MB/34.45MB ===> Processing connection 'rakutenTEST'...
2014-01-18T21:07:45+01:00 INFO mem(real/peak):34.87MB/34.45MB ===> Destination: shop
2014-01-18T21:07:45+01:00 INFO mem(real/peak):34.87MB/34.45MB ===> Source input passing to 'Gateway\Handler\Erp\Rakuten\XML\Reader\Products' input.
2014-01-18T21:07:50+01:00 INFO mem(real/peak):37.75MB/37.83MB ===> Passing processed datasource from 'Gateway\Handler\Erp\Rakuten\XML\Reader\Products' to 'Gateway\Handler\Shop\Rakuten\API\Writer\Products' writer.
2014-01-18T21:07:50+01:00 INFO mem(real/peak):37.75MB/37.83MB ===> Executing writer process...
2014-01-18T21:08:36+01:00 WARNING mem(real/peak):32.77MB/32.28MB ===> MANUAL EXECUTION: Process '844' was started manually, not by CRON job...
2014-01-18T21:08:36+01:00 INFO mem(real/peak):32.77MB/32.29MB ===> Schedule '844' has been already processed or does not exists.
2014-01-18T21:08:41+01:00 WARNING mem(real/peak):32.77MB/32.28MB ===> MANUAL EXECUTION: Process '844' was started manually, not by CRON job...
2014-01-18T21:08:41+01:00 INFO mem(real/peak):32.77MB/32.30MB ===> ====================== BEGIN (schedule id = 844) ==================
2014-01-18T21:08:41+01:00 INFO mem(real/peak):32.77MB/32.30MB ===> Schedule '844' has been executed.
2014-01-18T21:08:41+01:00 INFO mem(real/peak):32.77MB/32.34MB ===> Report for schedule '844' was saved.
2014-01-18T21:08:41+01:00 INFO mem(real/peak):34.87MB/34.45MB ===> Processing connection 'rakutenTEST'...
2014-01-18T21:08:41+01:00 INFO mem(real/peak):34.87MB/34.45MB ===> Destination: shop
2014-01-18T21:08:41+01:00 INFO mem(real/peak):34.87MB/34.45MB ===> Source input passing to 'Gateway\Handler\Erp\Rakuten\XML\Reader\Products' input.
2014-01-18T21:08:46+01:00 INFO mem(real/peak):37.75MB/37.84MB ===> Passing processed datasource from 'Gateway\Handler\Erp\Rakuten\XML\Reader\Products' to 'Gateway\Handler\Shop\Rakuten\API\Writer\Products' writer.
2014-01-18T21:08:46+01:00 INFO mem(real/peak):37.75MB/37.84MB ===> Executing writer process...
2014-01-18T21:09:00+01:00 WARNING mem(real/peak):32.77MB/32.28MB ===> MANUAL EXECUTION: Process '844' was started manually, not by CRON job...
2014-01-18T21:09:00+01:00 INFO mem(real/peak):32.77MB/32.29MB ===> Schedule '844' has been already processed or does not exists.
2014-01-18T21:09:05+01:00 WARNING mem(real/peak):32.77MB/32.28MB ===> MANUAL EXECUTION: Process '844' was started manually, not by CRON job...
2014-01-18T21:09:05+01:00 INFO mem(real/peak):32.77MB/32.30MB ===> ====================== BEGIN (schedule id = 844) ==================
2014-01-18T21:09:05+01:00 INFO mem(real/peak):32.77MB/32.31MB ===> Schedule '844' has been executed.
2014-01-18T21:09:05+01:00 INFO mem(real/peak):32.77MB/32.34MB ===> Report for schedule '844' was saved.
2014-01-18T21:09:05+01:00 INFO mem(real/peak):34.87MB/34.45MB ===> Processing connection 'rakutenTEST'...
2014-01-18T21:09:05+01:00 INFO mem(real/peak):34.87MB/34.45MB ===> Destination: shop
2014-01-18T21:09:05+01:00 INFO mem(real/peak):34.87MB/34.45MB ===> Source input passing to 'Gateway\Handler\Erp\Rakuten\XML\Reader\Products' input.
2014-01-18T21:09:09+01:00 INFO mem(real/peak):37.75MB/37.83MB ===> Passing processed datasource from 'Gateway\Handler\Erp\Rakuten\XML\Reader\Products' to 'Gateway\Handler\Shop\Rakuten\API\Writer\Products' writer.
2014-01-18T21:09:09+01:00 INFO mem(real/peak):37.75MB/37.83MB ===> Executing writer process...
2014-01-18T21:09:39+01:00 WARNING mem(real/peak):32.77MB/32.28MB ===> MANUAL EXECUTION: Process '844' was started manually, not by CRON job...
2014-01-18T21:09:39+01:00 INFO mem(real/peak):32.77MB/32.29MB ===> Schedule '844' has been already processed or does not exists.
2014-01-18T21:09:43+01:00 WARNING mem(real/peak):32.77MB/32.28MB ===> MANUAL EXECUTION: Process '844' was started manually, not by CRON job...
2014-01-18T21:09:43+01:00 INFO mem(real/peak):32.77MB/32.30MB ===> ====================== BEGIN (schedule id = 844) ==================
2014-01-18T21:09:43+01:00 INFO mem(real/peak):32.77MB/32.31MB ===> Schedule '844' has been executed.
2014-01-18T21:09:43+01:00 INFO mem(real/peak):32.77MB/32.34MB ===> Report for schedule '844' was saved.
2014-01-18T21:09:43+01:00 INFO mem(real/peak):34.87MB/34.46MB ===> Processing connection 'rakutenTEST'...
2014-01-18T21:09:43+01:00 INFO mem(real/peak):34.87MB/34.46MB ===> Destination: shop
2014-01-18T21:09:43+01:00 INFO mem(real/peak):34.87MB/34.46MB ===> Source input passing to 'Gateway\Handler\Erp\Rakuten\XML\Reader\Products' input.
2014-01-18T21:09:47+01:00 INFO mem(real/peak):37.49MB/37.82MB ===> Passing processed datasource from 'Gateway\Handler\Erp\Rakuten\XML\Reader\Products' to 'Gateway\Handler\Shop\Rakuten\API\Writer\Products' writer.
2014-01-18T21:09:47+01:00 INFO mem(real/peak):37.49MB/37.82MB ===> Executing writer process...
2014-01-18T21:10:18+01:00 WARNING mem(real/peak):32.77MB/32.28MB ===> MANUAL EXECUTION: Process '844' was started manually, not by CRON job...
2014-01-18T21:10:18+01:00 INFO mem(real/peak):32.77MB/32.30MB ===> Schedule '844' has been already processed or does not exists.
2014-01-18T21:10:23+01:00 WARNING mem(real/peak):32.77MB/32.28MB ===> MANUAL EXECUTION: Process '844' was started manually, not by CRON job...
2014-01-18T21:10:23+01:00 INFO mem(real/peak):32.77MB/32.30MB ===> ====================== BEGIN (schedule id = 844) ==================
2014-01-18T21:10:23+01:00 INFO mem(real/peak):32.77MB/32.31MB ===> Schedule '844' has been executed.
2014-01-18T21:10:23+01:00 INFO mem(real/peak):32.77MB/32.34MB ===> Report for schedule '844' was saved.
2014-01-18T21:10:23+01:00 INFO mem(real/peak):34.87MB/34.45MB ===> Processing connection 'rakutenTEST'...
2014-01-18T21:10:23+01:00 INFO mem(real/peak):34.87MB/34.45MB ===> Destination: shop
2014-01-18T21:10:23+01:00 INFO mem(real/peak):34.87MB/34.45MB ===> Source input passing to 'Gateway\Handler\Erp\Rakuten\XML\Reader\Products' input.
2014-01-18T21:10:27+01:00 INFO mem(real/peak):37.75MB/37.82MB ===> Passing processed datasource from 'Gateway\Handler\Erp\Rakuten\XML\Reader\Products' to 'Gateway\Handler\Shop\Rakuten\API\Writer\Products' writer.
2014-01-18T21:10:27+01:00 INFO mem(real/peak):37.75MB/37.82MB ===> Executing writer process...
2014-01-18T21:11:46+01:00 WARNING mem(real/peak):32.77MB/32.28MB ===> MANUAL EXECUTION: Process '844' was started manually, not by CRON job...
2014-01-18T21:11:46+01:00 INFO mem(real/peak):32.77MB/32.30MB ===> Schedule '844' has been already processed or does not exists.
2014-01-18T21:11:54+01:00 WARNING mem(real/peak):32.77MB/32.28MB ===> MANUAL EXECUTION: Process '844' was started manually, not by CRON job...
2014-01-18T21:11:54+01:00 INFO mem(real/peak):32.77MB/32.30MB ===> ====================== BEGIN (schedule id = 844) ==================
2014-01-18T21:11:55+01:00 INFO mem(real/peak):32.77MB/32.31MB ===> Schedule '844' has been executed.
2014-01-18T21:11:55+01:00 INFO mem(real/peak):32.77MB/32.34MB ===> Report for schedule '844' was saved.
2014-01-18T21:11:55+01:00 INFO mem(real/peak):34.87MB/34.45MB ===> Processing connection 'rakutenTEST'...
2014-01-18T21:11:55+01:00 INFO mem(real/peak):34.87MB/34.45MB ===> Destination: shop
2014-01-18T21:11:55+01:00 INFO mem(real/peak):34.87MB/34.45MB ===> Source input passing to 'Gateway\Handler\Erp\Rakuten\XML\Reader\Products' input.
2014-01-18T21:11:59+01:00 INFO mem(real/peak):37.49MB/37.83MB ===> Passing processed datasource from 'Gateway\Handler\Erp\Rakuten\XML\Reader\Products' to 'Gateway\Handler\Shop\Rakuten\API\Writer\Products' writer.
2014-01-18T21:11:59+01:00 INFO mem(real/peak):37.49MB/37.83MB ===> Executing writer process...
2014-01-18T21:15:37+01:00 WARNING mem(real/peak):32.77MB/32.31MB ===> MANUAL EXECUTION: Process '844' was started manually, not by CRON job...
2014-01-18T21:15:37+01:00 INFO mem(real/peak):32.77MB/32.33MB ===> Schedule '844' has been already processed or does not exists.
2014-01-18T21:15:47+01:00 WARNING mem(real/peak):32.77MB/32.31MB ===> MANUAL EXECUTION: Process '844' was started manually, not by CRON job...
2014-01-18T21:15:47+01:00 INFO mem(real/peak):32.77MB/32.33MB ===> ====================== BEGIN (schedule id = 844) ==================
2014-01-18T21:15:47+01:00 INFO mem(real/peak):32.77MB/32.33MB ===> Schedule '844' has been executed.
2014-01-18T21:15:47+01:00 INFO mem(real/peak):32.77MB/32.37MB ===> Report for schedule '844' was saved.
2014-01-18T21:15:47+01:00 INFO mem(real/peak):34.87MB/34.48MB ===> Processing connection 'rakutenTEST'...
2014-01-18T21:15:47+01:00 INFO mem(real/peak):34.87MB/34.48MB ===> Destination: shop
2014-01-18T21:15:47+01:00 INFO mem(real/peak):34.87MB/34.48MB ===> Source input passing to 'Gateway\Handler\Erp\Rakuten\XML\Reader\Products' input.
2014-01-18T21:15:51+01:00 INFO mem(real/peak):37.49MB/37.84MB ===> Passing processed datasource from 'Gateway\Handler\Erp\Rakuten\XML\Reader\Products' to 'Gateway\Handler\Shop\Rakuten\API\Writer\Products' writer.
2014-01-18T21:15:51+01:00 INFO mem(real/peak):37.49MB/37.84MB ===> Executing writer process...
2014-01-18T21:16:01+01:00 WARNING mem(real/peak):32.77MB/32.31MB ===> MANUAL EXECUTION: Process '844' was started manually, not by CRON job...
2014-01-18T21:16:01+01:00 INFO mem(real/peak):32.77MB/32.33MB ===> Schedule '844' has been already processed or does not exists.
2014-01-18T21:16:08+01:00 WARNING mem(real/peak):32.77MB/32.31MB ===> MANUAL EXECUTION: Process '844' was started manually, not by CRON job...
2014-01-18T21:16:08+01:00 INFO mem(real/peak):32.77MB/32.33MB ===> ====================== BEGIN (schedule id = 844) ==================
2014-01-18T21:16:08+01:00 INFO mem(real/peak):32.77MB/32.34MB ===> Schedule '844' has been executed.
2014-01-18T21:16:09+01:00 INFO mem(real/peak):32.77MB/32.37MB ===> Report for schedule '844' was saved.
2014-01-18T21:16:09+01:00 INFO mem(real/peak):34.87MB/34.48MB ===> Processing connection 'rakutenTEST'...
2014-01-18T21:16:09+01:00 INFO mem(real/peak):34.87MB/34.48MB ===> Destination: shop
2014-01-18T21:16:09+01:00 INFO mem(real/peak):34.87MB/34.48MB ===> Source input passing to 'Gateway\Handler\Erp\Rakuten\XML\Reader\Products' input.
2014-01-18T21:16:13+01:00 INFO mem(real/peak):37.22MB/37.83MB ===> Passing processed datasource from 'Gateway\Handler\Erp\Rakuten\XML\Reader\Products' to 'Gateway\Handler\Shop\Rakuten\API\Writer\Products' writer.
2014-01-18T21:16:13+01:00 INFO mem(real/peak):37.22MB/37.83MB ===> Executing writer process...
2014-01-18T21:16:34+01:00 WARNING mem(real/peak):32.77MB/32.31MB ===> MANUAL EXECUTION: Process '844' was started manually, not by CRON job...
2014-01-18T21:16:34+01:00 INFO mem(real/peak):32.77MB/32.33MB ===> Schedule '844' has been already processed or does not exists.
2014-01-18T21:16:39+01:00 WARNING mem(real/peak):32.77MB/32.31MB ===> MANUAL EXECUTION: Process '844' was started manually, not by CRON job...
2014-01-18T21:16:39+01:00 INFO mem(real/peak):32.77MB/32.33MB ===> ====================== BEGIN (schedule id = 844) ==================
2014-01-18T21:16:39+01:00 INFO mem(real/peak):32.77MB/32.34MB ===> Schedule '844' has been executed.
2014-01-18T21:16:39+01:00 INFO mem(real/peak):32.77MB/32.37MB ===> Report for schedule '844' was saved.
2014-01-18T21:16:39+01:00 INFO mem(real/peak):34.87MB/34.49MB ===> Processing connection 'rakutenTEST'...
2014-01-18T21:16:39+01:00 INFO mem(real/peak):34.87MB/34.49MB ===> Destination: shop
2014-01-18T21:16:39+01:00 INFO mem(real/peak):34.87MB/34.49MB ===> Source input passing to 'Gateway\Handler\Erp\Rakuten\XML\Reader\Products' input.
2014-01-18T21:16:43+01:00 INFO mem(real/peak):37.49MB/37.83MB ===> Passing processed datasource from 'Gateway\Handler\Erp\Rakuten\XML\Reader\Products' to 'Gateway\Handler\Shop\Rakuten\API\Writer\Products' writer.
2014-01-18T21:16:43+01:00 INFO mem(real/peak):37.49MB/37.83MB ===> Executing writer process...
2014-01-18T21:17:01+01:00 WARNING mem(real/peak):32.77MB/32.31MB ===> MANUAL EXECUTION: Process '844' was started manually, not by CRON job...
2014-01-18T21:17:01+01:00 INFO mem(real/peak):32.77MB/32.33MB ===> Schedule '844' has been already processed or does not exists.
2014-01-18T21:17:06+01:00 WARNING mem(real/peak):32.77MB/32.32MB ===> MANUAL EXECUTION: Process '844' was started manually, not by CRON job...
2014-01-18T21:17:06+01:00 INFO mem(real/peak):32.77MB/32.33MB ===> ====================== BEGIN (schedule id = 844) ==================
2014-01-18T21:17:06+01:00 INFO mem(real/peak):32.77MB/32.34MB ===> Schedule '844' has been executed.
2014-01-18T21:17:06+01:00 INFO mem(real/peak):32.77MB/32.37MB ===> Report for schedule '844' was saved.
2014-01-18T21:17:06+01:00 INFO mem(real/peak):34.87MB/34.49MB ===> Processing connection 'rakutenTEST'...
2014-01-18T21:17:06+01:00 INFO mem(real/peak):34.87MB/34.49MB ===> Destination: shop
2014-01-18T21:17:06+01:00 INFO mem(real/peak):34.87MB/34.49MB ===> Source input passing to 'Gateway\Handler\Erp\Rakuten\XML\Reader\Products' input.
2014-01-18T21:17:10+01:00 INFO mem(real/peak):37.49MB/37.82MB ===> Passing processed datasource from 'Gateway\Handler\Erp\Rakuten\XML\Reader\Products' to 'Gateway\Handler\Shop\Rakuten\API\Writer\Products' writer.
2014-01-18T21:17:10+01:00 INFO mem(real/peak):37.49MB/37.82MB ===> Executing writer process...
2014-01-18T21:17:35+01:00 WARNING mem(real/peak):32.77MB/32.32MB ===> MANUAL EXECUTION: Process '844' was started manually, not by CRON job...
2014-01-18T21:17:35+01:00 INFO mem(real/peak):32.77MB/32.33MB ===> Schedule '844' has been already processed or does not exists.
2014-01-18T21:17:38+01:00 INFO mem(real/peak):25.43MB/24.95MB ===> Schedule 844 was force finished.
2014-01-18T21:17:46+01:00 WARNING mem(real/peak):32.77MB/32.32MB ===> MANUAL EXECUTION: Process '844' was started manually, not by CRON job...
2014-01-18T21:17:46+01:00 INFO mem(real/peak):32.77MB/32.34MB ===> ====================== BEGIN (schedule id = 844) ==================
2014-01-18T21:17:46+01:00 INFO mem(real/peak):32.77MB/32.35MB ===> Schedule '844' has been executed.
2014-01-18T21:17:46+01:00 INFO mem(real/peak):32.77MB/32.38MB ===> Report for schedule '844' was saved.
2014-01-18T21:17:46+01:00 INFO mem(real/peak):34.87MB/34.49MB ===> Processing connection 'rakutenTEST'...
2014-01-18T21:17:46+01:00 INFO mem(real/peak):34.87MB/34.49MB ===> Destination: shop
2014-01-18T21:17:46+01:00 INFO mem(real/peak):34.87MB/34.49MB ===> Source input passing to 'Gateway\Handler\Erp\Rakuten\XML\Reader\Products' input.
2014-01-18T21:17:50+01:00 INFO mem(real/peak):37.75MB/37.82MB ===> Passing processed datasource from 'Gateway\Handler\Erp\Rakuten\XML\Reader\Products' to 'Gateway\Handler\Shop\Rakuten\API\Writer\Products' writer.
2014-01-18T21:17:50+01:00 INFO mem(real/peak):37.75MB/37.82MB ===> Executing writer process...
2014-01-18T21:18:32+01:00 WARNING mem(real/peak):32.77MB/32.32MB ===> MANUAL EXECUTION: Process '844' was started manually, not by CRON job...
2014-01-18T21:18:32+01:00 INFO mem(real/peak):32.77MB/32.33MB ===> Schedule '844' has been already processed or does not exists.
2014-01-18T21:18:37+01:00 WARNING mem(real/peak):32.77MB/32.32MB ===> MANUAL EXECUTION: Process '844' was started manually, not by CRON job...
2014-01-18T21:18:37+01:00 INFO mem(real/peak):32.77MB/32.34MB ===> ====================== BEGIN (schedule id = 844) ==================
2014-01-18T21:18:37+01:00 INFO mem(real/peak):32.77MB/32.35MB ===> Schedule '844' has been executed.
2014-01-18T21:18:37+01:00 INFO mem(real/peak):32.77MB/32.38MB ===> Report for schedule '844' was saved.
2014-01-18T21:18:37+01:00 INFO mem(real/peak):34.87MB/34.49MB ===> Processing connection 'rakutenTEST'...
2014-01-18T21:18:37+01:00 INFO mem(real/peak):34.87MB/34.49MB ===> Destination: shop
2014-01-18T21:18:37+01:00 INFO mem(real/peak):34.87MB/34.49MB ===> Source input passing to 'Gateway\Handler\Erp\Rakuten\XML\Reader\Products' input.
2014-01-18T21:18:41+01:00 INFO mem(real/peak):37.49MB/37.82MB ===> Passing processed datasource from 'Gateway\Handler\Erp\Rakuten\XML\Reader\Products' to 'Gateway\Handler\Shop\Rakuten\API\Writer\Products' writer.
2014-01-18T21:18:41+01:00 INFO mem(real/peak):37.49MB/37.82MB ===> Executing writer process...
2014-01-18T21:19:05+01:00 WARNING mem(real/peak):32.77MB/32.32MB ===> MANUAL EXECUTION: Process '844' was started manually, not by CRON job...
2014-01-18T21:19:05+01:00 INFO mem(real/peak):32.77MB/32.34MB ===> Schedule '844' has been already processed or does not exists.
2014-01-18T21:19:09+01:00 WARNING mem(real/peak):32.77MB/32.32MB ===> MANUAL EXECUTION: Process '844' was started manually, not by CRON job...
2014-01-18T21:19:09+01:00 INFO mem(real/peak):32.77MB/32.34MB ===> ====================== BEGIN (schedule id = 844) ==================
2014-01-18T21:19:09+01:00 INFO mem(real/peak):32.77MB/32.35MB ===> Schedule '844' has been executed.
2014-01-18T21:19:09+01:00 INFO mem(real/peak):32.77MB/32.38MB ===> Report for schedule '844' was saved.
2014-01-18T21:19:09+01:00 INFO mem(real/peak):34.87MB/34.49MB ===> Processing connection 'rakutenTEST'...
2014-01-18T21:19:09+01:00 INFO mem(real/peak):34.87MB/34.49MB ===> Destination: shop
2014-01-18T21:19:09+01:00 INFO mem(real/peak):34.87MB/34.49MB ===> Source input passing to 'Gateway\Handler\Erp\Rakuten\XML\Reader\Products' input.
2014-01-18T21:19:14+01:00 INFO mem(real/peak):37.75MB/37.81MB ===> Passing processed datasource from 'Gateway\Handler\Erp\Rakuten\XML\Reader\Products' to 'Gateway\Handler\Shop\Rakuten\API\Writer\Products' writer.
2014-01-18T21:19:14+01:00 INFO mem(real/peak):37.75MB/37.81MB ===> Executing writer process...
2014-01-18T21:20:24+01:00 WARNING mem(real/peak):32.77MB/32.34MB ===> MANUAL EXECUTION: Process '844' was started manually, not by CRON job...
2014-01-18T21:20:24+01:00 INFO mem(real/peak):32.77MB/32.35MB ===> Schedule '844' has been already processed or does not exists.
2014-01-18T21:20:29+01:00 WARNING mem(real/peak):32.77MB/32.34MB ===> MANUAL EXECUTION: Process '844' was started manually, not by CRON job...
2014-01-18T21:20:29+01:00 INFO mem(real/peak):32.77MB/32.36MB ===> ====================== BEGIN (schedule id = 844) ==================
2014-01-18T21:20:29+01:00 INFO mem(real/peak):32.77MB/32.37MB ===> Schedule '844' has been executed.
2014-01-18T21:20:29+01:00 INFO mem(real/peak):32.77MB/32.40MB ===> Report for schedule '844' was saved.
2014-01-18T21:20:29+01:00 INFO mem(real/peak):34.87MB/34.51MB ===> Processing connection 'rakutenTEST'...
2014-01-18T21:20:29+01:00 INFO mem(real/peak):34.87MB/34.51MB ===> Destination: shop
2014-01-18T21:20:29+01:00 INFO mem(real/peak):34.87MB/34.51MB ===> Source input passing to 'Gateway\Handler\Erp\Rakuten\XML\Reader\Products' input.
2014-01-18T21:20:33+01:00 INFO mem(real/peak):37.49MB/37.82MB ===> Passing processed datasource from 'Gateway\Handler\Erp\Rakuten\XML\Reader\Products' to 'Gateway\Handler\Shop\Rakuten\API\Writer\Products' writer.
2014-01-18T21:20:33+01:00 INFO mem(real/peak):37.49MB/37.82MB ===> Executing writer process...
2014-01-18T21:20:53+01:00 WARNING mem(real/peak):32.77MB/32.34MB ===> MANUAL EXECUTION: Process '844' was started manually, not by CRON job...
2014-01-18T21:20:53+01:00 INFO mem(real/peak):32.77MB/32.36MB ===> Schedule '844' has been already processed or does not exists.
2014-01-18T21:20:58+01:00 WARNING mem(real/peak):32.77MB/32.34MB ===> MANUAL EXECUTION: Process '844' was started manually, not by CRON job...
2014-01-18T21:20:58+01:00 INFO mem(real/peak):32.77MB/32.36MB ===> ====================== BEGIN (schedule id = 844) ==================
2014-01-18T21:20:58+01:00 INFO mem(real/peak):32.77MB/32.37MB ===> Schedule '844' has been executed.
2014-01-18T21:20:58+01:00 INFO mem(real/peak):32.77MB/32.40MB ===> Report for schedule '844' was saved.
2014-01-18T21:20:58+01:00 INFO mem(real/peak):34.87MB/34.51MB ===> Processing connection 'rakutenTEST'...
2014-01-18T21:20:58+01:00 INFO mem(real/peak):34.87MB/34.51MB ===> Destination: shop
2014-01-18T21:20:58+01:00 INFO mem(real/peak):34.87MB/34.51MB ===> Source input passing to 'Gateway\Handler\Erp\Rakuten\XML\Reader\Products' input.
2014-01-18T21:21:02+01:00 INFO mem(real/peak):37.49MB/37.81MB ===> Passing processed datasource from 'Gateway\Handler\Erp\Rakuten\XML\Reader\Products' to 'Gateway\Handler\Shop\Rakuten\API\Writer\Products' writer.
2014-01-18T21:21:02+01:00 INFO mem(real/peak):37.49MB/37.81MB ===> Executing writer process...
2014-01-18T21:21:48+01:00 WARNING mem(real/peak):32.77MB/32.34MB ===> MANUAL EXECUTION: Process '844' was started manually, not by CRON job...
2014-01-18T21:21:48+01:00 INFO mem(real/peak):32.77MB/32.36MB ===> Schedule '844' has been already processed or does not exists.
2014-01-18T21:21:56+01:00 WARNING mem(real/peak):32.77MB/32.34MB ===> MANUAL EXECUTION: Process '844' was started manually, not by CRON job...
2014-01-18T21:21:56+01:00 INFO mem(real/peak):32.77MB/32.36MB ===> ====================== BEGIN (schedule id = 844) ==================
2014-01-18T21:21:56+01:00 INFO mem(real/peak):32.77MB/32.37MB ===> Schedule '844' has been executed.
2014-01-18T21:21:56+01:00 INFO mem(real/peak):32.77MB/32.40MB ===> Report for schedule '844' was saved.
2014-01-18T21:21:56+01:00 INFO mem(real/peak):34.87MB/34.51MB ===> Processing connection 'rakutenTEST'...
2014-01-18T21:21:56+01:00 INFO mem(real/peak):34.87MB/34.51MB ===> Destination: shop
2014-01-18T21:21:56+01:00 INFO mem(real/peak):34.87MB/34.51MB ===> Source input passing to 'Gateway\Handler\Erp\Rakuten\XML\Reader\Products' input.
2014-01-18T21:22:01+01:00 INFO mem(real/peak):37.75MB/37.81MB ===> Passing processed datasource from 'Gateway\Handler\Erp\Rakuten\XML\Reader\Products' to 'Gateway\Handler\Shop\Rakuten\API\Writer\Products' writer.
2014-01-18T21:22:01+01:00 INFO mem(real/peak):37.75MB/37.81MB ===> Executing writer process...
2014-01-18T21:23:06+01:00 WARNING mem(real/peak):32.77MB/32.34MB ===> MANUAL EXECUTION: Process '844' was started manually, not by CRON job...
2014-01-18T21:23:06+01:00 INFO mem(real/peak):32.77MB/32.36MB ===> Schedule '844' has been already processed or does not exists.
2014-01-18T21:23:12+01:00 WARNING mem(real/peak):32.77MB/32.34MB ===> MANUAL EXECUTION: Process '844' was started manually, not by CRON job...
2014-01-18T21:23:12+01:00 INFO mem(real/peak):32.77MB/32.36MB ===> ====================== BEGIN (schedule id = 844) ==================
2014-01-18T21:23:12+01:00 INFO mem(real/peak):32.77MB/32.37MB ===> Schedule '844' has been executed.
2014-01-18T21:23:12+01:00 INFO mem(real/peak):32.77MB/32.40MB ===> Report for schedule '844' was saved.
2014-01-18T21:23:12+01:00 INFO mem(real/peak):34.87MB/34.52MB ===> Processing connection 'rakutenTEST'...
2014-01-18T21:23:12+01:00 INFO mem(real/peak):34.87MB/34.52MB ===> Destination: shop
2014-01-18T21:23:12+01:00 INFO mem(real/peak):34.87MB/34.52MB ===> Source input passing to 'Gateway\Handler\Erp\Rakuten\XML\Reader\Products' input.
2014-01-18T21:23:16+01:00 INFO mem(real/peak):37.22MB/37.81MB ===> Passing processed datasource from 'Gateway\Handler\Erp\Rakuten\XML\Reader\Products' to 'Gateway\Handler\Shop\Rakuten\API\Writer\Products' writer.
2014-01-18T21:23:16+01:00 INFO mem(real/peak):37.22MB/37.81MB ===> Executing writer process...
2014-01-18T21:24:34+01:00 WARNING mem(real/peak):32.77MB/32.34MB ===> MANUAL EXECUTION: Process '844' was started manually, not by CRON job...
2014-01-18T21:24:34+01:00 INFO mem(real/peak):32.77MB/32.36MB ===> Schedule '844' has been already processed or does not exists.
2014-01-18T21:24:40+01:00 WARNING mem(real/peak):32.77MB/32.35MB ===> MANUAL EXECUTION: Process '844' was started manually, not by CRON job...
2014-01-18T21:24:40+01:00 INFO mem(real/peak):32.77MB/32.36MB ===> ====================== BEGIN (schedule id = 844) ==================
2014-01-18T21:24:40+01:00 INFO mem(real/peak):32.77MB/32.37MB ===> Schedule '844' has been executed.
2014-01-18T21:24:40+01:00 INFO mem(real/peak):32.77MB/32.41MB ===> Report for schedule '844' was saved.
2014-01-18T21:24:40+01:00 INFO mem(real/peak):34.87MB/34.52MB ===> Processing connection 'rakutenTEST'...
2014-01-18T21:24:40+01:00 INFO mem(real/peak):34.87MB/34.52MB ===> Destination: shop
2014-01-18T21:24:40+01:00 INFO mem(real/peak):34.87MB/34.52MB ===> Source input passing to 'Gateway\Handler\Erp\Rakuten\XML\Reader\Products' input.
2014-01-18T21:24:44+01:00 INFO mem(real/peak):37.49MB/37.80MB ===> Passing processed datasource from 'Gateway\Handler\Erp\Rakuten\XML\Reader\Products' to 'Gateway\Handler\Shop\Rakuten\API\Writer\Products' writer.
2014-01-18T21:24:44+01:00 INFO mem(real/peak):37.49MB/37.80MB ===> Executing writer process...
2014-01-18T21:28:45+01:00 WARNING mem(real/peak):32.77MB/32.35MB ===> MANUAL EXECUTION: Process '844' was started manually, not by CRON job...
2014-01-18T21:28:45+01:00 INFO mem(real/peak):32.77MB/32.36MB ===> Schedule '844' has been already processed or does not exists.
2014-01-18T21:28:53+01:00 WARNING mem(real/peak):32.77MB/32.35MB ===> MANUAL EXECUTION: Process '844' was started manually, not by CRON job...
2014-01-18T21:28:53+01:00 INFO mem(real/peak):32.77MB/32.37MB ===> ====================== BEGIN (schedule id = 844) ==================
2014-01-18T21:28:53+01:00 INFO mem(real/peak):32.77MB/32.38MB ===> Schedule '844' has been executed.
2014-01-18T21:28:53+01:00 INFO mem(real/peak):32.77MB/32.41MB ===> Report for schedule '844' was saved.
2014-01-18T21:28:53+01:00 INFO mem(real/peak):34.87MB/34.52MB ===> Processing connection 'rakutenTEST'...
2014-01-18T21:28:53+01:00 INFO mem(real/peak):34.87MB/34.52MB ===> Destination: shop
2014-01-18T21:28:53+01:00 INFO mem(real/peak):34.87MB/34.52MB ===> Source input passing to 'Gateway\Handler\Erp\Rakuten\XML\Reader\Products' input.
2014-01-18T21:28:58+01:00 INFO mem(real/peak):37.22MB/37.80MB ===> Passing processed datasource from 'Gateway\Handler\Erp\Rakuten\XML\Reader\Products' to 'Gateway\Handler\Shop\Rakuten\API\Writer\Products' writer.
2014-01-18T21:28:58+01:00 INFO mem(real/peak):37.22MB/37.80MB ===> Executing writer process...
2014-01-18T21:29:40+01:00 WARNING mem(real/peak):32.77MB/32.35MB ===> MANUAL EXECUTION: Process '844' was started manually, not by CRON job...
2014-01-18T21:29:40+01:00 INFO mem(real/peak):32.77MB/32.37MB ===> Schedule '844' has been already processed or does not exists.
2014-01-18T21:29:46+01:00 WARNING mem(real/peak):32.77MB/32.35MB ===> MANUAL EXECUTION: Process '844' was started manually, not by CRON job...
2014-01-18T21:29:46+01:00 INFO mem(real/peak):32.77MB/32.37MB ===> ====================== BEGIN (schedule id = 844) ==================
2014-01-18T21:29:46+01:00 INFO mem(real/peak):32.77MB/32.38MB ===> Schedule '844' has been executed.
2014-01-18T21:29:46+01:00 INFO mem(real/peak):32.77MB/32.41MB ===> Report for schedule '844' was saved.
2014-01-18T21:29:46+01:00 INFO mem(real/peak):34.87MB/34.52MB ===> Processing connection 'rakutenTEST'...
2014-01-18T21:29:46+01:00 INFO mem(real/peak):34.87MB/34.52MB ===> Destination: shop
2014-01-18T21:29:46+01:00 INFO mem(real/peak):34.87MB/34.52MB ===> Source input passing to 'Gateway\Handler\Erp\Rakuten\XML\Reader\Products' input.
2014-01-18T21:29:50+01:00 INFO mem(real/peak):37.49MB/37.79MB ===> Passing processed datasource from 'Gateway\Handler\Erp\Rakuten\XML\Reader\Products' to 'Gateway\Handler\Shop\Rakuten\API\Writer\Products' writer.
2014-01-18T21:29:50+01:00 INFO mem(real/peak):37.49MB/37.79MB ===> Executing writer process...
2014-01-18T21:30:02+01:00 WARNING mem(real/peak):32.77MB/32.35MB ===> MANUAL EXECUTION: Process '844' was started manually, not by CRON job...
2014-01-18T21:30:02+01:00 INFO mem(real/peak):32.77MB/32.37MB ===> Schedule '844' has been already processed or does not exists.
2014-01-18T21:30:06+01:00 WARNING mem(real/peak):32.77MB/32.35MB ===> MANUAL EXECUTION: Process '844' was started manually, not by CRON job...
2014-01-18T21:30:06+01:00 INFO mem(real/peak):32.77MB/32.37MB ===> ====================== BEGIN (schedule id = 844) ==================
2014-01-18T21:30:06+01:00 INFO mem(real/peak):32.77MB/32.38MB ===> Schedule '844' has been executed.
2014-01-18T21:30:07+01:00 INFO mem(real/peak):32.77MB/32.41MB ===> Report for schedule '844' was saved.
2014-01-18T21:30:07+01:00 INFO mem(real/peak):34.87MB/34.52MB ===> Processing connection 'rakutenTEST'...
2014-01-18T21:30:07+01:00 INFO mem(real/peak):34.87MB/34.52MB ===> Destination: shop
2014-01-18T21:30:07+01:00 INFO mem(real/peak):34.87MB/34.52MB ===> Source input passing to 'Gateway\Handler\Erp\Rakuten\XML\Reader\Products' input.
2014-01-18T21:30:11+01:00 INFO mem(real/peak):37.75MB/37.79MB ===> Passing processed datasource from 'Gateway\Handler\Erp\Rakuten\XML\Reader\Products' to 'Gateway\Handler\Shop\Rakuten\API\Writer\Products' writer.
2014-01-18T21:30:11+01:00 INFO mem(real/peak):37.75MB/37.79MB ===> Executing writer process...
2014-01-18T21:34:27+01:00 WARNING mem(real/peak):32.77MB/32.34MB ===> MANUAL EXECUTION: Process '844' was started manually, not by CRON job...
2014-01-18T21:34:27+01:00 INFO mem(real/peak):32.77MB/32.36MB ===> Schedule '844' has been already processed or does not exists.
2014-01-18T21:34:32+01:00 WARNING mem(real/peak):32.77MB/32.35MB ===> MANUAL EXECUTION: Process '844' was started manually, not by CRON job...
2014-01-18T21:34:32+01:00 INFO mem(real/peak):32.77MB/32.37MB ===> ====================== BEGIN (schedule id = 844) ==================
2014-01-18T21:34:32+01:00 INFO mem(real/peak):32.77MB/32.37MB ===> Schedule '844' has been executed.
2014-01-18T21:34:33+01:00 INFO mem(real/peak):32.77MB/32.41MB ===> Report for schedule '844' was saved.
2014-01-18T21:34:33+01:00 INFO mem(real/peak):34.87MB/34.52MB ===> Processing connection 'rakutenTEST'...
2014-01-18T21:34:33+01:00 INFO mem(real/peak):34.87MB/34.52MB ===> Destination: shop
2014-01-18T21:34:33+01:00 INFO mem(real/peak):34.87MB/34.52MB ===> Source input passing to 'Gateway\Handler\Erp\Rakuten\XML\Reader\Products' input.
2014-01-18T21:34:37+01:00 INFO mem(real/peak):37.49MB/37.78MB ===> Passing processed datasource from 'Gateway\Handler\Erp\Rakuten\XML\Reader\Products' to 'Gateway\Handler\Shop\Rakuten\API\Writer\Products' writer.
2014-01-18T21:34:37+01:00 INFO mem(real/peak):37.49MB/37.78MB ===> Executing writer process...
2014-01-18T21:35:05+01:00 WARNING mem(real/peak):32.77MB/32.35MB ===> MANUAL EXECUTION: Process '844' was started manually, not by CRON job...
2014-01-18T21:35:05+01:00 INFO mem(real/peak):32.77MB/32.36MB ===> Schedule '844' has been already processed or does not exists.
2014-01-18T21:35:10+01:00 WARNING mem(real/peak):32.77MB/32.35MB ===> MANUAL EXECUTION: Process '844' was started manually, not by CRON job...
2014-01-18T21:35:10+01:00 INFO mem(real/peak):32.77MB/32.37MB ===> ====================== BEGIN (schedule id = 844) ==================
2014-01-18T21:35:10+01:00 INFO mem(real/peak):32.77MB/32.38MB ===> Schedule '844' has been executed.
2014-01-18T21:35:10+01:00 INFO mem(real/peak):32.77MB/32.41MB ===> Report for schedule '844' was saved.
2014-01-18T21:35:10+01:00 INFO mem(real/peak):34.87MB/34.52MB ===> Processing connection 'rakutenTEST'...
2014-01-18T21:35:10+01:00 INFO mem(real/peak):34.87MB/34.52MB ===> Destination: shop
2014-01-18T21:35:10+01:00 INFO mem(real/peak):34.87MB/34.52MB ===> Source input passing to 'Gateway\Handler\Erp\Rakuten\XML\Reader\Products' input.
2014-01-18T21:35:14+01:00 INFO mem(real/peak):37.49MB/37.77MB ===> Passing processed datasource from 'Gateway\Handler\Erp\Rakuten\XML\Reader\Products' to 'Gateway\Handler\Shop\Rakuten\API\Writer\Products' writer.
2014-01-18T21:35:14+01:00 INFO mem(real/peak):37.49MB/37.77MB ===> Executing writer process...
2014-01-18T21:35:52+01:00 WARNING mem(real/peak):32.77MB/32.35MB ===> MANUAL EXECUTION: Process '844' was started manually, not by CRON job...
2014-01-18T21:35:52+01:00 INFO mem(real/peak):32.77MB/32.37MB ===> Schedule '844' has been already processed or does not exists.
2014-01-18T21:36:00+01:00 WARNING mem(real/peak):32.77MB/32.35MB ===> MANUAL EXECUTION: Process '844' was started manually, not by CRON job...
2014-01-18T21:36:00+01:00 INFO mem(real/peak):32.77MB/32.37MB ===> ====================== BEGIN (schedule id = 844) ==================
2014-01-18T21:36:00+01:00 INFO mem(real/peak):32.77MB/32.38MB ===> Schedule '844' has been executed.
2014-01-18T21:36:00+01:00 INFO mem(real/peak):32.77MB/32.41MB ===> Report for schedule '844' was saved.
2014-01-18T21:36:00+01:00 INFO mem(real/peak):34.87MB/34.52MB ===> Processing connection 'rakutenTEST'...
2014-01-18T21:36:00+01:00 INFO mem(real/peak):34.87MB/34.52MB ===> Destination: shop
2014-01-18T21:36:00+01:00 INFO mem(real/peak):34.87MB/34.52MB ===> Source input passing to 'Gateway\Handler\Erp\Rakuten\XML\Reader\Products' input.
2014-01-18T21:36:04+01:00 INFO mem(real/peak):37.49MB/37.77MB ===> Passing processed datasource from 'Gateway\Handler\Erp\Rakuten\XML\Reader\Products' to 'Gateway\Handler\Shop\Rakuten\API\Writer\Products' writer.
2014-01-18T21:36:04+01:00 INFO mem(real/peak):37.49MB/37.77MB ===> Executing writer process...
2014-01-18T21:37:22+01:00 WARNING mem(real/peak):32.77MB/32.35MB ===> MANUAL EXECUTION: Process '844' was started manually, not by CRON job...
2014-01-18T21:37:22+01:00 INFO mem(real/peak):32.77MB/32.37MB ===> Schedule '844' has been already processed or does not exists.
2014-01-18T21:37:29+01:00 WARNING mem(real/peak):32.77MB/32.35MB ===> MANUAL EXECUTION: Process '844' was started manually, not by CRON job...
2014-01-18T21:37:29+01:00 INFO mem(real/peak):32.77MB/32.37MB ===> ====================== BEGIN (schedule id = 844) ==================
2014-01-18T21:37:29+01:00 INFO mem(real/peak):32.77MB/32.38MB ===> Schedule '844' has been executed.
2014-01-18T21:37:30+01:00 INFO mem(real/peak):32.77MB/32.41MB ===> Report for schedule '844' was saved.
2014-01-18T21:37:30+01:00 INFO mem(real/peak):34.87MB/34.52MB ===> Processing connection 'rakutenTEST'...
2014-01-18T21:37:30+01:00 INFO mem(real/peak):34.87MB/34.52MB ===> Destination: shop
2014-01-18T21:37:30+01:00 INFO mem(real/peak):34.87MB/34.52MB ===> Source input passing to 'Gateway\Handler\Erp\Rakuten\XML\Reader\Products' input.
2014-01-18T21:37:34+01:00 INFO mem(real/peak):37.75MB/37.76MB ===> Passing processed datasource from 'Gateway\Handler\Erp\Rakuten\XML\Reader\Products' to 'Gateway\Handler\Shop\Rakuten\API\Writer\Products' writer.
2014-01-18T21:37:34+01:00 INFO mem(real/peak):37.75MB/37.76MB ===> Executing writer process...
2014-01-18T21:38:28+01:00 WARNING mem(real/peak):32.77MB/32.35MB ===> MANUAL EXECUTION: Process '844' was started manually, not by CRON job...
2014-01-18T21:38:28+01:00 INFO mem(real/peak):32.77MB/32.37MB ===> Schedule '844' has been already processed or does not exists.
2014-01-18T21:38:35+01:00 WARNING mem(real/peak):32.77MB/32.35MB ===> MANUAL EXECUTION: Process '844' was started manually, not by CRON job...
2014-01-18T21:38:35+01:00 INFO mem(real/peak):32.77MB/32.37MB ===> ====================== BEGIN (schedule id = 844) ==================
2014-01-18T21:38:35+01:00 INFO mem(real/peak):32.77MB/32.38MB ===> Schedule '844' has been executed.
2014-01-18T21:38:35+01:00 INFO mem(real/peak):32.77MB/32.41MB ===> Report for schedule '844' was saved.
2014-01-18T21:38:35+01:00 INFO mem(real/peak):34.87MB/34.53MB ===> Processing connection 'rakutenTEST'...
2014-01-18T21:38:35+01:00 INFO mem(real/peak):34.87MB/34.53MB ===> Destination: shop
2014-01-18T21:38:35+01:00 INFO mem(real/peak):34.87MB/34.53MB ===> Source input passing to 'Gateway\Handler\Erp\Rakuten\XML\Reader\Products' input.
2014-01-18T21:38:40+01:00 INFO mem(real/peak):37.75MB/37.76MB ===> Passing processed datasource from 'Gateway\Handler\Erp\Rakuten\XML\Reader\Products' to 'Gateway\Handler\Shop\Rakuten\API\Writer\Products' writer.
2014-01-18T21:38:40+01:00 INFO mem(real/peak):37.75MB/37.76MB ===> Executing writer process...
2014-01-18T21:39:32+01:00 WARNING mem(real/peak):32.77MB/32.35MB ===> MANUAL EXECUTION: Process '844' was started manually, not by CRON job...
2014-01-18T21:39:32+01:00 INFO mem(real/peak):32.77MB/32.37MB ===> Schedule '844' has been already processed or does not exists.
2014-01-18T21:39:36+01:00 WARNING mem(real/peak):32.77MB/32.36MB ===> MANUAL EXECUTION: Process '844' was started manually, not by CRON job...
2014-01-18T21:39:36+01:00 INFO mem(real/peak):32.77MB/32.37MB ===> ====================== BEGIN (schedule id = 844) ==================
2014-01-18T21:39:36+01:00 INFO mem(real/peak):32.77MB/32.38MB ===> Schedule '844' has been executed.
2014-01-18T21:39:36+01:00 INFO mem(real/peak):32.77MB/32.41MB ===> Report for schedule '844' was saved.
2014-01-18T21:39:36+01:00 INFO mem(real/peak):34.87MB/34.53MB ===> Processing connection 'rakutenTEST'...
2014-01-18T21:39:36+01:00 INFO mem(real/peak):34.87MB/34.53MB ===> Destination: shop
2014-01-18T21:39:36+01:00 INFO mem(real/peak):34.87MB/34.53MB ===> Source input passing to 'Gateway\Handler\Erp\Rakuten\XML\Reader\Products' input.
2014-01-18T21:39:41+01:00 INFO mem(real/peak):37.75MB/37.76MB ===> Passing processed datasource from 'Gateway\Handler\Erp\Rakuten\XML\Reader\Products' to 'Gateway\Handler\Shop\Rakuten\API\Writer\Products' writer.
2014-01-18T21:39:41+01:00 INFO mem(real/peak):37.75MB/37.76MB ===> Executing writer process...
2014-01-18T21:40:43+01:00 WARNING mem(real/peak):32.77MB/32.36MB ===> MANUAL EXECUTION: Process '844' was started manually, not by CRON job...
2014-01-18T21:40:43+01:00 INFO mem(real/peak):32.77MB/32.37MB ===> Schedule '844' has been already processed or does not exists.
2014-01-18T21:40:50+01:00 WARNING mem(real/peak):32.77MB/32.36MB ===> MANUAL EXECUTION: Process '844' was started manually, not by CRON job...
2014-01-18T21:40:50+01:00 INFO mem(real/peak):32.77MB/32.38MB ===> ====================== BEGIN (schedule id = 844) ==================
2014-01-18T21:40:50+01:00 INFO mem(real/peak):32.77MB/32.39MB ===> Schedule '844' has been executed.
2014-01-18T21:40:50+01:00 INFO mem(real/peak):32.77MB/32.42MB ===> Report for schedule '844' was saved.
2014-01-18T21:40:50+01:00 INFO mem(real/peak):34.87MB/34.53MB ===> Processing connection 'rakutenTEST'...
2014-01-18T21:40:50+01:00 INFO mem(real/peak):34.87MB/34.53MB ===> Destination: shop
2014-01-18T21:40:50+01:00 INFO mem(real/peak):34.87MB/34.53MB ===> Source input passing to 'Gateway\Handler\Erp\Rakuten\XML\Reader\Products' input.
2014-01-18T21:40:54+01:00 INFO mem(real/peak):37.49MB/37.75MB ===> Passing processed datasource from 'Gateway\Handler\Erp\Rakuten\XML\Reader\Products' to 'Gateway\Handler\Shop\Rakuten\API\Writer\Products' writer.
2014-01-18T21:40:54+01:00 INFO mem(real/peak):37.49MB/37.75MB ===> Executing writer process...
2014-01-18T21:41:12+01:00 WARNING mem(real/peak):32.77MB/32.36MB ===> MANUAL EXECUTION: Process '844' was started manually, not by CRON job...
2014-01-18T21:41:12+01:00 INFO mem(real/peak):32.77MB/32.37MB ===> Schedule '844' has been already processed or does not exists.
2014-01-18T21:41:19+01:00 WARNING mem(real/peak):32.77MB/32.36MB ===> MANUAL EXECUTION: Process '844' was started manually, not by CRON job...
2014-01-18T21:41:19+01:00 INFO mem(real/peak):32.77MB/32.38MB ===> ====================== BEGIN (schedule id = 844) ==================
2014-01-18T21:41:19+01:00 INFO mem(real/peak):32.77MB/32.39MB ===> Schedule '844' has been executed.
2014-01-18T21:41:19+01:00 INFO mem(real/peak):32.77MB/32.42MB ===> Report for schedule '844' was saved.
2014-01-18T21:41:19+01:00 INFO mem(real/peak):34.87MB/34.53MB ===> Processing connection 'rakutenTEST'...
2014-01-18T21:41:19+01:00 INFO mem(real/peak):34.87MB/34.53MB ===> Destination: shop
2014-01-18T21:41:19+01:00 INFO mem(real/peak):34.87MB/34.53MB ===> Source input passing to 'Gateway\Handler\Erp\Rakuten\XML\Reader\Products' input.
2014-01-18T21:41:23+01:00 INFO mem(real/peak):37.49MB/37.75MB ===> Passing processed datasource from 'Gateway\Handler\Erp\Rakuten\XML\Reader\Products' to 'Gateway\Handler\Shop\Rakuten\API\Writer\Products' writer.
2014-01-18T21:41:23+01:00 INFO mem(real/peak):37.49MB/37.75MB ===> Executing writer process...
2014-01-18T21:47:10+01:00 WARNING mem(real/peak):32.77MB/32.36MB ===> MANUAL EXECUTION: Process '844' was started manually, not by CRON job...
2014-01-18T21:47:10+01:00 INFO mem(real/peak):32.77MB/32.38MB ===> Schedule '844' has been already processed or does not exists.
2014-01-18T21:47:16+01:00 WARNING mem(real/peak):32.77MB/32.36MB ===> MANUAL EXECUTION: Process '844' was started manually, not by CRON job...
2014-01-18T21:47:16+01:00 INFO mem(real/peak):32.77MB/32.38MB ===> ====================== BEGIN (schedule id = 844) ==================
2014-01-18T21:47:16+01:00 INFO mem(real/peak):32.77MB/32.39MB ===> Schedule '844' has been executed.
2014-01-18T21:47:16+01:00 INFO mem(real/peak):32.77MB/32.42MB ===> Report for schedule '844' was saved.
2014-01-18T21:47:16+01:00 INFO mem(real/peak):34.87MB/34.53MB ===> Processing connection 'rakutenTEST'...
2014-01-18T21:47:16+01:00 INFO mem(real/peak):34.87MB/34.53MB ===> Destination: shop
2014-01-18T21:47:16+01:00 INFO mem(real/peak):34.87MB/34.53MB ===> Source input passing to 'Gateway\Handler\Erp\Rakuten\XML\Reader\Products' input.
2014-01-18T21:47:20+01:00 INFO mem(real/peak):36.96MB/37.74MB ===> Passing processed datasource from 'Gateway\Handler\Erp\Rakuten\XML\Reader\Products' to 'Gateway\Handler\Shop\Rakuten\API\Writer\Products' writer.
2014-01-18T21:47:20+01:00 INFO mem(real/peak):36.96MB/37.74MB ===> Executing writer process...
2014-01-18T21:47:36+01:00 WARNING mem(real/peak):32.77MB/32.36MB ===> MANUAL EXECUTION: Process '844' was started manually, not by CRON job...
2014-01-18T21:47:36+01:00 INFO mem(real/peak):32.77MB/32.38MB ===> Schedule '844' has been already processed or does not exists.
2014-01-18T21:47:40+01:00 WARNING mem(real/peak):32.77MB/32.36MB ===> MANUAL EXECUTION: Process '844' was started manually, not by CRON job...
2014-01-18T21:47:40+01:00 INFO mem(real/peak):32.77MB/32.38MB ===> ====================== BEGIN (schedule id = 844) ==================
2014-01-18T21:47:40+01:00 INFO mem(real/peak):32.77MB/32.39MB ===> Schedule '844' has been executed.
2014-01-18T21:47:40+01:00 INFO mem(real/peak):32.77MB/32.42MB ===> Report for schedule '844' was saved.
2014-01-18T21:47:41+01:00 INFO mem(real/peak):34.87MB/34.54MB ===> Processing connection 'rakutenTEST'...
2014-01-18T21:47:41+01:00 INFO mem(real/peak):34.87MB/34.54MB ===> Destination: shop
2014-01-18T21:47:41+01:00 INFO mem(real/peak):34.87MB/34.54MB ===> Source input passing to 'Gateway\Handler\Erp\Rakuten\XML\Reader\Products' input.
2014-01-18T21:47:45+01:00 INFO mem(real/peak):36.96MB/37.74MB ===> Passing processed datasource from 'Gateway\Handler\Erp\Rakuten\XML\Reader\Products' to 'Gateway\Handler\Shop\Rakuten\API\Writer\Products' writer.
2014-01-18T21:47:45+01:00 INFO mem(real/peak):36.96MB/37.74MB ===> Executing writer process...
2014-01-18T21:49:18+01:00 WARNING mem(real/peak):32.77MB/32.38MB ===> MANUAL EXECUTION: Process '844' was started manually, not by CRON job...
2014-01-18T21:49:18+01:00 INFO mem(real/peak):32.77MB/32.39MB ===> Schedule '844' has been already processed or does not exists.
2014-01-18T21:49:24+01:00 WARNING mem(real/peak):32.77MB/32.38MB ===> MANUAL EXECUTION: Process '844' was started manually, not by CRON job...
2014-01-18T21:49:24+01:00 INFO mem(real/peak):32.77MB/32.40MB ===> ====================== BEGIN (schedule id = 844) ==================
2014-01-18T21:49:24+01:00 INFO mem(real/peak):32.77MB/32.40MB ===> Schedule '844' has been executed.
2014-01-18T21:49:24+01:00 INFO mem(real/peak):32.77MB/32.44MB ===> Report for schedule '844' was saved.
2014-01-18T21:49:24+01:00 INFO mem(real/peak):34.87MB/34.55MB ===> Processing connection 'rakutenTEST'...
2014-01-18T21:49:24+01:00 INFO mem(real/peak):34.87MB/34.55MB ===> Destination: shop
2014-01-18T21:49:24+01:00 INFO mem(real/peak):34.87MB/34.55MB ===> Source input passing to 'Gateway\Handler\Erp\Rakuten\XML\Reader\Products' input.
2014-01-18T21:49:28+01:00 INFO mem(real/peak):37.22MB/37.75MB ===> Passing processed datasource from 'Gateway\Handler\Erp\Rakuten\XML\Reader\Products' to 'Gateway\Handler\Shop\Rakuten\API\Writer\Products' writer.
2014-01-18T21:49:28+01:00 INFO mem(real/peak):37.22MB/37.75MB ===> Executing writer process...
2014-01-18T21:54:06+01:00 WARNING mem(real/peak):32.77MB/32.37MB ===> MANUAL EXECUTION: Process '844' was started manually, not by CRON job...
2014-01-18T21:54:06+01:00 INFO mem(real/peak):32.77MB/32.38MB ===> Schedule '844' has been already processed or does not exists.
2014-01-18T21:54:11+01:00 WARNING mem(real/peak):32.77MB/32.37MB ===> MANUAL EXECUTION: Process '844' was started manually, not by CRON job...
2014-01-18T21:54:11+01:00 INFO mem(real/peak):32.77MB/32.39MB ===> ====================== BEGIN (schedule id = 844) ==================
2014-01-18T21:54:11+01:00 INFO mem(real/peak):32.77MB/32.40MB ===> Schedule '844' has been executed.
2014-01-18T21:54:11+01:00 INFO mem(real/peak):32.77MB/32.43MB ===> Report for schedule '844' was saved.
2014-01-18T21:54:11+01:00 INFO mem(real/peak):34.87MB/34.54MB ===> Processing connection 'rakutenTEST'...
2014-01-18T21:54:11+01:00 INFO mem(real/peak):34.87MB/34.54MB ===> Destination: shop
2014-01-18T21:54:11+01:00 INFO mem(real/peak):34.87MB/34.54MB ===> Source input passing to 'Gateway\Handler\Erp\Rakuten\XML\Reader\Products' input.
2014-01-18T21:54:16+01:00 INFO mem(real/peak):36.96MB/37.73MB ===> Passing processed datasource from 'Gateway\Handler\Erp\Rakuten\XML\Reader\Products' to 'Gateway\Handler\Shop\Rakuten\API\Writer\Products' writer.
2014-01-18T21:54:16+01:00 INFO mem(real/peak):36.96MB/37.73MB ===> Executing writer process...
2014-01-18T21:54:38+01:00 WARNING mem(real/peak):32.77MB/32.37MB ===> MANUAL EXECUTION: Process '844' was started manually, not by CRON job...
2014-01-18T21:54:38+01:00 INFO mem(real/peak):32.77MB/32.38MB ===> Schedule '844' has been already processed or does not exists.
2014-01-18T21:54:43+01:00 WARNING mem(real/peak):32.77MB/32.37MB ===> MANUAL EXECUTION: Process '844' was started manually, not by CRON job...
2014-01-18T21:54:43+01:00 INFO mem(real/peak):32.77MB/32.39MB ===> ====================== BEGIN (schedule id = 844) ==================
2014-01-18T21:54:43+01:00 INFO mem(real/peak):32.77MB/32.40MB ===> Schedule '844' has been executed.
2014-01-18T21:54:43+01:00 INFO mem(real/peak):32.77MB/32.43MB ===> Report for schedule '844' was saved.
2014-01-18T21:54:43+01:00 INFO mem(real/peak):34.87MB/34.54MB ===> Processing connection 'rakutenTEST'...
2014-01-18T21:54:43+01:00 INFO mem(real/peak):34.87MB/34.54MB ===> Destination: shop
2014-01-18T21:54:43+01:00 INFO mem(real/peak):34.87MB/34.54MB ===> Source input passing to 'Gateway\Handler\Erp\Rakuten\XML\Reader\Products' input.
2014-01-18T21:54:48+01:00 INFO mem(real/peak):36.96MB/37.72MB ===> Passing processed datasource from 'Gateway\Handler\Erp\Rakuten\XML\Reader\Products' to 'Gateway\Handler\Shop\Rakuten\API\Writer\Products' writer.
2014-01-18T21:54:48+01:00 INFO mem(real/peak):36.96MB/37.72MB ===> Executing writer process...
2014-01-18T21:56:39+01:00 WARNING mem(real/peak):32.77MB/32.37MB ===> MANUAL EXECUTION: Process '844' was started manually, not by CRON job...
2014-01-18T21:56:39+01:00 INFO mem(real/peak):32.77MB/32.38MB ===> Schedule '844' has been already processed or does not exists.
2014-01-18T21:56:45+01:00 WARNING mem(real/peak):32.77MB/32.37MB ===> MANUAL EXECUTION: Process '844' was started manually, not by CRON job...
2014-01-18T21:56:45+01:00 INFO mem(real/peak):32.77MB/32.39MB ===> ====================== BEGIN (schedule id = 844) ==================
2014-01-18T21:56:45+01:00 INFO mem(real/peak):32.77MB/32.40MB ===> Schedule '844' has been executed.
2014-01-18T21:56:45+01:00 INFO mem(real/peak):32.77MB/32.43MB ===> Report for schedule '844' was saved.
2014-01-18T21:56:45+01:00 INFO mem(real/peak):34.87MB/34.54MB ===> Processing connection 'rakutenTEST'...
2014-01-18T21:56:45+01:00 INFO mem(real/peak):34.87MB/34.54MB ===> Destination: shop
2014-01-18T21:56:45+01:00 INFO mem(real/peak):34.87MB/34.54MB ===> Source input passing to 'Gateway\Handler\Erp\Rakuten\XML\Reader\Products' input.
2014-01-18T21:56:50+01:00 INFO mem(real/peak):37.22MB/37.71MB ===> Passing processed datasource from 'Gateway\Handler\Erp\Rakuten\XML\Reader\Products' to 'Gateway\Handler\Shop\Rakuten\API\Writer\Products' writer.
2014-01-18T21:56:50+01:00 INFO mem(real/peak):37.22MB/37.71MB ===> Executing writer process...
2014-01-18T21:59:22+01:00 WARNING mem(real/peak):32.77MB/32.37MB ===> MANUAL EXECUTION: Process '844' was started manually, not by CRON job...
2014-01-18T21:59:22+01:00 INFO mem(real/peak):32.77MB/32.39MB ===> Schedule '844' has been already processed or does not exists.
2014-01-18T21:59:27+01:00 WARNING mem(real/peak):32.77MB/32.37MB ===> MANUAL EXECUTION: Process '844' was started manually, not by CRON job...
2014-01-18T21:59:27+01:00 INFO mem(real/peak):32.77MB/32.39MB ===> ====================== BEGIN (schedule id = 844) ==================
2014-01-18T21:59:27+01:00 INFO mem(real/peak):32.77MB/32.40MB ===> Schedule '844' has been executed.
2014-01-18T21:59:28+01:00 INFO mem(real/peak):32.77MB/32.43MB ===> Report for schedule '844' was saved.
2014-01-18T21:59:28+01:00 INFO mem(real/peak):34.87MB/34.54MB ===> Processing connection 'rakutenTEST'...
2014-01-18T21:59:28+01:00 INFO mem(real/peak):34.87MB/34.54MB ===> Destination: shop
2014-01-18T21:59:28+01:00 INFO mem(real/peak):34.87MB/34.54MB ===> Source input passing to 'Gateway\Handler\Erp\Rakuten\XML\Reader\Products' input.
2014-01-18T21:59:32+01:00 INFO mem(real/peak):36.96MB/37.71MB ===> Passing processed datasource from 'Gateway\Handler\Erp\Rakuten\XML\Reader\Products' to 'Gateway\Handler\Shop\Rakuten\API\Writer\Products' writer.
2014-01-18T21:59:32+01:00 INFO mem(real/peak):36.96MB/37.71MB ===> Executing writer process...
