2014-01-20T13:43:03+01:00 WARNING mem(real/peak):32.77MB/32.42MB ===> MANUAL EXECUTION: Process '844' was started manually, not by CRON job...
2014-01-20T13:43:03+01:00 INFO mem(real/peak):32.77MB/32.44MB ===> ====================== BEGIN (schedule id = 844) ==================
2014-01-20T13:43:03+01:00 INFO mem(real/peak):32.77MB/32.45MB ===> Schedule '844' has been executed.
2014-01-20T13:43:04+01:00 INFO mem(real/peak):32.77MB/32.48MB ===> Report for schedule '844' was saved.
2014-01-20T13:43:04+01:00 INFO mem(real/peak):35.13MB/34.59MB ===> Processing connection 'rakutenTEST'...
2014-01-20T13:43:04+01:00 INFO mem(real/peak):35.13MB/34.59MB ===> Destination: shop
2014-01-20T13:43:04+01:00 INFO mem(real/peak):35.13MB/34.59MB ===> Source input passing to 'Gateway\Handler\Erp\Rakuten\XML\Reader\Products' input.
2014-01-20T13:43:47+01:00 WARNING mem(real/peak):32.77MB/32.42MB ===> MANUAL EXECUTION: Process '844' was started manually, not by CRON job...
2014-01-20T13:43:47+01:00 INFO mem(real/peak):32.77MB/32.43MB ===> Schedule '844' has been already processed or does not exists.
2014-01-20T13:43:54+01:00 WARNING mem(real/peak):32.77MB/32.42MB ===> MANUAL EXECUTION: Process '844' was started manually, not by CRON job...
2014-01-20T13:43:54+01:00 INFO mem(real/peak):32.77MB/32.44MB ===> ====================== BEGIN (schedule id = 844) ==================
2014-01-20T13:43:54+01:00 INFO mem(real/peak):32.77MB/32.45MB ===> Schedule '844' has been executed.
2014-01-20T13:43:54+01:00 INFO mem(real/peak):32.77MB/32.48MB ===> Report for schedule '844' was saved.
2014-01-20T13:43:54+01:00 INFO mem(real/peak):35.13MB/34.59MB ===> Processing connection 'rakutenTEST'...
2014-01-20T13:43:54+01:00 INFO mem(real/peak):35.13MB/34.59MB ===> Destination: shop
2014-01-20T13:43:54+01:00 INFO mem(real/peak):35.13MB/34.59MB ===> Source input passing to 'Gateway\Handler\Erp\Rakuten\XML\Reader\Products' input.
2014-01-20T13:44:19+01:00 WARNING mem(real/peak):32.77MB/32.42MB ===> MANUAL EXECUTION: Process '844' was started manually, not by CRON job...
2014-01-20T13:44:19+01:00 INFO mem(real/peak):32.77MB/32.44MB ===> Schedule '844' has been already processed or does not exists.
2014-01-20T13:44:24+01:00 WARNING mem(real/peak):32.77MB/32.42MB ===> MANUAL EXECUTION: Process '844' was started manually, not by CRON job...
2014-01-20T13:44:24+01:00 INFO mem(real/peak):32.77MB/32.44MB ===> ====================== BEGIN (schedule id = 844) ==================
2014-01-20T13:44:24+01:00 INFO mem(real/peak):32.77MB/32.45MB ===> Schedule '844' has been executed.
2014-01-20T13:44:25+01:00 INFO mem(real/peak):32.77MB/32.48MB ===> Report for schedule '844' was saved.
2014-01-20T13:44:25+01:00 INFO mem(real/peak):35.13MB/34.59MB ===> Processing connection 'rakutenTEST'...
2014-01-20T13:44:25+01:00 INFO mem(real/peak):35.13MB/34.59MB ===> Destination: shop
2014-01-20T13:44:25+01:00 INFO mem(real/peak):35.13MB/34.59MB ===> Source input passing to 'Gateway\Handler\Erp\Rakuten\XML\Reader\Products' input.
2014-01-20T13:45:01+01:00 WARNING mem(real/peak):32.77MB/32.42MB ===> MANUAL EXECUTION: Process '844' was started manually, not by CRON job...
2014-01-20T13:45:01+01:00 INFO mem(real/peak):32.77MB/32.44MB ===> Schedule '844' has been already processed or does not exists.
2014-01-20T13:45:05+01:00 WARNING mem(real/peak):32.77MB/32.43MB ===> MANUAL EXECUTION: Process '844' was started manually, not by CRON job...
2014-01-20T13:45:05+01:00 INFO mem(real/peak):32.77MB/32.45MB ===> ====================== BEGIN (schedule id = 844) ==================
2014-01-20T13:45:05+01:00 INFO mem(real/peak):32.77MB/32.45MB ===> Schedule '844' has been executed.
2014-01-20T13:45:05+01:00 INFO mem(real/peak):32.77MB/32.49MB ===> Report for schedule '844' was saved.
2014-01-20T13:45:05+01:00 INFO mem(real/peak):35.13MB/34.60MB ===> Processing connection 'rakutenTEST'...
2014-01-20T13:45:05+01:00 INFO mem(real/peak):35.13MB/34.60MB ===> Destination: shop
2014-01-20T13:45:05+01:00 INFO mem(real/peak):35.13MB/34.60MB ===> Source input passing to 'Gateway\Handler\Erp\Rakuten\XML\Reader\Products' input.
2014-01-20T13:46:01+01:00 WARNING mem(real/peak):32.77MB/32.42MB ===> MANUAL EXECUTION: Process '844' was started manually, not by CRON job...
2014-01-20T13:46:01+01:00 INFO mem(real/peak):32.77MB/32.44MB ===> Schedule '844' has been already processed or does not exists.
2014-01-20T13:46:06+01:00 WARNING mem(real/peak):32.77MB/32.43MB ===> MANUAL EXECUTION: Process '844' was started manually, not by CRON job...
2014-01-20T13:46:06+01:00 INFO mem(real/peak):32.77MB/32.44MB ===> ====================== BEGIN (schedule id = 844) ==================
2014-01-20T13:46:06+01:00 INFO mem(real/peak):32.77MB/32.45MB ===> Schedule '844' has been executed.
2014-01-20T13:46:06+01:00 INFO mem(real/peak):32.77MB/32.48MB ===> Report for schedule '844' was saved.
2014-01-20T13:46:06+01:00 INFO mem(real/peak):35.13MB/34.60MB ===> Processing connection 'rakutenTEST'...
2014-01-20T13:46:06+01:00 INFO mem(real/peak):35.13MB/34.60MB ===> Destination: shop
2014-01-20T13:46:06+01:00 INFO mem(real/peak):35.13MB/34.60MB ===> Source input passing to 'Gateway\Handler\Erp\Rakuten\XML\Reader\Products' input.
2014-01-20T13:47:54+01:00 WARNING mem(real/peak):32.77MB/32.42MB ===> MANUAL EXECUTION: Process '844' was started manually, not by CRON job...
2014-01-20T13:47:54+01:00 INFO mem(real/peak):32.77MB/32.44MB ===> Schedule '844' has been already processed or does not exists.
2014-01-20T13:47:58+01:00 WARNING mem(real/peak):32.77MB/32.43MB ===> MANUAL EXECUTION: Process '844' was started manually, not by CRON job...
2014-01-20T13:47:58+01:00 INFO mem(real/peak):32.77MB/32.45MB ===> ====================== BEGIN (schedule id = 844) ==================
2014-01-20T13:47:58+01:00 INFO mem(real/peak):32.77MB/32.45MB ===> Schedule '844' has been executed.
2014-01-20T13:47:58+01:00 INFO mem(real/peak):32.77MB/32.49MB ===> Report for schedule '844' was saved.
2014-01-20T13:47:58+01:00 INFO mem(real/peak):35.13MB/34.60MB ===> Processing connection 'rakutenTEST'...
2014-01-20T13:47:58+01:00 INFO mem(real/peak):35.13MB/34.60MB ===> Destination: shop
2014-01-20T13:47:58+01:00 INFO mem(real/peak):35.13MB/34.60MB ===> Source input passing to 'Gateway\Handler\Erp\Rakuten\XML\Reader\Products' input.
2014-01-20T13:49:12+01:00 WARNING mem(real/peak):32.77MB/32.43MB ===> MANUAL EXECUTION: Process '844' was started manually, not by CRON job...
2014-01-20T13:49:12+01:00 INFO mem(real/peak):32.77MB/32.44MB ===> Schedule '844' has been already processed or does not exists.
2014-01-20T13:49:17+01:00 WARNING mem(real/peak):32.77MB/32.43MB ===> MANUAL EXECUTION: Process '844' was started manually, not by CRON job...
2014-01-20T13:49:17+01:00 INFO mem(real/peak):32.77MB/32.45MB ===> ====================== BEGIN (schedule id = 844) ==================
2014-01-20T13:49:17+01:00 INFO mem(real/peak):32.77MB/32.46MB ===> Schedule '844' has been executed.
2014-01-20T13:49:17+01:00 INFO mem(real/peak):32.77MB/32.49MB ===> Report for schedule '844' was saved.
2014-01-20T13:49:17+01:00 INFO mem(real/peak):35.13MB/34.60MB ===> Processing connection 'rakutenTEST'...
2014-01-20T13:49:17+01:00 INFO mem(real/peak):35.13MB/34.60MB ===> Destination: shop
2014-01-20T13:49:17+01:00 INFO mem(real/peak):35.13MB/34.60MB ===> Source input passing to 'Gateway\Handler\Erp\Rakuten\XML\Reader\Products' input.
2014-01-20T13:53:43+01:00 WARNING mem(real/peak):36.18MB/35.77MB ===> MANUAL EXECUTION: Process '844' was started manually, not by CRON job...
2014-01-20T13:53:43+01:00 INFO mem(real/peak):36.18MB/35.78MB ===> Schedule '844' has been already processed or does not exists.
2014-01-20T13:53:49+01:00 WARNING mem(real/peak):33.03MB/32.69MB ===> MANUAL EXECUTION: Process '844' was started manually, not by CRON job...
2014-01-20T13:53:49+01:00 INFO mem(real/peak):33.03MB/32.70MB ===> ====================== BEGIN (schedule id = 844) ==================
2014-01-20T13:53:49+01:00 INFO mem(real/peak):33.03MB/32.71MB ===> Schedule '844' has been executed.
2014-01-20T13:53:50+01:00 INFO mem(real/peak):33.03MB/32.74MB ===> Report for schedule '844' was saved.
2014-01-20T13:53:50+01:00 INFO mem(real/peak):35.39MB/34.85MB ===> Processing connection 'rakutenTEST'...
2014-01-20T13:53:50+01:00 INFO mem(real/peak):35.39MB/34.85MB ===> Destination: shop
2014-01-20T13:53:50+01:00 INFO mem(real/peak):35.39MB/34.85MB ===> Source input passing to 'Gateway\Handler\Erp\Rakuten\XML\Reader\Products' input.
